<?xml version="1.0" encoding="utf-8" standalone="no"?>
<!--This file represents the results of running a test suite-->
<test-results name="D:\JENKINS\jobs\ermeXv1.0\workspace\FrameworkVersion\4.0\Platform\x64\v1.0\Build\ScriptsBuild\..\BuildArtifacts\Binaries\4.0\x64\Release\ermeX.Tests.Bus.Listening.dll" total="382" errors="0" failures="0" not-run="36" inconclusive="7" ignored="36" skipped="0" invalid="0" date="2013-01-19" time="14:04:37">
  <environment nunit-version="2.5.6.10205" clr-version="2.0.50727.5466" os-version="Microsoft Windows NT 6.1.7601 Service Pack 1" platform="Win32NT" cwd="D:\JENKINS\jobs\ermeXv1.0\workspace\FrameworkVersion\4.0\Platform\x64\v1.0\Build\ScriptsBuild" machine-name="MIGUEL-PC" user="SYSTEM" user-domain="WORKGROUP" />
  <culture-info current-culture="es-ES" current-uiculture="es-ES" />
  <test-suite type="Test Project" name="" executed="True" result="Success" success="True" time="1579.737" asserts="0">
    <results>
      <test-suite type="Assembly" name="D:\JENKINS\jobs\ermeXv1.0\workspace\FrameworkVersion\4.0\Platform\x64\v1.0\Build\ScriptsBuild\..\BuildArtifacts\Binaries\4.0\x64\Release\ermeX.Tests.Bus.Listening.dll" executed="True" result="Success" success="True" time="13.057" asserts="0">
        <results>
          <test-suite type="Namespace" name="ermeX" executed="True" result="Success" success="True" time="13.042" asserts="0">
            <results>
              <test-suite type="Namespace" name="Tests" executed="True" result="Success" success="True" time="13.026" asserts="0">
                <results>
                  <test-suite type="Namespace" name="Bus" executed="True" result="Success" success="True" time="13.026" asserts="0">
                    <results>
                      <test-suite type="Namespace" name="Listening" executed="True" result="Success" success="True" time="13.010" asserts="0">
                        <results>
                          <test-suite type="Namespace" name="Handlers" executed="True" result="Success" success="True" time="13.010" asserts="0">
                            <results>
                              <test-suite type="Namespace" name="InternalMessageHandling" executed="True" result="Success" success="True" time="12.995" asserts="0">
                                <results>
                                  <test-suite type="TestFixture" name="ReceptionMessageHandlerTester" executed="True" result="Success" success="True" time="11.060" asserts="0">
                                    <results>
                                      <test-suite type="ParameterizedTest" name="Can_Handle_Message" executed="True" result="Success" success="True" time="10.764" asserts="0">
                                        <results>
                                          <test-case name="ermeX.Tests.Bus.Listening.Handlers.InternalMessageHandling.ReceptionMessageHandlerTester.Can_Handle_Message(SqliteInMemory)" executed="True" result="Success" success="True" time="10.748" asserts="4" />
                                        </results>
                                      </test-suite>
                                      <test-suite type="ParameterizedTest" name="Enqueues_NonDistributedMessages_OnStartUp" executed="True" result="Success" success="True" time="0.031" asserts="0">
                                        <results>
                                          <test-case name="ermeX.Tests.Bus.Listening.Handlers.InternalMessageHandling.ReceptionMessageHandlerTester.Enqueues_NonDistributedMessages_OnStartUp(SqliteInMemory)" executed="True" result="Success" success="True" time="0.031" asserts="2" />
                                        </results>
                                      </test-suite>
                                    </results>
                                  </test-suite>
                                  <test-suite type="Namespace" name="WorkflowHandlers" executed="True" result="Success" success="True" time="1.919" asserts="0">
                                    <results>
                                      <test-suite type="TestFixture" name="QueueDispatcherManagerTester" executed="True" result="Success" success="True" time="1.622" asserts="0">
                                        <results>
                                          <test-suite type="ParameterizedTest" name="Can_DeliverMany_Messages_OrderedByGeneration" executed="True" result="Success" success="True" time="1.529" asserts="0">
                                            <results>
                                              <test-case name="ermeX.Tests.Bus.Listening.Handlers.InternalMessageHandling.WorkflowHandlers.QueueDispatcherManagerTester.Can_DeliverMany_Messages_OrderedByGeneration(SqliteInMemory)" executed="True" result="Success" success="True" time="1.529" asserts="52" />
                                            </results>
                                          </test-suite>
                                          <test-suite type="ParameterizedTest" name="Can_DeliverRespecting_Latency" executed="False" result="Ignored">
                                            <reason>
                                              <message><![CDATA[This class will be upgraded ASAP. Its not worth to test more with the current resources]]></message>
                                            </reason>
                                            <results>
                                              <test-case name="ermeX.Tests.Bus.Listening.Handlers.InternalMessageHandling.WorkflowHandlers.QueueDispatcherManagerTester.Can_DeliverRespecting_Latency(SqliteInMemory)" executed="False" result="Ignored">
                                                <reason>
                                                  <message><![CDATA[This class will be upgraded ASAP. Its not worth to test more with the current resources]]></message>
                                                </reason>
                                              </test-case>
                                            </results>
                                          </test-suite>
                                          <test-suite type="ParameterizedTest" name="Can_Dispatch_Messages" executed="True" result="Success" success="True" time="0.016" asserts="0">
                                            <results>
                                              <test-case name="ermeX.Tests.Bus.Listening.Handlers.InternalMessageHandling.WorkflowHandlers.QueueDispatcherManagerTester.Can_Dispatch_Messages(SqliteInMemory)" executed="True" result="Success" success="True" time="0.016" asserts="4" />
                                            </results>
                                          </test-suite>
                                          <test-suite type="ParameterizedTest" name="Removes_Dispatched_Messages" executed="False" result="Ignored">
                                            <reason>
                                              <message><![CDATA[Its covered implicitly in other test cases]]></message>
                                            </reason>
                                            <results>
                                              <test-case name="ermeX.Tests.Bus.Listening.Handlers.InternalMessageHandling.WorkflowHandlers.QueueDispatcherManagerTester.Removes_Dispatched_Messages(SqliteInMemory)" executed="False" result="Ignored">
                                                <reason>
                                                  <message><![CDATA[Its covered implicitly in other test cases]]></message>
                                                </reason>
                                              </test-case>
                                            </results>
                                          </test-suite>
                                          <test-suite type="ParameterizedTest" name="Retries_Failed_Messages" executed="True" result="Success" success="True" time="0.031" asserts="0">
                                            <results>
                                              <test-case name="ermeX.Tests.Bus.Listening.Handlers.InternalMessageHandling.WorkflowHandlers.QueueDispatcherManagerTester.Retries_Failed_Messages(SqliteInMemory)" executed="True" result="Success" success="True" time="0.031" asserts="5" />
                                            </results>
                                          </test-suite>
                                          <test-suite type="ParameterizedTest" name="When_Disposed_Removes_ScheduledJobs" executed="False" result="Ignored">
                                            <reason>
                                              <message><![CDATA[This class will be upgraded ASAP. Its not worth to test more with the current resources]]></message>
                                            </reason>
                                            <results>
                                              <test-case name="ermeX.Tests.Bus.Listening.Handlers.InternalMessageHandling.WorkflowHandlers.QueueDispatcherManagerTester.When_Disposed_Removes_ScheduledJobs(SqliteInMemory)" executed="False" result="Ignored">
                                                <reason>
                                                  <message><![CDATA[This class will be upgraded ASAP. Its not worth to test more with the current resources]]></message>
                                                </reason>
                                              </test-case>
                                            </results>
                                          </test-suite>
                                        </results>
                                      </test-suite>
                                      <test-suite type="TestFixture" name="ReceptionMessageDistributorTester" executed="True" result="Success" success="True" time="0.296" asserts="0">
                                        <results>
                                          <test-suite type="ParameterizedTest" name="Can_Distribute_Messages" executed="True" result="Success" success="True" time="0.172" asserts="0">
                                            <results>
                                              <test-case name="ermeX.Tests.Bus.Listening.Handlers.InternalMessageHandling.WorkflowHandlers.ReceptionMessageDistributorTester.Can_Distribute_Messages(SqliteInMemory)" executed="True" result="Success" success="True" time="0.172" asserts="5" />
                                            </results>
                                          </test-suite>
                                          <test-suite type="ParameterizedTest" name="Enqueues_NonDeliveredMessages_OnStartUp" executed="True" result="Success" success="True" time="0.031" asserts="0">
                                            <results>
                                              <test-case name="ermeX.Tests.Bus.Listening.Handlers.InternalMessageHandling.WorkflowHandlers.ReceptionMessageDistributorTester.Enqueues_NonDeliveredMessages_OnStartUp(SqliteInMemory)" executed="True" result="Success" success="True" time="0.031" asserts="5" />
                                            </results>
                                          </test-suite>
                                          <test-suite type="ParameterizedTest" name="Removes_Source_Message_Once_Distributed" executed="False" result="Ignored">
                                            <reason>
                                              <message><![CDATA[Tehre are assertions in the other tests to probe this]]></message>
                                            </reason>
                                            <results>
                                              <test-case name="ermeX.Tests.Bus.Listening.Handlers.InternalMessageHandling.WorkflowHandlers.ReceptionMessageDistributorTester.Removes_Source_Message_Once_Distributed(SqliteInMemory)" executed="False" result="Ignored">
                                                <reason>
                                                  <message><![CDATA[Tehre are assertions in the other tests to probe this]]></message>
                                                </reason>
                                              </test-case>
                                            </results>
                                          </test-suite>
                                          <test-suite type="ParameterizedTest" name="When_Subscribed_ToBase_Type_Will_DistributeIt_Correctly" executed="True" result="Success" success="True" time="0.047" asserts="0">
                                            <results>
                                              <test-case name="ermeX.Tests.Bus.Listening.Handlers.InternalMessageHandling.WorkflowHandlers.ReceptionMessageDistributorTester.When_Subscribed_ToBase_Type_Will_DistributeIt_Correctly(SqliteInMemory)" executed="True" result="Success" success="True" time="0.047" asserts="5" />
                                            </results>
                                          </test-suite>
                                          <test-suite type="ParameterizedTest" name="When_Subscribed_ToConcrete_Type_Will_DistributeIt_Correctly" executed="True" result="Success" success="True" time="0.031" asserts="0">
                                            <results>
                                              <test-case name="ermeX.Tests.Bus.Listening.Handlers.InternalMessageHandling.WorkflowHandlers.ReceptionMessageDistributorTester.When_Subscribed_ToConcrete_Type_Will_DistributeIt_Correctly(SqliteInMemory)" executed="True" result="Success" success="True" time="0.031" asserts="5" />
                                            </results>
                                          </test-suite>
                                        </results>
                                      </test-suite>
                                    </results>
                                  </test-suite>
                                </results>
                              </test-suite>
                            </results>
                          </test-suite>
                        </results>
                      </test-suite>
                    </results>
                  </test-suite>
                </results>
              </test-suite>
            </results>
          </test-suite>
        </results>
      </test-suite>
      <test-suite type="Assembly" name="D:\JENKINS\jobs\ermeXv1.0\workspace\FrameworkVersion\4.0\Platform\x64\v1.0\Build\ScriptsBuild\..\BuildArtifacts\Binaries\4.0\x64\Release\ermeX.Tests.Bus.Publishing.dll" executed="True" result="Success" success="True" time="47.440" asserts="0">
        <results>
          <test-suite type="Namespace" name="ermeX" executed="True" result="Success" success="True" time="47.408" asserts="0">
            <results>
              <test-suite type="Namespace" name="Tests" executed="True" result="Success" success="True" time="47.408" asserts="0">
                <results>
                  <test-suite type="Namespace" name="Bus" executed="True" result="Success" success="True" time="47.393" asserts="0">
                    <results>
                      <test-suite type="Namespace" name="Publishing" executed="True" result="Success" success="True" time="47.393" asserts="0">
                        <results>
                          <test-suite type="Namespace" name="Dispatching" executed="True" result="Success" success="True" time="47.377" asserts="0">
                            <results>
                              <test-suite type="Namespace" name="Messages" executed="True" result="Success" success="True" time="47.377" asserts="0">
                                <results>
                                  <test-suite type="TestFixture" name="MessageCollectorTester" executed="True" result="Success" success="True" time="9.578" asserts="0">
                                    <results>
                                      <test-suite type="ParameterizedTest" name="CanDispatchMessage" executed="True" result="Success" success="True" time="8.767" asserts="0">
                                        <results>
                                          <test-case name="ermeX.Tests.Bus.Publishing.Dispatching.Messages.MessageCollectorTester.CanDispatchMessage(SqliteInMemory)" executed="True" result="Success" success="True" time="8.752" asserts="5" />
                                        </results>
                                      </test-suite>
                                      <test-suite type="ParameterizedTest" name="ComponentStopsOnDisposal" executed="True" result="Success" success="True" time="0.016" asserts="0">
                                        <results>
                                          <test-case name="ermeX.Tests.Bus.Publishing.Dispatching.Messages.MessageCollectorTester.ComponentStopsOnDisposal(SqliteInMemory)" executed="True" result="Success" success="True" time="0.016" asserts="1" />
                                        </results>
                                      </test-suite>
                                      <test-suite type="ParameterizedTest" name="RemovesExpiredItems" executed="True" result="Success" success="True" time="0.343" asserts="0">
                                        <results>
                                          <test-case name="ermeX.Tests.Bus.Publishing.Dispatching.Messages.MessageCollectorTester.RemovesExpiredItems(SqliteInMemory)" executed="True" result="Success" success="True" time="0.343" asserts="2" />
                                        </results>
                                      </test-suite>
                                      <test-suite type="ParameterizedTest" name="SendsExistingItemsOnStart" executed="True" result="Success" success="True" time="0.016" asserts="0">
                                        <results>
                                          <test-case name="ermeX.Tests.Bus.Publishing.Dispatching.Messages.MessageCollectorTester.SendsExistingItemsOnStart(SqliteInMemory)" executed="True" result="Success" success="True" time="0.016" asserts="3" />
                                        </results>
                                      </test-suite>
                                    </results>
                                  </test-suite>
                                  <test-suite type="TestFixture" name="MessageDistributorTester" executed="True" result="Success" success="True" time="15.288" asserts="0">
                                    <results>
                                      <test-suite type="ParameterizedTest" name="CanDispatch_NotSentMessage" executed="True" result="Success" success="True" time="0.562" asserts="0">
                                        <results>
                                          <test-case name="ermeX.Tests.Bus.Publishing.Dispatching.Messages.MessageDistributorTester.CanDispatch_NotSentMessage(SqliteInMemory)" executed="True" result="Success" success="True" time="0.562" asserts="12" />
                                        </results>
                                      </test-suite>
                                      <test-suite type="ParameterizedTest" name="DontDispatchSentMessage" executed="True" result="Success" success="True" time="14.726" asserts="0">
                                        <results>
                                          <test-case name="ermeX.Tests.Bus.Publishing.Dispatching.Messages.MessageDistributorTester.DontDispatchSentMessage(SqliteInMemory)" executed="True" result="Success" success="True" time="14.726" asserts="4" />
                                        </results>
                                      </test-suite>
                                    </results>
                                  </test-suite>
                                  <test-suite type="TestFixture" name="MessageSubscriberDispatcherTester" executed="True" result="Success" success="True" time="22.511" asserts="0">
                                    <results>
                                      <test-suite type="ParameterizedTest" name="AfterSend_Items_MarksThemAsSent" executed="True" result="Success" success="True" time="0.265" asserts="0">
                                        <results>
                                          <test-case name="ermeX.Tests.Bus.Publishing.Dispatching.Messages.MessageSubscriberDispatcherTester.AfterSend_Items_MarksThemAsSent(SqliteInMemory)" executed="True" result="Success" success="True" time="0.265" asserts="1" />
                                        </results>
                                      </test-suite>
                                      <test-suite type="ParameterizedTest" name="DontSend_Expired_Items" executed="True" result="Success" success="True" time="5.023" asserts="0">
                                        <results>
                                          <test-case name="ermeX.Tests.Bus.Publishing.Dispatching.Messages.MessageSubscriberDispatcherTester.DontSend_Expired_Items(SqliteInMemory)" executed="True" result="Success" success="True" time="5.023" asserts="2" />
                                        </results>
                                      </test-suite>
                                      <test-suite type="ParameterizedTest" name="RestoresPending_MessagesFrom_PreviousSessions_OnStartUp" executed="True" result="Success" success="True" time="0.156" asserts="0">
                                        <results>
                                          <test-case name="ermeX.Tests.Bus.Publishing.Dispatching.Messages.MessageSubscriberDispatcherTester.RestoresPending_MessagesFrom_PreviousSessions_OnStartUp(SqliteInMemory)" executed="True" result="Success" success="True" time="0.156" asserts="2" />
                                        </results>
                                      </test-suite>
                                      <test-suite type="ParameterizedTest" name="SendsEnqueued_Items" executed="True" result="Success" success="True" time="0.016" asserts="0">
                                        <results>
                                          <test-case name="ermeX.Tests.Bus.Publishing.Dispatching.Messages.MessageSubscriberDispatcherTester.SendsEnqueued_Items(SqliteInMemory)" executed="True" result="Success" success="True" time="0.016" asserts="2" />
                                        </results>
                                      </test-suite>
                                      <test-suite type="ParameterizedTest" name="WhenSend_Fails_Increases_Tries_And_ReEnqueuesItem" executed="True" result="Success" success="True" time="17.020" asserts="0">
                                        <results>
                                          <test-case name="ermeX.Tests.Bus.Publishing.Dispatching.Messages.MessageSubscriberDispatcherTester.WhenSend_Fails_Increases_Tries_And_ReEnqueuesItem(SqliteInMemory)" executed="True" result="Success" success="True" time="17.020" asserts="3" />
                                        </results>
                                      </test-suite>
                                    </results>
                                  </test-suite>
                                </results>
                              </test-suite>
                            </results>
                          </test-suite>
                        </results>
                      </test-suite>
                    </results>
                  </test-suite>
                </results>
              </test-suite>
            </results>
          </test-suite>
        </results>
      </test-suite>
      <test-suite type="Assembly" name="D:\JENKINS\jobs\ermeXv1.0\workspace\FrameworkVersion\4.0\Platform\x64\v1.0\Build\ScriptsBuild\..\BuildArtifacts\Binaries\4.0\x64\Release\ermeX.Tests.Common.dll" executed="False" result="NotRunnable">
        <reason>
          <message><![CDATA[Has no TestFixtures]]></message>
        </reason>
      </test-suite>
      <test-suite type="Assembly" name="D:\JENKINS\jobs\ermeXv1.0\workspace\FrameworkVersion\4.0\Platform\x64\v1.0\Build\ScriptsBuild\..\BuildArtifacts\Binaries\4.0\x64\Release\ermeX.Tests.DAL.Integration.dll" executed="True" result="Success" success="True" time="490.402" asserts="0">
        <results>
          <test-suite type="Namespace" name="ermeX" executed="True" result="Success" success="True" time="490.340" asserts="0">
            <results>
              <test-suite type="Namespace" name="Tests" executed="True" result="Success" success="True" time="490.278" asserts="0">
                <results>
                  <test-suite type="Namespace" name="DAL" executed="True" result="Success" success="True" time="490.215" asserts="0">
                    <results>
                      <test-suite type="Namespace" name="Integration" executed="True" result="Success" success="True" time="490.153" asserts="0">
                        <results>
                          <test-suite type="Namespace" name="DataSources" executed="True" result="Success" success="True" time="490.137" asserts="0">
                            <results>
                              <test-suite type="TestFixture" name="AppComponentDataSourceTester" executed="True" result="Success" success="True" time="140.463" asserts="0">
                                <results>
                                  <test-suite type="ParameterizedTest" name="CanAddRecord" executed="True" result="Success" success="True" time="89.451" asserts="0">
                                    <results>
                                      <test-case name="ermeX.Tests.DAL.Integration.DataSources.AppComponentDataSourceTester.CanAddRecord(SqlServer2008)" executed="True" result="Success" success="True" time="44.242" asserts="2" />
                                      <test-case name="ermeX.Tests.DAL.Integration.DataSources.AppComponentDataSourceTester.CanAddRecord(Sqlite)" executed="True" result="Success" success="True" time="44.054" asserts="2" />
                                      <test-case name="ermeX.Tests.DAL.Integration.DataSources.AppComponentDataSourceTester.CanAddRecord(SqliteInMemory)" executed="True" result="Success" success="True" time="1.154" asserts="2" />
                                    </results>
                                  </test-suite>
                                  <test-suite type="ParameterizedTest" name="CanDelete" executed="True" result="Success" success="True" time="4.664" asserts="0">
                                    <results>
                                      <test-case name="ermeX.Tests.DAL.Integration.DataSources.AppComponentDataSourceTester.CanDelete(SqlServer2008)" executed="True" result="Success" success="True" time="1.498" asserts="2" />
                                      <test-case name="ermeX.Tests.DAL.Integration.DataSources.AppComponentDataSourceTester.CanDelete(Sqlite)" executed="True" result="Success" success="True" time="1.654" asserts="2" />
                                      <test-case name="ermeX.Tests.DAL.Integration.DataSources.AppComponentDataSourceTester.CanDelete(SqliteInMemory)" executed="True" result="Success" success="True" time="1.513" asserts="2" />
                                    </results>
                                  </test-suite>
                                  <test-suite type="ParameterizedTest" name="CanDeleteByProperty" executed="True" result="Success" success="True" time="5.585" asserts="0">
                                    <results>
                                      <test-case name="ermeX.Tests.DAL.Integration.DataSources.AppComponentDataSourceTester.CanDeleteByProperty(SqlServer2008)" executed="True" result="Success" success="True" time="2.309" asserts="2" />
                                      <test-case name="ermeX.Tests.DAL.Integration.DataSources.AppComponentDataSourceTester.CanDeleteByProperty(Sqlite)" executed="True" result="Success" success="True" time="1.794" asserts="2" />
                                      <test-case name="ermeX.Tests.DAL.Integration.DataSources.AppComponentDataSourceTester.CanDeleteByProperty(SqliteInMemory)" executed="True" result="Success" success="True" time="1.482" asserts="2" />
                                    </results>
                                  </test-suite>
                                  <test-suite type="ParameterizedTest" name="CanGetByComponentId" executed="True" result="Success" success="True" time="4.306" asserts="0">
                                    <results>
                                      <test-case name="ermeX.Tests.DAL.Integration.DataSources.AppComponentDataSourceTester.CanGetByComponentId(SqlServer2008)" executed="True" result="Success" success="True" time="1.700" asserts="4" />
                                      <test-case name="ermeX.Tests.DAL.Integration.DataSources.AppComponentDataSourceTester.CanGetByComponentId(Sqlite)" executed="True" result="Success" success="True" time="1.248" asserts="4" />
                                      <test-case name="ermeX.Tests.DAL.Integration.DataSources.AppComponentDataSourceTester.CanGetByComponentId(SqliteInMemory)" executed="True" result="Success" success="True" time="1.357" asserts="4" />
                                    </results>
                                  </test-suite>
                                  <test-suite type="ParameterizedTest" name="CanGetById" executed="True" result="Success" success="True" time="4.352" asserts="0">
                                    <results>
                                      <test-case name="ermeX.Tests.DAL.Integration.DataSources.AppComponentDataSourceTester.CanGetById(SqlServer2008)" executed="True" result="Success" success="True" time="1.248" asserts="3" />
                                      <test-case name="ermeX.Tests.DAL.Integration.DataSources.AppComponentDataSourceTester.CanGetById(Sqlite)" executed="True" result="Success" success="True" time="1.638" asserts="3" />
                                      <test-case name="ermeX.Tests.DAL.Integration.DataSources.AppComponentDataSourceTester.CanGetById(SqliteInMemory)" executed="True" result="Success" success="True" time="1.466" asserts="3" />
                                    </results>
                                  </test-suite>
                                  <test-suite type="ParameterizedTest" name="CanUpdateExchanger" executed="True" result="Success" success="True" time="4.430" asserts="0">
                                    <results>
                                      <test-case name="ermeX.Tests.DAL.Integration.DataSources.AppComponentDataSourceTester.CanUpdateExchanger(SqlServer2008)" executed="True" result="Success" success="True" time="1.529" asserts="5" />
                                      <test-case name="ermeX.Tests.DAL.Integration.DataSources.AppComponentDataSourceTester.CanUpdateExchanger(Sqlite)" executed="True" result="Success" success="True" time="1.591" asserts="5" />
                                      <test-case name="ermeX.Tests.DAL.Integration.DataSources.AppComponentDataSourceTester.CanUpdateExchanger(SqliteInMemory)" executed="True" result="Success" success="True" time="1.310" asserts="5" />
                                    </results>
                                  </test-suite>
                                  <test-suite type="ParameterizedTest" name="CanUpdateRecord" executed="True" result="Success" success="True" time="5.148" asserts="0">
                                    <results>
                                      <test-case name="ermeX.Tests.DAL.Integration.DataSources.AppComponentDataSourceTester.CanUpdateRecord(SqlServer2008)" executed="True" result="Success" success="True" time="1.888" asserts="1" />
                                      <test-case name="ermeX.Tests.DAL.Integration.DataSources.AppComponentDataSourceTester.CanUpdateRecord(Sqlite)" executed="True" result="Success" success="True" time="1.841" asserts="1" />
                                      <test-case name="ermeX.Tests.DAL.Integration.DataSources.AppComponentDataSourceTester.CanUpdateRecord(SqliteInMemory)" executed="True" result="Success" success="True" time="1.420" asserts="1" />
                                    </results>
                                  </test-suite>
                                  <test-suite type="ParameterizedTest" name="Doesnt_Update_When_Version_Is_Older_Than_Current" executed="True" result="Success" success="True" time="4.524" asserts="0">
                                    <results>
                                      <test-case name="ermeX.Tests.DAL.Integration.DataSources.AppComponentDataSourceTester.Doesnt_Update_When_Version_Is_Older_Than_Current(SqlServer2008)" executed="True" result="Success" success="True" time="1.404" asserts="2" />
                                      <test-case name="ermeX.Tests.DAL.Integration.DataSources.AppComponentDataSourceTester.Doesnt_Update_When_Version_Is_Older_Than_Current(Sqlite)" executed="True" result="Success" success="True" time="1.544" asserts="2" />
                                      <test-case name="ermeX.Tests.DAL.Integration.DataSources.AppComponentDataSourceTester.Doesnt_Update_When_Version_Is_Older_Than_Current(SqliteInMemory)" executed="True" result="Success" success="True" time="1.576" asserts="2" />
                                    </results>
                                  </test-suite>
                                  <test-suite type="ParameterizedTest" name="DontChange_Version_When_IsFromOtherComponent" executed="True" result="Success" success="True" time="4.259" asserts="0">
                                    <results>
                                      <test-case name="ermeX.Tests.DAL.Integration.DataSources.AppComponentDataSourceTester.DontChange_Version_When_IsFromOtherComponent(SqlServer2008)" executed="True" result="Success" success="True" time="1.451" asserts="2" />
                                      <test-case name="ermeX.Tests.DAL.Integration.DataSources.AppComponentDataSourceTester.DontChange_Version_When_IsFromOtherComponent(Sqlite)" executed="True" result="Success" success="True" time="1.747" asserts="2" />
                                      <test-case name="ermeX.Tests.DAL.Integration.DataSources.AppComponentDataSourceTester.DontChange_Version_When_IsFromOtherComponent(SqliteInMemory)" executed="True" result="Success" success="True" time="1.061" asserts="2" />
                                    </results>
                                  </test-suite>
                                  <test-suite type="ParameterizedTest" name="SetsVersion_When_New" executed="True" result="Success" success="True" time="5.569" asserts="0">
                                    <results>
                                      <test-case name="ermeX.Tests.DAL.Integration.DataSources.AppComponentDataSourceTester.SetsVersion_When_New(SqlServer2008)" executed="True" result="Success" success="True" time="1.217" asserts="4" />
                                      <test-case name="ermeX.Tests.DAL.Integration.DataSources.AppComponentDataSourceTester.SetsVersion_When_New(Sqlite)" executed="True" result="Success" success="True" time="2.824" asserts="4" />
                                      <test-case name="ermeX.Tests.DAL.Integration.DataSources.AppComponentDataSourceTester.SetsVersion_When_New(SqliteInMemory)" executed="True" result="Success" success="True" time="1.513" asserts="4" />
                                    </results>
                                  </test-suite>
                                  <test-suite type="ParameterizedTest" name="Updates_Version_When_Existing_With_Local" executed="True" result="Success" success="True" time="5.008" asserts="0">
                                    <results>
                                      <test-case name="ermeX.Tests.DAL.Integration.DataSources.AppComponentDataSourceTester.Updates_Version_When_Existing_With_Local(SqlServer2008)" executed="True" result="Success" success="True" time="1.513" asserts="3" />
                                      <test-case name="ermeX.Tests.DAL.Integration.DataSources.AppComponentDataSourceTester.Updates_Version_When_Existing_With_Local(Sqlite)" executed="True" result="Success" success="True" time="2.044" asserts="3" />
                                      <test-case name="ermeX.Tests.DAL.Integration.DataSources.AppComponentDataSourceTester.Updates_Version_When_Existing_With_Local(SqliteInMemory)" executed="True" result="Success" success="True" time="1.451" asserts="3" />
                                    </results>
                                  </test-suite>
                                </results>
                              </test-suite>
                              <test-suite type="TestFixture" name="ChunkedServiceRequestMessageDataSourceTester" executed="True" result="Success" success="True" time="46.129" asserts="0">
                                <results>
                                  <test-suite type="ParameterizedTest" name="CanAddRecord" executed="True" result="Success" success="True" time="6.692" asserts="0">
                                    <results>
                                      <test-case name="ermeX.Tests.DAL.Integration.DataSources.ChunkedServiceRequestMessageDataSourceTester.CanAddRecord(SqlServer2008)" executed="True" result="Success" success="True" time="3.089" asserts="2" />
                                      <test-case name="ermeX.Tests.DAL.Integration.DataSources.ChunkedServiceRequestMessageDataSourceTester.CanAddRecord(Sqlite)" executed="True" result="Success" success="True" time="2.231" asserts="2" />
                                      <test-case name="ermeX.Tests.DAL.Integration.DataSources.ChunkedServiceRequestMessageDataSourceTester.CanAddRecord(SqliteInMemory)" executed="True" result="Success" success="True" time="1.373" asserts="2" />
                                    </results>
                                  </test-suite>
                                  <test-suite type="ParameterizedTest" name="CanDelete" executed="True" result="Success" success="True" time="5.382" asserts="0">
                                    <results>
                                      <test-case name="ermeX.Tests.DAL.Integration.DataSources.ChunkedServiceRequestMessageDataSourceTester.CanDelete(SqlServer2008)" executed="True" result="Success" success="True" time="1.654" asserts="2" />
                                      <test-case name="ermeX.Tests.DAL.Integration.DataSources.ChunkedServiceRequestMessageDataSourceTester.CanDelete(Sqlite)" executed="True" result="Success" success="True" time="2.059" asserts="2" />
                                      <test-case name="ermeX.Tests.DAL.Integration.DataSources.ChunkedServiceRequestMessageDataSourceTester.CanDelete(SqliteInMemory)" executed="True" result="Success" success="True" time="1.669" asserts="2" />
                                    </results>
                                  </test-suite>
                                  <test-suite type="ParameterizedTest" name="CanDeleteByProperty" executed="True" result="Success" success="True" time="4.976" asserts="0">
                                    <results>
                                      <test-case name="ermeX.Tests.DAL.Integration.DataSources.ChunkedServiceRequestMessageDataSourceTester.CanDeleteByProperty(SqlServer2008)" executed="True" result="Success" success="True" time="1.607" asserts="2" />
                                      <test-case name="ermeX.Tests.DAL.Integration.DataSources.ChunkedServiceRequestMessageDataSourceTester.CanDeleteByProperty(Sqlite)" executed="True" result="Success" success="True" time="1.841" asserts="2" />
                                      <test-case name="ermeX.Tests.DAL.Integration.DataSources.ChunkedServiceRequestMessageDataSourceTester.CanDeleteByProperty(SqliteInMemory)" executed="True" result="Success" success="True" time="1.513" asserts="2" />
                                    </results>
                                  </test-suite>
                                  <test-suite type="ParameterizedTest" name="CanGetById" executed="True" result="Success" success="True" time="4.930" asserts="0">
                                    <results>
                                      <test-case name="ermeX.Tests.DAL.Integration.DataSources.ChunkedServiceRequestMessageDataSourceTester.CanGetById(SqlServer2008)" executed="True" result="Success" success="True" time="1.482" asserts="7" />
                                      <test-case name="ermeX.Tests.DAL.Integration.DataSources.ChunkedServiceRequestMessageDataSourceTester.CanGetById(Sqlite)" executed="True" result="Success" success="True" time="1.950" asserts="7" />
                                      <test-case name="ermeX.Tests.DAL.Integration.DataSources.ChunkedServiceRequestMessageDataSourceTester.CanGetById(SqliteInMemory)" executed="True" result="Success" success="True" time="1.498" asserts="7" />
                                    </results>
                                  </test-suite>
                                  <test-suite type="ParameterizedTest" name="CanUpdateRecord" executed="True" result="Success" success="True" time="5.273" asserts="0">
                                    <results>
                                      <test-case name="ermeX.Tests.DAL.Integration.DataSources.ChunkedServiceRequestMessageDataSourceTester.CanUpdateRecord(SqlServer2008)" executed="True" result="Success" success="True" time="1.404" asserts="1" />
                                      <test-case name="ermeX.Tests.DAL.Integration.DataSources.ChunkedServiceRequestMessageDataSourceTester.CanUpdateRecord(Sqlite)" executed="True" result="Success" success="True" time="1.888" asserts="1" />
                                      <test-case name="ermeX.Tests.DAL.Integration.DataSources.ChunkedServiceRequestMessageDataSourceTester.CanUpdateRecord(SqliteInMemory)" executed="True" result="Success" success="True" time="1.981" asserts="1" />
                                    </results>
                                  </test-suite>
                                  <test-suite type="ParameterizedTest" name="DontChange_Version_When_IsFromOtherComponent" executed="True" result="Success" success="True" time="4.914" asserts="0">
                                    <results>
                                      <test-case name="ermeX.Tests.DAL.Integration.DataSources.ChunkedServiceRequestMessageDataSourceTester.DontChange_Version_When_IsFromOtherComponent(SqlServer2008)" executed="True" result="Success" success="True" time="1.919" asserts="2" />
                                      <test-case name="ermeX.Tests.DAL.Integration.DataSources.ChunkedServiceRequestMessageDataSourceTester.DontChange_Version_When_IsFromOtherComponent(Sqlite)" executed="True" result="Success" success="True" time="1.513" asserts="2" />
                                      <test-case name="ermeX.Tests.DAL.Integration.DataSources.ChunkedServiceRequestMessageDataSourceTester.DontChange_Version_When_IsFromOtherComponent(SqliteInMemory)" executed="True" result="Success" success="True" time="1.482" asserts="2" />
                                    </results>
                                  </test-suite>
                                  <test-suite type="ParameterizedTest" name="SetsVersion_When_New" executed="True" result="Success" success="True" time="5.210" asserts="0">
                                    <results>
                                      <test-case name="ermeX.Tests.DAL.Integration.DataSources.ChunkedServiceRequestMessageDataSourceTester.SetsVersion_When_New(SqlServer2008)" executed="True" result="Success" success="True" time="1.310" asserts="4" />
                                      <test-case name="ermeX.Tests.DAL.Integration.DataSources.ChunkedServiceRequestMessageDataSourceTester.SetsVersion_When_New(Sqlite)" executed="True" result="Success" success="True" time="1.841" asserts="4" />
                                      <test-case name="ermeX.Tests.DAL.Integration.DataSources.ChunkedServiceRequestMessageDataSourceTester.SetsVersion_When_New(SqliteInMemory)" executed="True" result="Success" success="True" time="2.059" asserts="4" />
                                    </results>
                                  </test-suite>
                                  <test-suite type="ParameterizedTest" name="Updates_Version_When_Existing_With_Local" executed="True" result="Success" success="True" time="5.678" asserts="0">
                                    <results>
                                      <test-case name="ermeX.Tests.DAL.Integration.DataSources.ChunkedServiceRequestMessageDataSourceTester.Updates_Version_When_Existing_With_Local(SqlServer2008)" executed="True" result="Success" success="True" time="1.560" asserts="3" />
                                      <test-case name="ermeX.Tests.DAL.Integration.DataSources.ChunkedServiceRequestMessageDataSourceTester.Updates_Version_When_Existing_With_Local(Sqlite)" executed="True" result="Success" success="True" time="1.919" asserts="3" />
                                      <test-case name="ermeX.Tests.DAL.Integration.DataSources.ChunkedServiceRequestMessageDataSourceTester.Updates_Version_When_Existing_With_Local(SqliteInMemory)" executed="True" result="Success" success="True" time="2.200" asserts="3" />
                                    </results>
                                  </test-suite>
                                </results>
                              </test-suite>
                              <test-suite type="TestFixture" name="ConnectivityDetailsDataSourceTester" executed="True" result="Success" success="True" time="54.179" asserts="0">
                                <results>
                                  <test-suite type="ParameterizedTest" name="CanAddRecord" executed="True" result="Success" success="True" time="8.065" asserts="0">
                                    <results>
                                      <test-case name="ermeX.Tests.DAL.Integration.DataSources.ConnectivityDetailsDataSourceTester.CanAddRecord(SqlServer2008)" executed="True" result="Success" success="True" time="4.290" asserts="2" />
                                      <test-case name="ermeX.Tests.DAL.Integration.DataSources.ConnectivityDetailsDataSourceTester.CanAddRecord(Sqlite)" executed="True" result="Success" success="True" time="2.293" asserts="2" />
                                      <test-case name="ermeX.Tests.DAL.Integration.DataSources.ConnectivityDetailsDataSourceTester.CanAddRecord(SqliteInMemory)" executed="True" result="Success" success="True" time="1.482" asserts="2" />
                                    </results>
                                  </test-suite>
                                  <test-suite type="ParameterizedTest" name="CanDelete" executed="True" result="Success" success="True" time="5.132" asserts="0">
                                    <results>
                                      <test-case name="ermeX.Tests.DAL.Integration.DataSources.ConnectivityDetailsDataSourceTester.CanDelete(SqlServer2008)" executed="True" result="Success" success="True" time="1.435" asserts="2" />
                                      <test-case name="ermeX.Tests.DAL.Integration.DataSources.ConnectivityDetailsDataSourceTester.CanDelete(Sqlite)" executed="True" result="Success" success="True" time="2.293" asserts="2" />
                                      <test-case name="ermeX.Tests.DAL.Integration.DataSources.ConnectivityDetailsDataSourceTester.CanDelete(SqliteInMemory)" executed="True" result="Success" success="True" time="1.404" asserts="2" />
                                    </results>
                                  </test-suite>
                                  <test-suite type="ParameterizedTest" name="CanDeleteByProperty" executed="True" result="Success" success="True" time="5.273" asserts="0">
                                    <results>
                                      <test-case name="ermeX.Tests.DAL.Integration.DataSources.ConnectivityDetailsDataSourceTester.CanDeleteByProperty(SqlServer2008)" executed="True" result="Success" success="True" time="1.794" asserts="2" />
                                      <test-case name="ermeX.Tests.DAL.Integration.DataSources.ConnectivityDetailsDataSourceTester.CanDeleteByProperty(Sqlite)" executed="True" result="Success" success="True" time="1.872" asserts="2" />
                                      <test-case name="ermeX.Tests.DAL.Integration.DataSources.ConnectivityDetailsDataSourceTester.CanDeleteByProperty(SqliteInMemory)" executed="True" result="Success" success="True" time="1.607" asserts="2" />
                                    </results>
                                  </test-suite>
                                  <test-suite type="ParameterizedTest" name="CanGetById" executed="True" result="Success" success="True" time="4.914" asserts="0">
                                    <results>
                                      <test-case name="ermeX.Tests.DAL.Integration.DataSources.ConnectivityDetailsDataSourceTester.CanGetById(SqlServer2008)" executed="True" result="Success" success="True" time="1.529" asserts="4" />
                                      <test-case name="ermeX.Tests.DAL.Integration.DataSources.ConnectivityDetailsDataSourceTester.CanGetById(Sqlite)" executed="True" result="Success" success="True" time="1.997" asserts="4" />
                                      <test-case name="ermeX.Tests.DAL.Integration.DataSources.ConnectivityDetailsDataSourceTester.CanGetById(SqliteInMemory)" executed="True" result="Success" success="True" time="1.388" asserts="4" />
                                    </results>
                                  </test-suite>
                                  <test-suite type="ParameterizedTest" name="CanUpdateRecord" executed="True" result="Success" success="True" time="5.179" asserts="0">
                                    <results>
                                      <test-case name="ermeX.Tests.DAL.Integration.DataSources.ConnectivityDetailsDataSourceTester.CanUpdateRecord(SqlServer2008)" executed="True" result="Success" success="True" time="1.388" asserts="1" />
                                      <test-case name="ermeX.Tests.DAL.Integration.DataSources.ConnectivityDetailsDataSourceTester.CanUpdateRecord(Sqlite)" executed="True" result="Success" success="True" time="2.371" asserts="1" />
                                      <test-case name="ermeX.Tests.DAL.Integration.DataSources.ConnectivityDetailsDataSourceTester.CanUpdateRecord(SqliteInMemory)" executed="True" result="Success" success="True" time="1.420" asserts="1" />
                                    </results>
                                  </test-suite>
                                  <test-suite type="ParameterizedTest" name="Doesnt_Update_When_Version_Is_Older_Than_Current" executed="True" result="Success" success="True" time="4.820" asserts="0">
                                    <results>
                                      <test-case name="ermeX.Tests.DAL.Integration.DataSources.ConnectivityDetailsDataSourceTester.Doesnt_Update_When_Version_Is_Older_Than_Current(SqlServer2008)" executed="True" result="Success" success="True" time="1.919" asserts="2" />
                                      <test-case name="ermeX.Tests.DAL.Integration.DataSources.ConnectivityDetailsDataSourceTester.Doesnt_Update_When_Version_Is_Older_Than_Current(Sqlite)" executed="True" result="Success" success="True" time="1.700" asserts="2" />
                                      <test-case name="ermeX.Tests.DAL.Integration.DataSources.ConnectivityDetailsDataSourceTester.Doesnt_Update_When_Version_Is_Older_Than_Current(SqliteInMemory)" executed="True" result="Success" success="True" time="1.201" asserts="2" />
                                    </results>
                                  </test-suite>
                                  <test-suite type="ParameterizedTest" name="DontChange_Version_When_IsFromOtherComponent" executed="True" result="Success" success="True" time="6.755" asserts="0">
                                    <results>
                                      <test-case name="ermeX.Tests.DAL.Integration.DataSources.ConnectivityDetailsDataSourceTester.DontChange_Version_When_IsFromOtherComponent(SqlServer2008)" executed="True" result="Success" success="True" time="2.293" asserts="2" />
                                      <test-case name="ermeX.Tests.DAL.Integration.DataSources.ConnectivityDetailsDataSourceTester.DontChange_Version_When_IsFromOtherComponent(Sqlite)" executed="True" result="Success" success="True" time="2.933" asserts="2" />
                                      <test-case name="ermeX.Tests.DAL.Integration.DataSources.ConnectivityDetailsDataSourceTester.DontChange_Version_When_IsFromOtherComponent(SqliteInMemory)" executed="True" result="Success" success="True" time="1.529" asserts="2" />
                                    </results>
                                  </test-suite>
                                  <test-suite type="ParameterizedTest" name="SetsVersion_When_New" executed="True" result="Success" success="True" time="4.696" asserts="0">
                                    <results>
                                      <test-case name="ermeX.Tests.DAL.Integration.DataSources.ConnectivityDetailsDataSourceTester.SetsVersion_When_New(SqlServer2008)" executed="True" result="Success" success="True" time="1.232" asserts="4" />
                                      <test-case name="ermeX.Tests.DAL.Integration.DataSources.ConnectivityDetailsDataSourceTester.SetsVersion_When_New(Sqlite)" executed="True" result="Success" success="True" time="1.732" asserts="4" />
                                      <test-case name="ermeX.Tests.DAL.Integration.DataSources.ConnectivityDetailsDataSourceTester.SetsVersion_When_New(SqliteInMemory)" executed="True" result="Success" success="True" time="1.732" asserts="4" />
                                    </results>
                                  </test-suite>
                                  <test-suite type="ParameterizedTest" name="Updates_Version_When_Existing_With_Local" executed="True" result="Success" success="True" time="5.725" asserts="0">
                                    <results>
                                      <test-case name="ermeX.Tests.DAL.Integration.DataSources.ConnectivityDetailsDataSourceTester.Updates_Version_When_Existing_With_Local(SqlServer2008)" executed="True" result="Success" success="True" time="2.028" asserts="3" />
                                      <test-case name="ermeX.Tests.DAL.Integration.DataSources.ConnectivityDetailsDataSourceTester.Updates_Version_When_Existing_With_Local(Sqlite)" executed="True" result="Success" success="True" time="2.044" asserts="3" />
                                      <test-case name="ermeX.Tests.DAL.Integration.DataSources.ConnectivityDetailsDataSourceTester.Updates_Version_When_Existing_With_Local(SqliteInMemory)" executed="True" result="Success" success="True" time="1.654" asserts="3" />
                                    </results>
                                  </test-suite>
                                </results>
                              </test-suite>
                              <test-suite type="TestFixture" name="IncomingMessageDataSourceTester" executed="True" result="Success" success="True" time="48.563" asserts="0">
                                <results>
                                  <test-suite type="ParameterizedTest" name="CanAddRecord" executed="True" result="Success" success="True" time="7.613" asserts="0">
                                    <results>
                                      <test-case name="ermeX.Tests.DAL.Integration.DataSources.IncomingMessageDataSourceTester.CanAddRecord(SqlServer2008)" executed="True" result="Success" success="True" time="3.947" asserts="2" />
                                      <test-case name="ermeX.Tests.DAL.Integration.DataSources.IncomingMessageDataSourceTester.CanAddRecord(Sqlite)" executed="True" result="Success" success="True" time="2.309" asserts="2" />
                                      <test-case name="ermeX.Tests.DAL.Integration.DataSources.IncomingMessageDataSourceTester.CanAddRecord(SqliteInMemory)" executed="True" result="Success" success="True" time="1.342" asserts="2" />
                                    </results>
                                  </test-suite>
                                  <test-suite type="ParameterizedTest" name="CanDelete" executed="True" result="Success" success="True" time="5.803" asserts="0">
                                    <results>
                                      <test-case name="ermeX.Tests.DAL.Integration.DataSources.IncomingMessageDataSourceTester.CanDelete(SqlServer2008)" executed="True" result="Success" success="True" time="1.591" asserts="2" />
                                      <test-case name="ermeX.Tests.DAL.Integration.DataSources.IncomingMessageDataSourceTester.CanDelete(Sqlite)" executed="True" result="Success" success="True" time="2.122" asserts="2" />
                                      <test-case name="ermeX.Tests.DAL.Integration.DataSources.IncomingMessageDataSourceTester.CanDelete(SqliteInMemory)" executed="True" result="Success" success="True" time="2.090" asserts="2" />
                                    </results>
                                  </test-suite>
                                  <test-suite type="ParameterizedTest" name="CanDeleteByProperty" executed="True" result="Success" success="True" time="5.382" asserts="0">
                                    <results>
                                      <test-case name="ermeX.Tests.DAL.Integration.DataSources.IncomingMessageDataSourceTester.CanDeleteByProperty(SqlServer2008)" executed="True" result="Success" success="True" time="1.700" asserts="2" />
                                      <test-case name="ermeX.Tests.DAL.Integration.DataSources.IncomingMessageDataSourceTester.CanDeleteByProperty(Sqlite)" executed="True" result="Success" success="True" time="2.184" asserts="2" />
                                      <test-case name="ermeX.Tests.DAL.Integration.DataSources.IncomingMessageDataSourceTester.CanDeleteByProperty(SqliteInMemory)" executed="True" result="Success" success="True" time="1.482" asserts="2" />
                                    </results>
                                  </test-suite>
                                  <test-suite type="ParameterizedTest" name="CanGetById" executed="True" result="Success" success="True" time="5.554" asserts="0">
                                    <results>
                                      <test-case name="ermeX.Tests.DAL.Integration.DataSources.IncomingMessageDataSourceTester.CanGetById(SqlServer2008)" executed="True" result="Success" success="True" time="1.685" asserts="8" />
                                      <test-case name="ermeX.Tests.DAL.Integration.DataSources.IncomingMessageDataSourceTester.CanGetById(Sqlite)" executed="True" result="Success" success="True" time="2.387" asserts="8" />
                                      <test-case name="ermeX.Tests.DAL.Integration.DataSources.IncomingMessageDataSourceTester.CanGetById(SqliteInMemory)" executed="True" result="Success" success="True" time="1.482" asserts="8" />
                                    </results>
                                  </test-suite>
                                  <test-suite type="ParameterizedTest" name="CanUpdateRecord" executed="True" result="Success" success="True" time="5.195" asserts="0">
                                    <results>
                                      <test-case name="ermeX.Tests.DAL.Integration.DataSources.IncomingMessageDataSourceTester.CanUpdateRecord(SqlServer2008)" executed="True" result="Success" success="True" time="1.856" asserts="1" />
                                      <test-case name="ermeX.Tests.DAL.Integration.DataSources.IncomingMessageDataSourceTester.CanUpdateRecord(Sqlite)" executed="True" result="Success" success="True" time="1.950" asserts="1" />
                                      <test-case name="ermeX.Tests.DAL.Integration.DataSources.IncomingMessageDataSourceTester.CanUpdateRecord(SqliteInMemory)" executed="True" result="Success" success="True" time="1.388" asserts="1" />
                                    </results>
                                  </test-suite>
                                  <test-suite type="ParameterizedTest" name="DontChange_Version_When_IsFromOtherComponent" executed="True" result="Success" success="True" time="4.976" asserts="0">
                                    <results>
                                      <test-case name="ermeX.Tests.DAL.Integration.DataSources.IncomingMessageDataSourceTester.DontChange_Version_When_IsFromOtherComponent(SqlServer2008)" executed="True" result="Success" success="True" time="1.716" asserts="2" />
                                      <test-case name="ermeX.Tests.DAL.Integration.DataSources.IncomingMessageDataSourceTester.DontChange_Version_When_IsFromOtherComponent(Sqlite)" executed="True" result="Success" success="True" time="2.106" asserts="2" />
                                      <test-case name="ermeX.Tests.DAL.Integration.DataSources.IncomingMessageDataSourceTester.DontChange_Version_When_IsFromOtherComponent(SqliteInMemory)" executed="True" result="Success" success="True" time="1.154" asserts="2" />
                                    </results>
                                  </test-suite>
                                  <test-suite type="ParameterizedTest" name="SetsVersion_When_New" executed="True" result="Success" success="True" time="5.195" asserts="0">
                                    <results>
                                      <test-case name="ermeX.Tests.DAL.Integration.DataSources.IncomingMessageDataSourceTester.SetsVersion_When_New(SqlServer2008)" executed="True" result="Success" success="True" time="1.248" asserts="4" />
                                      <test-case name="ermeX.Tests.DAL.Integration.DataSources.IncomingMessageDataSourceTester.SetsVersion_When_New(Sqlite)" executed="True" result="Success" success="True" time="2.137" asserts="4" />
                                      <test-case name="ermeX.Tests.DAL.Integration.DataSources.IncomingMessageDataSourceTester.SetsVersion_When_New(SqliteInMemory)" executed="True" result="Success" success="True" time="1.810" asserts="4" />
                                    </results>
                                  </test-suite>
                                  <test-suite type="ParameterizedTest" name="Updates_Version_When_Existing_With_Local" executed="True" result="Success" success="True" time="5.725" asserts="0">
                                    <results>
                                      <test-case name="ermeX.Tests.DAL.Integration.DataSources.IncomingMessageDataSourceTester.Updates_Version_When_Existing_With_Local(SqlServer2008)" executed="True" result="Success" success="True" time="1.794" asserts="3" />
                                      <test-case name="ermeX.Tests.DAL.Integration.DataSources.IncomingMessageDataSourceTester.Updates_Version_When_Existing_With_Local(Sqlite)" executed="True" result="Success" success="True" time="2.340" asserts="3" />
                                      <test-case name="ermeX.Tests.DAL.Integration.DataSources.IncomingMessageDataSourceTester.Updates_Version_When_Existing_With_Local(SqliteInMemory)" executed="True" result="Success" success="True" time="1.560" asserts="3" />
                                    </results>
                                  </test-suite>
                                </results>
                              </test-suite>
                              <test-suite type="TestFixture" name="IncomingMessageSuscriptionsSourceTester" executed="True" result="Success" success="True" time="49.093" asserts="0">
                                <results>
                                  <test-suite type="ParameterizedTest" name="CanAddRecord" executed="True" result="Success" success="True" time="7.332" asserts="0">
                                    <results>
                                      <test-case name="ermeX.Tests.DAL.Integration.DataSources.IncomingMessageSuscriptionsSourceTester.CanAddRecord(SqlServer2008)" executed="True" result="Success" success="True" time="3.884" asserts="2" />
                                      <test-case name="ermeX.Tests.DAL.Integration.DataSources.IncomingMessageSuscriptionsSourceTester.CanAddRecord(Sqlite)" executed="True" result="Success" success="True" time="2.106" asserts="2" />
                                      <test-case name="ermeX.Tests.DAL.Integration.DataSources.IncomingMessageSuscriptionsSourceTester.CanAddRecord(SqliteInMemory)" executed="True" result="Success" success="True" time="1.326" asserts="2" />
                                    </results>
                                  </test-suite>
                                  <test-suite type="ParameterizedTest" name="CanDelete" executed="True" result="Success" success="True" time="5.444" asserts="0">
                                    <results>
                                      <test-case name="ermeX.Tests.DAL.Integration.DataSources.IncomingMessageSuscriptionsSourceTester.CanDelete(SqlServer2008)" executed="True" result="Success" success="True" time="1.342" asserts="2" />
                                      <test-case name="ermeX.Tests.DAL.Integration.DataSources.IncomingMessageSuscriptionsSourceTester.CanDelete(Sqlite)" executed="True" result="Success" success="True" time="2.714" asserts="2" />
                                      <test-case name="ermeX.Tests.DAL.Integration.DataSources.IncomingMessageSuscriptionsSourceTester.CanDelete(SqliteInMemory)" executed="True" result="Success" success="True" time="1.388" asserts="2" />
                                    </results>
                                  </test-suite>
                                  <test-suite type="ParameterizedTest" name="CanDeleteByProperty" executed="True" result="Success" success="True" time="5.585" asserts="0">
                                    <results>
                                      <test-case name="ermeX.Tests.DAL.Integration.DataSources.IncomingMessageSuscriptionsSourceTester.CanDeleteByProperty(SqlServer2008)" executed="True" result="Success" success="True" time="1.810" asserts="2" />
                                      <test-case name="ermeX.Tests.DAL.Integration.DataSources.IncomingMessageSuscriptionsSourceTester.CanDeleteByProperty(Sqlite)" executed="True" result="Success" success="True" time="2.137" asserts="2" />
                                      <test-case name="ermeX.Tests.DAL.Integration.DataSources.IncomingMessageSuscriptionsSourceTester.CanDeleteByProperty(SqliteInMemory)" executed="True" result="Success" success="True" time="1.638" asserts="2" />
                                    </results>
                                  </test-suite>
                                  <test-suite type="ParameterizedTest" name="CanGetById" executed="True" result="Success" success="True" time="4.930" asserts="0">
                                    <results>
                                      <test-case name="ermeX.Tests.DAL.Integration.DataSources.IncomingMessageSuscriptionsSourceTester.CanGetById(SqlServer2008)" executed="True" result="Success" success="True" time="1.732" asserts="6" />
                                      <test-case name="ermeX.Tests.DAL.Integration.DataSources.IncomingMessageSuscriptionsSourceTester.CanGetById(Sqlite)" executed="True" result="Success" success="True" time="1.778" asserts="6" />
                                      <test-case name="ermeX.Tests.DAL.Integration.DataSources.IncomingMessageSuscriptionsSourceTester.CanGetById(SqliteInMemory)" executed="True" result="Success" success="True" time="1.404" asserts="6" />
                                    </results>
                                  </test-suite>
                                  <test-suite type="ParameterizedTest" name="CanUpdateRecord" executed="True" result="Success" success="True" time="5.491" asserts="0">
                                    <results>
                                      <test-case name="ermeX.Tests.DAL.Integration.DataSources.IncomingMessageSuscriptionsSourceTester.CanUpdateRecord(SqlServer2008)" executed="True" result="Success" success="True" time="1.576" asserts="1" />
                                      <test-case name="ermeX.Tests.DAL.Integration.DataSources.IncomingMessageSuscriptionsSourceTester.CanUpdateRecord(Sqlite)" executed="True" result="Success" success="True" time="2.371" asserts="1" />
                                      <test-case name="ermeX.Tests.DAL.Integration.DataSources.IncomingMessageSuscriptionsSourceTester.CanUpdateRecord(SqliteInMemory)" executed="True" result="Success" success="True" time="1.544" asserts="1" />
                                    </results>
                                  </test-suite>
                                  <test-suite type="ParameterizedTest" name="DontChange_Version_When_IsFromOtherComponent" executed="True" result="Success" success="True" time="4.274" asserts="0">
                                    <results>
                                      <test-case name="ermeX.Tests.DAL.Integration.DataSources.IncomingMessageSuscriptionsSourceTester.DontChange_Version_When_IsFromOtherComponent(SqlServer2008)" executed="True" result="Success" success="True" time="1.357" asserts="2" />
                                      <test-case name="ermeX.Tests.DAL.Integration.DataSources.IncomingMessageSuscriptionsSourceTester.DontChange_Version_When_IsFromOtherComponent(Sqlite)" executed="True" result="Success" success="True" time="1.638" asserts="2" />
                                      <test-case name="ermeX.Tests.DAL.Integration.DataSources.IncomingMessageSuscriptionsSourceTester.DontChange_Version_When_IsFromOtherComponent(SqliteInMemory)" executed="True" result="Success" success="True" time="1.279" asserts="2" />
                                    </results>
                                  </test-suite>
                                  <test-suite type="ParameterizedTest" name="SetsVersion_When_New" executed="True" result="Success" success="True" time="6.053" asserts="0">
                                    <results>
                                      <test-case name="ermeX.Tests.DAL.Integration.DataSources.IncomingMessageSuscriptionsSourceTester.SetsVersion_When_New(SqlServer2008)" executed="True" result="Success" success="True" time="1.872" asserts="4" />
                                      <test-case name="ermeX.Tests.DAL.Integration.DataSources.IncomingMessageSuscriptionsSourceTester.SetsVersion_When_New(Sqlite)" executed="True" result="Success" success="True" time="2.356" asserts="4" />
                                      <test-case name="ermeX.Tests.DAL.Integration.DataSources.IncomingMessageSuscriptionsSourceTester.SetsVersion_When_New(SqliteInMemory)" executed="True" result="Success" success="True" time="1.825" asserts="4" />
                                    </results>
                                  </test-suite>
                                  <test-suite type="ParameterizedTest" name="Updates_Version_When_Existing_With_Local" executed="True" result="Success" success="True" time="5.569" asserts="0">
                                    <results>
                                      <test-case name="ermeX.Tests.DAL.Integration.DataSources.IncomingMessageSuscriptionsSourceTester.Updates_Version_When_Existing_With_Local(SqlServer2008)" executed="True" result="Success" success="True" time="1.373" asserts="3" />
                                      <test-case name="ermeX.Tests.DAL.Integration.DataSources.IncomingMessageSuscriptionsSourceTester.Updates_Version_When_Existing_With_Local(Sqlite)" executed="True" result="Success" success="True" time="2.480" asserts="3" />
                                      <test-case name="ermeX.Tests.DAL.Integration.DataSources.IncomingMessageSuscriptionsSourceTester.Updates_Version_When_Existing_With_Local(SqliteInMemory)" executed="True" result="Success" success="True" time="1.716" asserts="3" />
                                    </results>
                                  </test-suite>
                                </results>
                              </test-suite>
                              <test-suite type="TestFixture" name="OutgoingMessageDataSourceTester" executed="True" result="Success" success="True" time="46.644" asserts="0">
                                <results>
                                  <test-suite type="ParameterizedTest" name="CanAddRecord" executed="True" result="Success" success="True" time="6.677" asserts="0">
                                    <results>
                                      <test-case name="ermeX.Tests.DAL.Integration.DataSources.OutgoingMessageDataSourceTester.CanAddRecord(SqlServer2008)" executed="True" result="Success" success="True" time="2.917" asserts="2" />
                                      <test-case name="ermeX.Tests.DAL.Integration.DataSources.OutgoingMessageDataSourceTester.CanAddRecord(Sqlite)" executed="True" result="Success" success="True" time="2.293" asserts="2" />
                                      <test-case name="ermeX.Tests.DAL.Integration.DataSources.OutgoingMessageDataSourceTester.CanAddRecord(SqliteInMemory)" executed="True" result="Success" success="True" time="1.466" asserts="2" />
                                    </results>
                                  </test-suite>
                                  <test-suite type="ParameterizedTest" name="CanDelete" executed="True" result="Success" success="True" time="5.288" asserts="0">
                                    <results>
                                      <test-case name="ermeX.Tests.DAL.Integration.DataSources.OutgoingMessageDataSourceTester.CanDelete(SqlServer2008)" executed="True" result="Success" success="True" time="1.778" asserts="2" />
                                      <test-case name="ermeX.Tests.DAL.Integration.DataSources.OutgoingMessageDataSourceTester.CanDelete(Sqlite)" executed="True" result="Success" success="True" time="2.075" asserts="2" />
                                      <test-case name="ermeX.Tests.DAL.Integration.DataSources.OutgoingMessageDataSourceTester.CanDelete(SqliteInMemory)" executed="True" result="Success" success="True" time="1.435" asserts="2" />
                                    </results>
                                  </test-suite>
                                  <test-suite type="ParameterizedTest" name="CanDeleteByProperty" executed="True" result="Success" success="True" time="5.335" asserts="0">
                                    <results>
                                      <test-case name="ermeX.Tests.DAL.Integration.DataSources.OutgoingMessageDataSourceTester.CanDeleteByProperty(SqlServer2008)" executed="True" result="Success" success="True" time="1.607" asserts="2" />
                                      <test-case name="ermeX.Tests.DAL.Integration.DataSources.OutgoingMessageDataSourceTester.CanDeleteByProperty(Sqlite)" executed="True" result="Success" success="True" time="2.215" asserts="2" />
                                      <test-case name="ermeX.Tests.DAL.Integration.DataSources.OutgoingMessageDataSourceTester.CanDeleteByProperty(SqliteInMemory)" executed="True" result="Success" success="True" time="1.498" asserts="2" />
                                    </results>
                                  </test-suite>
                                  <test-suite type="ParameterizedTest" name="CanGetById" executed="True" result="Success" success="True" time="4.805" asserts="0">
                                    <results>
                                      <test-case name="ermeX.Tests.DAL.Integration.DataSources.OutgoingMessageDataSourceTester.CanGetById(SqlServer2008)" executed="True" result="Success" success="True" time="1.404" asserts="7" />
                                      <test-case name="ermeX.Tests.DAL.Integration.DataSources.OutgoingMessageDataSourceTester.CanGetById(Sqlite)" executed="True" result="Success" success="True" time="1.856" asserts="7" />
                                      <test-case name="ermeX.Tests.DAL.Integration.DataSources.OutgoingMessageDataSourceTester.CanGetById(SqliteInMemory)" executed="True" result="Success" success="True" time="1.529" asserts="7" />
                                    </results>
                                  </test-suite>
                                  <test-suite type="ParameterizedTest" name="CanUpdateRecord" executed="True" result="Success" success="True" time="5.398" asserts="0">
                                    <results>
                                      <test-case name="ermeX.Tests.DAL.Integration.DataSources.OutgoingMessageDataSourceTester.CanUpdateRecord(SqlServer2008)" executed="True" result="Success" success="True" time="1.903" asserts="1" />
                                      <test-case name="ermeX.Tests.DAL.Integration.DataSources.OutgoingMessageDataSourceTester.CanUpdateRecord(Sqlite)" executed="True" result="Success" success="True" time="2.044" asserts="1" />
                                      <test-case name="ermeX.Tests.DAL.Integration.DataSources.OutgoingMessageDataSourceTester.CanUpdateRecord(SqliteInMemory)" executed="True" result="Success" success="True" time="1.451" asserts="1" />
                                    </results>
                                  </test-suite>
                                  <test-suite type="ParameterizedTest" name="DontChange_Version_When_IsFromOtherComponent" executed="True" result="Success" success="True" time="4.820" asserts="0">
                                    <results>
                                      <test-case name="ermeX.Tests.DAL.Integration.DataSources.OutgoingMessageDataSourceTester.DontChange_Version_When_IsFromOtherComponent(SqlServer2008)" executed="True" result="Success" success="True" time="1.638" asserts="2" />
                                      <test-case name="ermeX.Tests.DAL.Integration.DataSources.OutgoingMessageDataSourceTester.DontChange_Version_When_IsFromOtherComponent(Sqlite)" executed="True" result="Success" success="True" time="1.732" asserts="2" />
                                      <test-case name="ermeX.Tests.DAL.Integration.DataSources.OutgoingMessageDataSourceTester.DontChange_Version_When_IsFromOtherComponent(SqliteInMemory)" executed="True" result="Success" success="True" time="1.451" asserts="2" />
                                    </results>
                                  </test-suite>
[...]
                          </test-suite>
                        </results>
                      </test-suite>
                      <test-suite type="TestFixture" name="SystemDialogInfrastructureTests" executed="True" result="Success" success="True" time="0.905" asserts="0">
                        <categories>
                          <category name="Core:FunctionalTest" />
                        </categories>
                        <results>
                          <test-suite type="ParameterizedTest" name="RegistersSystemSuscriptionsStartUp" executed="True" result="Success" success="True" time="0.889" asserts="0">
                            <results>
                              <test-case name="ermeX.Tests.WorldGateTests.SystemDialogInfrastructureTests.RegistersSystemSuscriptionsStartUp(SqliteInMemory)" executed="True" result="Success" success="True" time="0.889" asserts="9" />
                            </results>
                          </test-suite>
                        </results>
                      </test-suite>
                      <test-suite type="TestFixture" name="UsingMessagesClientTests" executed="True" result="Success" success="True" time="10.795" asserts="0">
                        <categories>
                          <category name="Core:FunctionalTest" />
                        </categories>
                        <results>
                          <test-suite type="ParameterizedTest" name="BaseTypeHandler_And_ConcreteHandlerType_Receives_Inherited_Message" executed="True" result="Success" success="True" time="4.212" asserts="0">
                            <results>
                              <test-case name="ermeX.Tests.WorldGateTests.UsingMessagesClientTests.BaseTypeHandler_And_ConcreteHandlerType_Receives_Inherited_Message(SqliteInMemory)" executed="True" result="Success" success="True" time="4.212" asserts="6" />
                            </results>
                          </test-suite>
                          <test-suite type="ParameterizedTest" name="BaseTypeHandler_Receives_Inherited_Message" executed="True" result="Success" success="True" time="2.137" asserts="0">
                            <results>
                              <test-case name="ermeX.Tests.WorldGateTests.UsingMessagesClientTests.BaseTypeHandler_Receives_Inherited_Message(SqliteInMemory)" executed="True" result="Success" success="True" time="2.137" asserts="3" />
                            </results>
                          </test-suite>
                          <test-suite type="ParameterizedTest" name="Can_Receive_PublishedMessage" executed="True" result="Success" success="True" time="1.092" asserts="0">
                            <results>
                              <test-case name="ermeX.Tests.WorldGateTests.UsingMessagesClientTests.Can_Receive_PublishedMessage(SqliteInMemory)" executed="True" result="Success" success="True" time="1.092" asserts="2" />
                            </results>
                          </test-suite>
                          <test-suite type="ParameterizedTest" name="Can_Receive_Several_Messages" executed="True" result="Success" success="True" time="1.404" asserts="0">
                            <results>
                              <test-case name="ermeX.Tests.WorldGateTests.UsingMessagesClientTests.Can_Receive_Several_Messages(SqliteInMemory)" executed="True" result="Success" success="True" time="1.404" asserts="4" />
                            </results>
                          </test-suite>
                          <test-suite type="ParameterizedTest" name="InterfaceTypeHandler_And_ConcreteHandlerType_Receives_Inherited_Message" executed="True" result="Success" success="True" time="1.950" asserts="0">
                            <results>
                              <test-case name="ermeX.Tests.WorldGateTests.UsingMessagesClientTests.InterfaceTypeHandler_And_ConcreteHandlerType_Receives_Inherited_Message(SqliteInMemory)" executed="True" result="Success" success="True" time="1.950" asserts="6" />
                            </results>
                          </test-suite>
                        </results>
                      </test-suite>
                      <test-suite type="TestFixture" name="UsingServicesClientTests" executed="True" result="Success" success="True" time="8.720" asserts="0">
                        <categories>
                          <category name="Core:FunctionalTest" />
                        </categories>
                        <results>
                          <test-suite type="ParameterizedTest" name="Can_GetServiceProxy" executed="True" result="Success" success="True" time="0.827" asserts="0">
                            <results>
                              <test-case name="ermeX.Tests.WorldGateTests.UsingServicesClientTests.Can_GetServiceProxy(SqliteInMemory)" executed="True" result="Success" success="True" time="0.827" asserts="1" />
                            </results>
                          </test-suite>
                          <test-suite type="ParameterizedTest" name="Can_InvokeProxy_CustomValueType_ParameterMethod" executed="True" result="Success" success="True" time="0.874" asserts="0">
                            <results>
                              <test-case name="ermeX.Tests.WorldGateTests.UsingServicesClientTests.Can_InvokeProxy_CustomValueType_ParameterMethod(SqliteInMemory)" executed="True" result="Success" success="True" time="0.874" asserts="4" />
                            </results>
                          </test-suite>
                          <test-suite type="ParameterizedTest" name="Can_InvokeProxy_EnumType_ParameterMethod" executed="True" result="Success" success="True" time="0.952" asserts="0">
                            <results>
                              <test-case name="ermeX.Tests.WorldGateTests.UsingServicesClientTests.Can_InvokeProxy_EnumType_ParameterMethod(SqliteInMemory)" executed="True" result="Success" success="True" time="0.952" asserts="5" />
                            </results>
                          </test-suite>
                          <test-suite type="ParameterizedTest" name="Can_InvokeProxy_OneParameterMethod" executed="True" result="Success" success="True" time="0.952" asserts="0">
                            <results>
                              <test-case name="ermeX.Tests.WorldGateTests.UsingServicesClientTests.Can_InvokeProxy_OneParameterMethod(SqliteInMemory)" executed="True" result="Success" success="True" time="0.952" asserts="3" />
                            </results>
                          </test-suite>
                          <test-suite type="ParameterizedTest" name="Can_InvokeProxy_ReturnMethodOneParam" executed="True" result="Success" success="True" time="0.967" asserts="0">
                            <results>
                              <test-case name="ermeX.Tests.WorldGateTests.UsingServicesClientTests.Can_InvokeProxy_ReturnMethodOneParam(SqliteInMemory)" executed="True" result="Success" success="True" time="0.967" asserts="4" />
                            </results>
                          </test-suite>
                          <test-suite type="ParameterizedTest" name="Can_InvokeProxy_Several_ValueTypes_ParametersMethod" executed="True" result="Success" success="True" time="0.967" asserts="0">
                            <results>
                              <test-case name="ermeX.Tests.WorldGateTests.UsingServicesClientTests.Can_InvokeProxy_Several_ValueTypes_ParametersMethod(SqliteInMemory)" executed="True" result="Success" success="True" time="0.967" asserts="5" />
                            </results>
                          </test-suite>
                          <test-suite type="ParameterizedTest" name="Can_InvokeProxy_SeveralParametersMethod" executed="True" result="Success" success="True" time="1.014" asserts="0">
                            <results>
                              <test-case name="ermeX.Tests.WorldGateTests.UsingServicesClientTests.Can_InvokeProxy_SeveralParametersMethod(SqliteInMemory)" executed="True" result="Success" success="True" time="1.014" asserts="4" />
                            </results>
                          </test-suite>
                          <test-suite type="ParameterizedTest" name="Can_InvokeProxyEmptyMethod" executed="True" result="Success" success="True" time="1.108" asserts="0">
                            <results>
                              <test-case name="ermeX.Tests.WorldGateTests.UsingServicesClientTests.Can_InvokeProxyEmptyMethod(SqliteInMemory)" executed="True" result="Success" success="True" time="1.108" asserts="2" />
                            </results>
                          </test-suite>
                          <test-suite type="ParameterizedTest" name="Can_InvokeProxyReturnMethod" executed="True" result="Success" success="True" time="1.045" asserts="0">
                            <results>
                              <test-case name="ermeX.Tests.WorldGateTests.UsingServicesClientTests.Can_InvokeProxyReturnMethod(SqliteInMemory)" executed="True" result="Success" success="True" time="1.045" asserts="3" />
                            </results>
                          </test-suite>
                        </results>
                      </test-suite>
                    </results>
                  </test-suite>
                </results>
              </test-suite>
            </results>
          </test-suite>
        </results>
      </test-suite>
      <test-suite type="Assembly" name="D:\JENKINS\jobs\ermeXv1.0\workspace\FrameworkVersion\4.0\Platform\x64\v1.0\Build\ScriptsBuild\..\BuildArtifacts\Binaries\4.0\x64\Release\ermeX.Tests.NonMerged.dll" executed="True" result="Success" success="True" time="0.281" asserts="0">
        <results>
          <test-suite type="Namespace" name="ermeX" executed="True" result="Success" success="True" time="0.265" asserts="0">
            <results>
              <test-suite type="Namespace" name="Tests" executed="True" result="Success" success="True" time="0.265" asserts="0">
                <results>
                  <test-suite type="Namespace" name="NonMerged" executed="True" result="Success" success="True" time="0.265" asserts="0">
                    <results>
                      <test-suite type="TestFixture" name="ResolveUnmergedTests" executed="True" result="Success" success="True" time="0.265" asserts="0">
                        <results>
                          <test-suite type="ParameterizedTest" name="CanResolveAssembly" executed="True" result="Success" success="True" time="0.140" asserts="0">
                            <results>
                              <test-case name="ermeX.Tests.NonMerged.ResolveUnmergedTests.CanResolveAssembly(&quot;Common.Logging&quot;)" executed="True" result="Success" success="True" time="0.047" asserts="1" />
                              <test-case name="ermeX.Tests.NonMerged.ResolveUnmergedTests.CanResolveAssembly(&quot;Ninject&quot;)" executed="True" result="Success" success="True" time="0.016" asserts="1" />
                              <test-case name="ermeX.Tests.NonMerged.ResolveUnmergedTests.CanResolveAssembly(&quot;System.Data.SQLite&quot;)" executed="True" result="Success" success="True" time="0.062" asserts="0" />
                            </results>
                          </test-suite>
                        </results>
                      </test-suite>
                    </results>
                  </test-suite>
                </results>
              </test-suite>
            </results>
          </test-suite>
        </results>
      </test-suite>
      <test-suite type="Assembly" name="D:\JENKINS\jobs\ermeXv1.0\workspace\FrameworkVersion\4.0\Platform\x64\v1.0\Build\ScriptsBuild\..\BuildArtifacts\Binaries\4.0\x64\Release\ermeX.Tests.SupportTypes.dll" executed="False" result="NotRunnable">
        <reason>
          <message><![CDATA[Has no TestFixtures]]></message>
        </reason>
      </test-suite>
      <test-suite type="Assembly" name="D:\JENKINS\jobs\ermeXv1.0\workspace\FrameworkVersion\4.0\Platform\x64\v1.0\Build\ScriptsBuild\..\BuildArtifacts\Binaries\4.0\x64\Release\ermeX.Tests.Threading.dll" executed="True" result="Success" success="True" time="97.906" asserts="0">
        <results>
          <test-suite type="Namespace" name="ermeX" executed="True" result="Success" success="True" time="97.875" asserts="0">
            <results>
              <test-suite type="Namespace" name="Tests" executed="True" result="Success" success="True" time="97.859" asserts="0">
                <results>
                  <test-suite type="Namespace" name="Threading" executed="True" result="Success" success="True" time="97.859" asserts="0">
                    <results>
                      <test-suite type="Namespace" name="Queues" executed="True" result="Success" success="True" time="23.462" asserts="0">
                        <results>
                          <test-suite type="TestFixture" name="TestProducerParallelConsumerPriorityQueue" executed="True" result="Success" success="True" time="7.909" asserts="0">
                            <results>
                              <test-case name="ermeX.Tests.Threading.Queues.TestProducerParallelConsumerPriorityQueue.SortsByPriority" executed="True" result="Success" success="True" time="5.866" asserts="5" />
                              <test-case name="ermeX.Tests.Threading.Queues.TestProducerParallelConsumerPriorityQueue.TestProducerConsumerQueueBase.CanEnqueueDequeue" executed="True" result="Success" success="True" time="2.028" asserts="2" />
                            </results>
                          </test-suite>
                          <test-suite type="TestFixture" name="TestProducerParallelConsumerQueue" executed="True" result="Success" success="True" time="7.987" asserts="0">
                            <results>
                              <test-case name="ermeX.Tests.Threading.Queues.TestProducerParallelConsumerQueue.Create_Threads_on_Demand" executed="True" result="Success" success="True" time="5.975" asserts="4" />
                              <test-case name="ermeX.Tests.Threading.Queues.TestProducerParallelConsumerQueue.TestProducerConsumerQueueBase.CanEnqueueDequeue" executed="True" result="Success" success="True" time="2.012" asserts="2" />
                            </results>
                          </test-suite>
                          <test-suite type="TestFixture" name="TestProducerSequentialConsumerQueue" executed="True" result="Success" success="True" time="7.566" asserts="0">
                            <results>
                              <test-case name="ermeX.Tests.Threading.Queues.TestProducerSequentialConsumerQueue.Dont_Create_Threads_on_Demand" executed="True" result="Success" success="True" time="5.273" asserts="4" />
                              <test-case name="ermeX.Tests.Threading.Queues.TestProducerSequentialConsumerQueue.TestProducerConsumerQueueBase.CanEnqueueDequeue" executed="True" result="Success" success="True" time="2.028" asserts="2" />
                              <test-case name="ermeX.Tests.Threading.Queues.TestProducerSequentialConsumerQueue.When_Handling_Fails_Item_Is_Pushed_Back_To_Queue" executed="True" result="Success" success="True" time="0.265" asserts="1" />
                            </results>
                          </test-suite>
                        </results>
                      </test-suite>
                      <test-suite type="Namespace" name="Scheduler" executed="True" result="Success" success="True" time="74.397" asserts="0">
                        <results>
                          <test-suite type="TestFixture" name="JobSchedulerTests" executed="True" result="Success" success="True" time="74.397" asserts="0">
                            <results>
                              <test-case name="ermeX.Tests.Threading.Scheduler.JobSchedulerTests.Can_Dispose_When_ScheduledJobs_Pending" executed="True" result="Success" success="True" time="5.023" asserts="1" />
                              <test-suite type="ParameterizedTest" name="Can_ScheduleJob" executed="True" result="Success" success="True" time="35.053" asserts="0">
                                <results>
                                  <test-case name="ermeX.Tests.Threading.Scheduler.JobSchedulerTests.Can_ScheduleJob(1)" executed="True" result="Success" success="True" time="1.014" asserts="3" />
                                  <test-case name="ermeX.Tests.Threading.Scheduler.JobSchedulerTests.Can_ScheduleJob(2)" executed="True" result="Success" success="True" time="2.012" asserts="3" />
                                  <test-case name="ermeX.Tests.Threading.Scheduler.JobSchedulerTests.Can_ScheduleJob(3)" executed="True" result="Success" success="True" time="3.011" asserts="3" />
                                  <test-case name="ermeX.Tests.Threading.Scheduler.JobSchedulerTests.Can_ScheduleJob(4)" executed="True" result="Success" success="True" time="4.009" asserts="3" />
                                  <test-case name="ermeX.Tests.Threading.Scheduler.JobSchedulerTests.Can_ScheduleJob(5)" executed="True" result="Success" success="True" time="5.008" asserts="3" />
                                  <test-case name="ermeX.Tests.Threading.Scheduler.JobSchedulerTests.Can_ScheduleJob(20)" executed="True" result="Success" success="True" time="19.999" asserts="3" />
                                </results>
                              </test-suite>
                              <test-suite type="ParameterizedTest" name="Can_UnScheduleJob" executed="True" result="Success" success="True" time="24.040" asserts="0">
                                <results>
                                  <test-case name="ermeX.Tests.Threading.Scheduler.JobSchedulerTests.Can_UnScheduleJob(1)" executed="True" result="Success" success="True" time="6.022" asserts="2" />
                                  <test-case name="ermeX.Tests.Threading.Scheduler.JobSchedulerTests.Can_UnScheduleJob(3)" executed="True" result="Success" success="True" time="6.006" asserts="2" />
                                  <test-case name="ermeX.Tests.Threading.Scheduler.JobSchedulerTests.Can_UnScheduleJob(5)" executed="True" result="Success" success="True" time="6.006" asserts="2" />
                                  <test-case name="ermeX.Tests.Threading.Scheduler.JobSchedulerTests.Can_UnScheduleJob(15)" executed="True" result="Success" success="True" time="6.006" asserts="2" />
                                </results>
                              </test-suite>
                              <test-case name="ermeX.Tests.Threading.Scheduler.JobSchedulerTests.CanInvoke_Past_Actions" executed="True" result="Success" success="True" time="0.000" asserts="2" />
                              <test-case name="ermeX.Tests.Threading.Scheduler.JobSchedulerTests.When_Dispose_Invoked_Non_Running_Actions_Are_Never_Started" executed="True" result="Success" success="True" time="5.273" asserts="1" />
                              <test-case name="ermeX.Tests.Threading.Scheduler.JobSchedulerTests.When_Dispose_Invoked_Waits_Running_ActionsToFinish" executed="True" result="Success" success="True" time="5.008" asserts="2" />
                            </results>
                          </test-suite>
                        </results>
                      </test-suite>
                    </results>
                  </test-suite>
                </results>
              </test-suite>
            </results>
          </test-suite>
        </results>
      </test-suite>
    </results>
  </test-suite>
</test-results>