<?xml version="1.0" encoding="utf-8" standalone="no"?>
<!--This file represents the results of running a test suite-->
<test-results name="D:\JENKINS\jobs\ermeXv1.1\workspace\FrameworkVersion\4.0\Platform\x86\v1.1\Build\ScriptsBuild\..\BuildArtifacts\Binaries\4.0\x86\Release\ermeX.Tests.Bus.Listening.dll" total="386" errors="0" failures="0" not-run="37" inconclusive="7" ignored="37" skipped="0" invalid="0" date="2013-01-24" time="14:09:25">
  <environment nunit-version="2.5.6.10205" clr-version="2.0.50727.5466" os-version="Microsoft Windows NT 6.1.7601 Service Pack 1" platform="Win32NT" cwd="D:\JENKINS\jobs\ermeXv1.1\workspace\FrameworkVersion\4.0\Platform\x86\v1.1\Build\ScriptsBuild" machine-name="MIGUEL-PC" user="SYSTEM" user-domain="WORKGROUP" />
  <culture-info current-culture="es-ES" current-uiculture="es-ES" />
  <test-suite type="Test Project" name="" executed="True" result="Success" success="True" time="1335.112" asserts="0">
    <results>
      <test-suite type="Assembly" name="D:\JENKINS\jobs\ermeXv1.1\workspace\FrameworkVersion\4.0\Platform\x86\v1.1\Build\ScriptsBuild\..\BuildArtifacts\Binaries\4.0\x86\Release\ermeX.Tests.Bus.Listening.dll" executed="True" result="Success" success="True" time="10.136" asserts="0">
        <results>
          <test-suite type="Namespace" name="ermeX" executed="True" result="Success" success="True" time="9.979" asserts="0">
            <results>
              <test-suite type="Namespace" name="Tests" executed="True" result="Success" success="True" time="9.969" asserts="0">
                <results>
                  <test-suite type="Namespace" name="Bus" executed="True" result="Success" success="True" time="9.959" asserts="0">
                    <results>
                      <test-suite type="Namespace" name="Listening" executed="True" result="Success" success="True" time="9.950" asserts="0">
                        <results>
                          <test-suite type="Namespace" name="Handlers" executed="True" result="Success" success="True" time="9.942" asserts="0">
                            <results>
                              <test-suite type="Namespace" name="InternalMessageHandling" executed="True" result="Success" success="True" time="9.935" asserts="0">
                                <results>
                                  <test-suite type="TestFixture" name="ReceptionMessageHandlerTester" executed="True" result="Success" success="True" time="8.597" asserts="0">
                                    <results>
                                      <test-suite type="ParameterizedTest" name="Can_Handle_Message" executed="True" result="Success" success="True" time="8.247" asserts="0">
                                        <results>
                                          <test-case name="ermeX.Tests.Bus.Listening.Handlers.InternalMessageHandling.ReceptionMessageHandlerTester.Can_Handle_Message(SqliteInMemory)" executed="True" result="Success" success="True" time="8.241" asserts="4" />
                                        </results>
                                      </test-suite>
                                      <test-suite type="ParameterizedTest" name="Enqueues_NonDistributedMessages_OnStartUp" executed="True" result="Success" success="True" time="0.014" asserts="0">
                                        <results>
                                          <test-case name="ermeX.Tests.Bus.Listening.Handlers.InternalMessageHandling.ReceptionMessageHandlerTester.Enqueues_NonDistributedMessages_OnStartUp(SqliteInMemory)" executed="True" result="Success" success="True" time="0.014" asserts="2" />
                                        </results>
                                      </test-suite>
                                    </results>
                                  </test-suite>
                                  <test-suite type="Namespace" name="WorkflowHandlers" executed="True" result="Success" success="True" time="1.332" asserts="0">
                                    <results>
                                      <test-suite type="TestFixture" name="QueueDispatcherManagerTester" executed="True" result="Success" success="True" time="1.084" asserts="0">
                                        <results>
                                          <test-suite type="ParameterizedTest" name="Can_DeliverMany_Messages_OrderedByGeneration" executed="True" result="Success" success="True" time="0.831" asserts="0">
                                            <results>
                                              <test-case name="ermeX.Tests.Bus.Listening.Handlers.InternalMessageHandling.WorkflowHandlers.QueueDispatcherManagerTester.Can_DeliverMany_Messages_OrderedByGeneration(SqliteInMemory)" executed="True" result="Success" success="True" time="0.830" asserts="52" />
                                            </results>
                                          </test-suite>
                                          <test-suite type="ParameterizedTest" name="Can_DeliverRespecting_Latency" executed="False" result="Ignored">
                                            <reason>
                                              <message><![CDATA[This class will be upgraded ASAP. Its not worth to test more with the current resources]]></message>
                                            </reason>
                                            <results>
                                              <test-case name="ermeX.Tests.Bus.Listening.Handlers.InternalMessageHandling.WorkflowHandlers.QueueDispatcherManagerTester.Can_DeliverRespecting_Latency(SqliteInMemory)" executed="False" result="Ignored">
                                                <reason>
                                                  <message><![CDATA[This class will be upgraded ASAP. Its not worth to test more with the current resources]]></message>
                                                </reason>
                                              </test-case>
                                            </results>
                                          </test-suite>
                                          <test-suite type="ParameterizedTest" name="Can_Dispatch_Messages" executed="True" result="Success" success="True" time="0.027" asserts="0">
                                            <results>
                                              <test-case name="ermeX.Tests.Bus.Listening.Handlers.InternalMessageHandling.WorkflowHandlers.QueueDispatcherManagerTester.Can_Dispatch_Messages(SqliteInMemory)" executed="True" result="Success" success="True" time="0.027" asserts="4" />
                                            </results>
                                          </test-suite>
                                          <test-suite type="ParameterizedTest" name="Removes_Dispatched_Messages" executed="False" result="Ignored">
                                            <reason>
                                              <message><![CDATA[Its covered implicitly in other test cases]]></message>
                                            </reason>
                                            <results>
                                              <test-case name="ermeX.Tests.Bus.Listening.Handlers.InternalMessageHandling.WorkflowHandlers.QueueDispatcherManagerTester.Removes_Dispatched_Messages(SqliteInMemory)" executed="False" result="Ignored">
                                                <reason>
                                                  <message><![CDATA[Its covered implicitly in other test cases]]></message>
                                                </reason>
                                              </test-case>
                                            </results>
                                          </test-suite>
                                          <test-suite type="ParameterizedTest" name="Retries_Failed_Messages" executed="True" result="Success" success="True" time="0.201" asserts="0">
                                            <results>
                                              <test-case name="ermeX.Tests.Bus.Listening.Handlers.InternalMessageHandling.WorkflowHandlers.QueueDispatcherManagerTester.Retries_Failed_Messages(SqliteInMemory)" executed="True" result="Success" success="True" time="0.201" asserts="5" />
                                            </results>
                                          </test-suite>
                                          <test-suite type="ParameterizedTest" name="When_Disposed_Removes_ScheduledJobs" executed="False" result="Ignored">
                                            <reason>
                                              <message><![CDATA[This class will be upgraded ASAP. Its not worth to test more with the current resources]]></message>
                                            </reason>
                                            <results>
                                              <test-case name="ermeX.Tests.Bus.Listening.Handlers.InternalMessageHandling.WorkflowHandlers.QueueDispatcherManagerTester.When_Disposed_Removes_ScheduledJobs(SqliteInMemory)" executed="False" result="Ignored">
                                                <reason>
                                                  <message><![CDATA[This class will be upgraded ASAP. Its not worth to test more with the current resources]]></message>
                                                </reason>
                                              </test-case>
                                            </results>
                                          </test-suite>
                                        </results>
                                      </test-suite>
                                      <test-suite type="TestFixture" name="ReceptionMessageDistributorTester" executed="True" result="Success" success="True" time="0.242" asserts="0">
                                        <results>
                                          <test-suite type="ParameterizedTest" name="Can_Distribute_Messages" executed="True" result="Success" success="True" time="0.131" asserts="0">
                                            <results>
                                              <test-case name="ermeX.Tests.Bus.Listening.Handlers.InternalMessageHandling.WorkflowHandlers.ReceptionMessageDistributorTester.Can_Distribute_Messages(SqliteInMemory)" executed="True" result="Success" success="True" time="0.131" asserts="5" />
                                            </results>
                                          </test-suite>
                                          <test-suite type="ParameterizedTest" name="Enqueues_NonDeliveredMessages_OnStartUp" executed="True" result="Success" success="True" time="0.019" asserts="0">
                                            <results>
                                              <test-case name="ermeX.Tests.Bus.Listening.Handlers.InternalMessageHandling.WorkflowHandlers.ReceptionMessageDistributorTester.Enqueues_NonDeliveredMessages_OnStartUp(SqliteInMemory)" executed="True" result="Success" success="True" time="0.018" asserts="5" />
                                            </results>
                                          </test-suite>
                                          <test-suite type="ParameterizedTest" name="Removes_Source_Message_Once_Distributed" executed="False" result="Ignored">
                                            <reason>
                                              <message><![CDATA[Tehre are assertions in the other tests to probe this]]></message>
                                            </reason>
                                            <results>
                                              <test-case name="ermeX.Tests.Bus.Listening.Handlers.InternalMessageHandling.WorkflowHandlers.ReceptionMessageDistributorTester.Removes_Source_Message_Once_Distributed(SqliteInMemory)" executed="False" result="Ignored">
                                                <reason>
                                                  <message><![CDATA[Tehre are assertions in the other tests to probe this]]></message>
                                                </reason>
                                              </test-case>
                                            </results>
                                          </test-suite>
                                          <test-suite type="ParameterizedTest" name="When_Subscribed_ToBase_Type_Will_DistributeIt_Correctly" executed="True" result="Success" success="True" time="0.034" asserts="0">
                                            <results>
                                              <test-case name="ermeX.Tests.Bus.Listening.Handlers.InternalMessageHandling.WorkflowHandlers.ReceptionMessageDistributorTester.When_Subscribed_ToBase_Type_Will_DistributeIt_Correctly(SqliteInMemory)" executed="True" result="Success" success="True" time="0.034" asserts="5" />
                                            </results>
                                          </test-suite>
                                          <test-suite type="ParameterizedTest" name="When_Subscribed_ToConcrete_Type_Will_DistributeIt_Correctly" executed="True" result="Success" success="True" time="0.029" asserts="0">
                                            <results>
                                              <test-case name="ermeX.Tests.Bus.Listening.Handlers.InternalMessageHandling.WorkflowHandlers.ReceptionMessageDistributorTester.When_Subscribed_ToConcrete_Type_Will_DistributeIt_Correctly(SqliteInMemory)" executed="True" result="Success" success="True" time="0.028" asserts="5" />
                                            </results>
                                          </test-suite>
                                        </results>
                                      </test-suite>
                                    </results>
                                  </test-suite>
                                </results>
                              </test-suite>
                            </results>
                          </test-suite>
                        </results>
                      </test-suite>
                    </results>
                  </test-suite>
                </results>
              </test-suite>
            </results>
          </test-suite>
        </results>
      </test-suite>
      <test-suite type="Assembly" name="D:\JENKINS\jobs\ermeXv1.1\workspace\FrameworkVersion\4.0\Platform\x86\v1.1\Build\ScriptsBuild\..\BuildArtifacts\Binaries\4.0\x86\Release\ermeX.Tests.Bus.Publishing.dll" executed="True" result="Success" success="True" time="40.016" asserts="0">
        <results>
          <test-suite type="Namespace" name="ermeX" executed="True" result="Success" success="True" time="40.005" asserts="0">
            <results>
              <test-suite type="Namespace" name="Tests" executed="True" result="Success" success="True" time="39.998" asserts="0">
                <results>
                  <test-suite type="Namespace" name="Bus" executed="True" result="Success" success="True" time="39.989" asserts="0">
                    <results>
                      <test-suite type="Namespace" name="Publishing" executed="True" result="Success" success="True" time="39.982" asserts="0">
                        <results>
                          <test-suite type="Namespace" name="Dispatching" executed="True" result="Success" success="True" time="39.975" asserts="0">
                            <results>
                              <test-suite type="Namespace" name="Messages" executed="True" result="Success" success="True" time="39.971" asserts="0">
                                <results>
                                  <test-suite type="TestFixture" name="MessageCollectorTester" executed="True" result="Success" success="True" time="5.734" asserts="0">
                                    <results>
                                      <test-suite type="ParameterizedTest" name="CanDispatchMessage" executed="True" result="Success" success="True" time="4.508" asserts="0">
                                        <results>
                                          <test-case name="ermeX.Tests.Bus.Publishing.Dispatching.Messages.MessageCollectorTester.CanDispatchMessage(SqliteInMemory)" executed="True" result="Success" success="True" time="4.505" asserts="5" />
                                        </results>
                                      </test-suite>
                                      <test-suite type="ParameterizedTest" name="ComponentStopsOnDisposal" executed="True" result="Success" success="True" time="0.011" asserts="0">
                                        <results>
                                          <test-case name="ermeX.Tests.Bus.Publishing.Dispatching.Messages.MessageCollectorTester.ComponentStopsOnDisposal(SqliteInMemory)" executed="True" result="Success" success="True" time="0.011" asserts="1" />
                                        </results>
                                      </test-suite>
                                      <test-suite type="ParameterizedTest" name="RemovesExpiredItems" executed="True" result="Success" success="True" time="0.297" asserts="0">
                                        <results>
                                          <test-case name="ermeX.Tests.Bus.Publishing.Dispatching.Messages.MessageCollectorTester.RemovesExpiredItems(SqliteInMemory)" executed="True" result="Success" success="True" time="0.297" asserts="2" />
                                        </results>
                                      </test-suite>
                                      <test-suite type="ParameterizedTest" name="SendsExistingItemsOnStart" executed="True" result="Success" success="True" time="0.020" asserts="0">
                                        <results>
                                          <test-case name="ermeX.Tests.Bus.Publishing.Dispatching.Messages.MessageCollectorTester.SendsExistingItemsOnStart(SqliteInMemory)" executed="True" result="Success" success="True" time="0.019" asserts="3" />
                                        </results>
                                      </test-suite>
                                    </results>
                                  </test-suite>
                                  <test-suite type="TestFixture" name="MessageDistributorTester" executed="True" result="Success" success="True" time="11.912" asserts="0">
                                    <results>
                                      <test-suite type="ParameterizedTest" name="CanDispatch_NotSentMessage" executed="True" result="Success" success="True" time="0.346" asserts="0">
                                        <results>
                                          <test-case name="ermeX.Tests.Bus.Publishing.Dispatching.Messages.MessageDistributorTester.CanDispatch_NotSentMessage(SqliteInMemory)" executed="True" result="Success" success="True" time="0.346" asserts="12" />
                                        </results>
                                      </test-suite>
                                      <test-suite type="ParameterizedTest" name="DontDispatchSentMessage" executed="True" result="Success" success="True" time="11.549" asserts="0">
                                        <results>
                                          <test-case name="ermeX.Tests.Bus.Publishing.Dispatching.Messages.MessageDistributorTester.DontDispatchSentMessage(SqliteInMemory)" executed="True" result="Success" success="True" time="11.549" asserts="4" />
                                        </results>
                                      </test-suite>
                                    </results>
                                  </test-suite>
                                  <test-suite type="TestFixture" name="MessageSubscriberDispatcherTester" executed="True" result="Success" success="True" time="22.321" asserts="0">
                                    <results>
                                      <test-suite type="ParameterizedTest" name="AfterSend_Items_MarksThemAsSent" executed="True" result="Success" success="True" time="0.190" asserts="0">
                                        <results>
                                          <test-case name="ermeX.Tests.Bus.Publishing.Dispatching.Messages.MessageSubscriberDispatcherTester.AfterSend_Items_MarksThemAsSent(SqliteInMemory)" executed="True" result="Success" success="True" time="0.189" asserts="1" />
                                        </results>
                                      </test-suite>
                                      <test-suite type="ParameterizedTest" name="DontSend_Expired_Items" executed="True" result="Success" success="True" time="5.016" asserts="0">
                                        <results>
                                          <test-case name="ermeX.Tests.Bus.Publishing.Dispatching.Messages.MessageSubscriberDispatcherTester.DontSend_Expired_Items(SqliteInMemory)" executed="True" result="Success" success="True" time="5.016" asserts="2" />
                                        </results>
                                      </test-suite>
                                      <test-suite type="ParameterizedTest" name="RestoresPending_MessagesFrom_PreviousSessions_OnStartUp" executed="True" result="Success" success="True" time="0.042" asserts="0">
                                        <results>
                                          <test-case name="ermeX.Tests.Bus.Publishing.Dispatching.Messages.MessageSubscriberDispatcherTester.RestoresPending_MessagesFrom_PreviousSessions_OnStartUp(SqliteInMemory)" executed="True" result="Success" success="True" time="0.042" asserts="2" />
                                        </results>
                                      </test-suite>
                                      <test-suite type="ParameterizedTest" name="SendsEnqueued_Items" executed="True" result="Success" success="True" time="0.023" asserts="0">
                                        <results>
                                          <test-case name="ermeX.Tests.Bus.Publishing.Dispatching.Messages.MessageSubscriberDispatcherTester.SendsEnqueued_Items(SqliteInMemory)" executed="True" result="Success" success="True" time="0.023" asserts="2" />
                                        </results>
                                      </test-suite>
                                      <test-suite type="ParameterizedTest" name="WhenSend_Fails_Increases_Tries_And_ReEnqueuesItem" executed="True" result="Success" success="True" time="17.021" asserts="0">
                                        <results>
                                          <test-case name="ermeX.Tests.Bus.Publishing.Dispatching.Messages.MessageSubscriberDispatcherTester.WhenSend_Fails_Increases_Tries_And_ReEnqueuesItem(SqliteInMemory)" executed="True" result="Success" success="True" time="17.021" asserts="3" />
                                        </results>
                                      </test-suite>
                                    </results>
                                  </test-suite>
                                </results>
                              </test-suite>
                            </results>
                          </test-suite>
                        </results>
                      </test-suite>
                    </results>
                  </test-suite>
                </results>
              </test-suite>
            </results>
          </test-suite>
        </results>
      </test-suite>
      <test-suite type="Assembly" name="D:\JENKINS\jobs\ermeXv1.1\workspace\FrameworkVersion\4.0\Platform\x86\v1.1\Build\ScriptsBuild\..\BuildArtifacts\Binaries\4.0\x86\Release\ermeX.Tests.Common.dll" executed="False" result="NotRunnable">
        <reason>
          <message><![CDATA[Has no TestFixtures]]></message>
        </reason>
      </test-suite>
      <test-suite type="Assembly" name="D:\JENKINS\jobs\ermeXv1.1\workspace\FrameworkVersion\4.0\Platform\x86\v1.1\Build\ScriptsBuild\..\BuildArtifacts\Binaries\4.0\x86\Release\ermeX.Tests.ConfigurationManagement.Config.dll" executed="True" result="Success" success="True" time="7.416" asserts="0">
        <results>
          <test-suite type="Namespace" name="ermeX" executed="True" result="Success" success="True" time="7.410" asserts="0">
            <results>
              <test-suite type="Namespace" name="Tests" executed="True" result="Success" success="True" time="7.407" asserts="0">
                <results>
                  <test-suite type="Namespace" name="ConfigurationManagement" executed="True" result="Success" success="True" time="7.404" asserts="0">
                    <results>
                      <test-suite type="Namespace" name="Config" executed="True" result="Success" success="True" time="7.401" asserts="0">
                        <results>
                          <test-suite type="TestFixture" name="ConfigurationSectionTests" executed="True" result="Success" success="True" time="7.400" asserts="0">
                            <results>
                              <test-case name="ermeX.Tests.ConfigurationManagement.Config.ConfigurationSectionTests.Can_Start_Joined_To_Friend_Component" executed="False" result="Ignored">
                                <reason>
                                  <message><![CDATA[TODO]]></message>
                                </reason>
                              </test-case>
                              <test-case name="ermeX.Tests.ConfigurationManagement.Config.ConfigurationSectionTests.Can_Start_Lonely_Component" executed="True" result="Success" success="True" time="7.292" asserts="0" />
                              <test-case name="ermeX.Tests.ConfigurationManagement.Config.ConfigurationSectionTests.Validates_NormalSettings" executed="True" result="Success" success="True" time="0.018" asserts="1" />
                              <test-case name="ermeX.Tests.ConfigurationManagement.Config.ConfigurationSectionTests.ValidatesDatabase" executed="True" result="Success" success="True" time="0.048" asserts="4" />
                              <test-case name="ermeX.Tests.ConfigurationManagement.Config.ConfigurationSectionTests.ValidatesLocalComponent_HasDb" executed="True" result="Success" success="True" time="0.005" asserts="2" />
                            </results>
                          </test-suite>
                        </results>
                      </test-suite>
                    </results>
                  </test-suite>
                </results>
              </test-suite>
            </results>
          </test-suite>
        </results>
      </test-suite>
      <test-suite type="Assembly" name="D:\JENKINS\jobs\ermeXv1.1\workspace\FrameworkVersion\4.0\Platform\x86\v1.1\Build\ScriptsBuild\..\BuildArtifacts\Binaries\4.0\x86\Release\ermeX.Tests.DAL.Integration.dll" executed="True" result="Success" success="True" time="517.270" asserts="0">
        <results>
          <test-suite type="Namespace" name="ermeX" executed="True" result="Success" success="True" time="517.201" asserts="0">
            <results>
              <test-suite type="Namespace" name="Tests" executed="True" result="Success" success="True" time="517.138" asserts="0">
                <results>
                  <test-suite type="Namespace" name="DAL" executed="True" result="Success" success="True" time="517.075" asserts="0">
                    <results>
                      <test-suite type="Namespace" name="Integration" executed="True" result="Success" success="True" time="517.011" asserts="0">
                        <results>
                          <test-suite type="Namespace" name="DataSources" executed="True" result="Success" success="True" time="517.000" asserts="0">
                            <results>
                              <test-suite type="TestFixture" name="AppComponentDataSourceTester" executed="True" result="Success" success="True" time="58.646" asserts="0">
                                <results>
                                  <test-suite type="ParameterizedTest" name="CanAddRecord" executed="True" result="Success" success="True" time="8.491" asserts="0">
                                    <results>
                                      <test-case name="ermeX.Tests.DAL.Integration.DataSources.AppComponentDataSourceTester.CanAddRecord(SqlServer2008)" executed="True" result="Success" success="True" time="6.157" asserts="2" />
                                      <test-case name="ermeX.Tests.DAL.Integration.DataSources.AppComponentDataSourceTester.CanAddRecord(Sqlite)" executed="True" result="Success" success="True" time="1.320" asserts="2" />
                                      <test-case name="ermeX.Tests.DAL.Integration.DataSources.AppComponentDataSourceTester.CanAddRecord(SqliteInMemory)" executed="True" result="Success" success="True" time="0.999" asserts="2" />
                                    </results>
                                  </test-suite>
                                  <test-suite type="ParameterizedTest" name="CanDelete" executed="True" result="Success" success="True" time="5.278" asserts="0">
                                    <results>
                                      <test-case name="ermeX.Tests.DAL.Integration.DataSources.AppComponentDataSourceTester.CanDelete(SqlServer2008)" executed="True" result="Success" success="True" time="1.592" asserts="2" />
                                      <test-case name="ermeX.Tests.DAL.Integration.DataSources.AppComponentDataSourceTester.CanDelete(Sqlite)" executed="True" result="Success" success="True" time="1.844" asserts="2" />
                                      <test-case name="ermeX.Tests.DAL.Integration.DataSources.AppComponentDataSourceTester.CanDelete(SqliteInMemory)" executed="True" result="Success" success="True" time="1.839" asserts="2" />
                                    </results>
                                  </test-suite>
                                  <test-suite type="ParameterizedTest" name="CanDeleteByProperty" executed="True" result="Success" success="True" time="4.785" asserts="0">
                                    <results>
                                      <test-case name="ermeX.Tests.DAL.Integration.DataSources.AppComponentDataSourceTester.CanDeleteByProperty(SqlServer2008)" executed="True" result="Success" success="True" time="1.784" asserts="2" />
                                      <test-case name="ermeX.Tests.DAL.Integration.DataSources.AppComponentDataSourceTester.CanDeleteByProperty(Sqlite)" executed="True" result="Success" success="True" time="1.330" asserts="2" />
                                      <test-case name="ermeX.Tests.DAL.Integration.DataSources.AppComponentDataSourceTester.CanDeleteByProperty(SqliteInMemory)" executed="True" result="Success" success="True" time="1.667" asserts="2" />
                                    </results>
                                  </test-suite>
                                  <test-suite type="ParameterizedTest" name="CanGetByComponentId" executed="True" result="Success" success="True" time="2.651" asserts="0">
                                    <results>
                                      <test-case name="ermeX.Tests.DAL.Integration.DataSources.AppComponentDataSourceTester.CanGetByComponentId(SqlServer2008)" executed="True" result="Success" success="True" time="0.896" asserts="4" />
                                      <test-case name="ermeX.Tests.DAL.Integration.DataSources.AppComponentDataSourceTester.CanGetByComponentId(Sqlite)" executed="True" result="Success" success="True" time="0.900" asserts="4" />
                                      <test-case name="ermeX.Tests.DAL.Integration.DataSources.AppComponentDataSourceTester.CanGetByComponentId(SqliteInMemory)" executed="True" result="Success" success="True" time="0.852" asserts="4" />
                                    </results>
                                  </test-suite>
                                  <test-suite type="ParameterizedTest" name="CanGetById" executed="True" result="Success" success="True" time="4.220" asserts="0">
                                    <results>
                                      <test-case name="ermeX.Tests.DAL.Integration.DataSources.AppComponentDataSourceTester.CanGetById(SqlServer2008)" executed="True" result="Success" success="True" time="0.982" asserts="3" />
                                      <test-case name="ermeX.Tests.DAL.Integration.DataSources.AppComponentDataSourceTester.CanGetById(Sqlite)" executed="True" result="Success" success="True" time="1.853" asserts="3" />
                                      <test-case name="ermeX.Tests.DAL.Integration.DataSources.AppComponentDataSourceTester.CanGetById(SqliteInMemory)" executed="True" result="Success" success="True" time="1.384" asserts="3" />
                                    </results>
                                  </test-suite>
                                  <test-suite type="ParameterizedTest" name="CanUpdateExchanger" executed="True" result="Success" success="True" time="5.049" asserts="0">
                                    <results>
                                      <test-case name="ermeX.Tests.DAL.Integration.DataSources.AppComponentDataSourceTester.CanUpdateExchanger(SqlServer2008)" executed="True" result="Success" success="True" time="1.380" asserts="5" />
                                      <test-case name="ermeX.Tests.DAL.Integration.DataSources.AppComponentDataSourceTester.CanUpdateExchanger(Sqlite)" executed="True" result="Success" success="True" time="1.987" asserts="5" />
                                      <test-case name="ermeX.Tests.DAL.Integration.DataSources.AppComponentDataSourceTester.CanUpdateExchanger(SqliteInMemory)" executed="True" result="Success" success="True" time="1.678" asserts="5" />
                                    </results>
                                  </test-suite>
                                  <test-suite type="ParameterizedTest" name="CanUpdateRecord" executed="True" result="Success" success="True" time="4.943" asserts="0">
                                    <results>
                                      <test-case name="ermeX.Tests.DAL.Integration.DataSources.AppComponentDataSourceTester.CanUpdateRecord(SqlServer2008)" executed="True" result="Success" success="True" time="1.942" asserts="1" />
                                      <test-case name="ermeX.Tests.DAL.Integration.DataSources.AppComponentDataSourceTester.CanUpdateRecord(Sqlite)" executed="True" result="Success" success="True" time="1.650" asserts="1" />
                                      <test-case name="ermeX.Tests.DAL.Integration.DataSources.AppComponentDataSourceTester.CanUpdateRecord(SqliteInMemory)" executed="True" result="Success" success="True" time="1.346" asserts="1" />
                                    </results>
                                  </test-suite>
                                  <test-suite type="ParameterizedTest" name="Doesnt_Update_When_Version_Is_Older_Than_Current" executed="True" result="Success" success="True" time="4.100" asserts="0">
                                    <results>
                                      <test-case name="ermeX.Tests.DAL.Integration.DataSources.AppComponentDataSourceTester.Doesnt_Update_When_Version_Is_Older_Than_Current(SqlServer2008)" executed="True" result="Success" success="True" time="1.195" asserts="2" />
                                      <test-case name="ermeX.Tests.DAL.Integration.DataSources.AppComponentDataSourceTester.Doesnt_Update_When_Version_Is_Older_Than_Current(Sqlite)" executed="True" result="Success" success="True" time="1.211" asserts="2" />
                                      <test-case name="ermeX.Tests.DAL.Integration.DataSources.AppComponentDataSourceTester.Doesnt_Update_When_Version_Is_Older_Than_Current(SqliteInMemory)" executed="True" result="Success" success="True" time="1.691" asserts="2" />
                                    </results>
                                  </test-suite>
                                  <test-suite type="ParameterizedTest" name="DontChange_Version_When_IsFromOtherComponent" executed="True" result="Success" success="True" time="3.822" asserts="0">
                                    <results>
                                      <test-case name="ermeX.Tests.DAL.Integration.DataSources.AppComponentDataSourceTester.DontChange_Version_When_IsFromOtherComponent(SqlServer2008)" executed="True" result="Success" success="True" time="1.302" asserts="2" />
                                      <test-case name="ermeX.Tests.DAL.Integration.DataSources.AppComponentDataSourceTester.DontChange_Version_When_IsFromOtherComponent(Sqlite)" executed="True" result="Success" success="True" time="1.457" asserts="2" />
                                      <test-case name="ermeX.Tests.DAL.Integration.DataSources.AppComponentDataSourceTester.DontChange_Version_When_IsFromOtherComponent(SqliteInMemory)" executed="True" result="Success" success="True" time="1.059" asserts="2" />
                                    </results>
                                  </test-suite>
                                  <test-suite type="ParameterizedTest" name="SetsVersion_When_New" executed="True" result="Success" success="True" time="3.814" asserts="0">
                                    <results>
                                      <test-case name="ermeX.Tests.DAL.Integration.DataSources.AppComponentDataSourceTester.SetsVersion_When_New(SqlServer2008)" executed="True" result="Success" success="True" time="0.957" asserts="4" />
                                      <test-case name="ermeX.Tests.DAL.Integration.DataSources.AppComponentDataSourceTester.SetsVersion_When_New(Sqlite)" executed="True" result="Success" success="True" time="1.555" asserts="4" />
                                      <test-case name="ermeX.Tests.DAL.Integration.DataSources.AppComponentDataSourceTester.SetsVersion_When_New(SqliteInMemory)" executed="True" result="Success" success="True" time="1.300" asserts="4" />
                                    </results>
                                  </test-suite>
                                  <test-suite type="ParameterizedTest" name="Updates_Version_When_Existing_With_Local" executed="True" result="Success" success="True" time="5.955" asserts="0">
                                    <results>
                                      <test-case name="ermeX.Tests.DAL.Integration.DataSources.AppComponentDataSourceTester.Updates_Version_When_Existing_With_Local(SqlServer2008)" executed="True" result="Success" success="True" time="1.837" asserts="3" />
                                      <test-case name="ermeX.Tests.DAL.Integration.DataSources.AppComponentDataSourceTester.Updates_Version_When_Existing_With_Local(Sqlite)" executed="True" result="Success" success="True" time="2.435" asserts="3" />
                                      <test-case name="ermeX.Tests.DAL.Integration.DataSources.AppComponentDataSourceTester.Updates_Version_When_Existing_With_Local(SqliteInMemory)" executed="True" result="Success" success="True" time="1.681" asserts="3" />
                                    </results>
                                  </test-suite>
                                </results>
                              </test-suite>
                              <test-suite type="TestFixture" name="ChunkedServiceRequestMessageDataSourceTester" executed="True" result="Success" success="True" time="56.463" asserts="0">
                                <results>
                                  <test-suite type="ParameterizedTest" name="CanAddRecord" executed="True" result="Success" success="True" time="10.412" asserts="0">
                                    <results>
                                      <test-case name="ermeX.Tests.DAL.Integration.DataSources.ChunkedServiceRequestMessageDataSourceTester.CanAddRecord(SqlServer2008)" executed="True" result="Success" success="True" time="4.913" asserts="2" />
                                      <test-case name="ermeX.Tests.DAL.Integration.DataSources.ChunkedServiceRequestMessageDataSourceTester.CanAddRecord(Sqlite)" executed="True" result="Success" success="True" time="2.667" asserts="2" />
                                      <test-case name="ermeX.Tests.DAL.Integration.DataSources.ChunkedServiceRequestMessageDataSourceTester.CanAddRecord(SqliteInMemory)" executed="True" result="Success" success="True" time="2.827" asserts="2" />
                                    </results>
                                  </test-suite>
                                  <test-suite type="ParameterizedTest" name="CanDelete" executed="True" result="Success" success="True" time="6.601" asserts="0">
                                    <results>
                                      <test-case name="ermeX.Tests.DAL.Integration.DataSources.ChunkedServiceRequestMessageDataSourceTester.CanDelete(SqlServer2008)" executed="True" result="Success" success="True" time="2.194" asserts="2" />
                                      <test-case name="ermeX.Tests.DAL.Integration.DataSources.ChunkedServiceRequestMessageDataSourceTester.CanDelete(Sqlite)" executed="True" result="Success" success="True" time="2.578" asserts="2" />
                                      <test-case name="ermeX.Tests.DAL.Integration.DataSources.ChunkedServiceRequestMessageDataSourceTester.CanDelete(SqliteInMemory)" executed="True" result="Success" success="True" time="1.824" asserts="2" />
                                    </results>
                                  </test-suite>
                                  <test-suite type="ParameterizedTest" name="CanDeleteByProperty" executed="True" result="Success" success="True" time="5.888" asserts="0">
                                    <results>
                                      <test-case name="ermeX.Tests.DAL.Integration.DataSources.ChunkedServiceRequestMessageDataSourceTester.CanDeleteByProperty(SqlServer2008)" executed="True" result="Success" success="True" time="2.257" asserts="2" />
                                      <test-case name="ermeX.Tests.DAL.Integration.DataSources.ChunkedServiceRequestMessageDataSourceTester.CanDeleteByProperty(Sqlite)" executed="True" result="Success" success="True" time="2.073" asserts="2" />
                                      <test-case name="ermeX.Tests.DAL.Integration.DataSources.ChunkedServiceRequestMessageDataSourceTester.CanDeleteByProperty(SqliteInMemory)" executed="True" result="Success" success="True" time="1.553" asserts="2" />
                                    </results>
                                  </test-suite>
                                  <test-suite type="ParameterizedTest" name="CanGetById" executed="True" result="Success" success="True" time="5.893" asserts="0">
                                    <results>
                                      <test-case name="ermeX.Tests.DAL.Integration.DataSources.ChunkedServiceRequestMessageDataSourceTester.CanGetById(SqlServer2008)" executed="True" result="Success" success="True" time="2.084" asserts="7" />
                                      <test-case name="ermeX.Tests.DAL.Integration.DataSources.ChunkedServiceRequestMessageDataSourceTester.CanGetById(Sqlite)" executed="True" result="Success" success="True" time="1.994" asserts="7" />
                                      <test-case name="ermeX.Tests.DAL.Integration.DataSources.ChunkedServiceRequestMessageDataSourceTester.CanGetById(SqliteInMemory)" executed="True" result="Success" success="True" time="1.812" asserts="7" />
                                    </results>
                                  </test-suite>
                                  <test-suite type="ParameterizedTest" name="CanUpdateRecord" executed="True" result="Success" success="True" time="5.922" asserts="0">
                                    <results>
                                      <test-case name="ermeX.Tests.DAL.Integration.DataSources.ChunkedServiceRequestMessageDataSourceTester.CanUpdateRecord(SqlServer2008)" executed="True" result="Success" success="True" time="2.084" asserts="1" />
                                      <test-case name="ermeX.Tests.DAL.Integration.DataSources.ChunkedServiceRequestMessageDataSourceTester.CanUpdateRecord(Sqlite)" executed="True" result="Success" success="True" time="2.243" asserts="1" />
                                      <test-case name="ermeX.Tests.DAL.Integration.DataSources.ChunkedServiceRequestMessageDataSourceTester.CanUpdateRecord(SqliteInMemory)" executed="True" result="Success" success="True" time="1.593" asserts="1" />
                                    </results>
                                  </test-suite>
                                  <test-suite type="ParameterizedTest" name="DontChange_Version_When_IsFromOtherComponent" executed="True" result="Success" success="True" time="5.822" asserts="0">
                                    <results>
                                      <test-case name="ermeX.Tests.DAL.Integration.DataSources.ChunkedServiceRequestMessageDataSourceTester.DontChange_Version_When_IsFromOtherComponent(SqlServer2008)" executed="True" result="Success" success="True" time="1.636" asserts="2" />
                                      <test-case name="ermeX.Tests.DAL.Integration.DataSources.ChunkedServiceRequestMessageDataSourceTester.DontChange_Version_When_IsFromOtherComponent(Sqlite)" executed="True" result="Success" success="True" time="2.430" asserts="2" />
                                      <test-case name="ermeX.Tests.DAL.Integration.DataSources.ChunkedServiceRequestMessageDataSourceTester.DontChange_Version_When_IsFromOtherComponent(SqliteInMemory)" executed="True" result="Success" success="True" time="1.753" asserts="2" />
                                    </results>
                                  </test-suite>
                                  <test-suite type="ParameterizedTest" name="SetsVersion_When_New" executed="True" result="Success" success="True" time="5.527" asserts="0">
                                    <results>
                                      <test-case name="ermeX.Tests.DAL.Integration.DataSources.ChunkedServiceRequestMessageDataSourceTester.SetsVersion_When_New(SqlServer2008)" executed="True" result="Success" success="True" time="2.105" asserts="4" />
                                      <test-case name="ermeX.Tests.DAL.Integration.DataSources.ChunkedServiceRequestMessageDataSourceTester.SetsVersion_When_New(Sqlite)" executed="True" result="Success" success="True" time="1.823" asserts="4" />
                                      <test-case name="ermeX.Tests.DAL.Integration.DataSources.ChunkedServiceRequestMessageDataSourceTester.SetsVersion_When_New(SqliteInMemory)" executed="True" result="Success" success="True" time="1.596" asserts="4" />
                                    </results>
                                  </test-suite>
                                  <test-suite type="ParameterizedTest" name="Updates_Version_When_Existing_With_Local" executed="True" result="Success" success="True" time="6.103" asserts="0">
                                    <results>
                                      <test-case name="ermeX.Tests.DAL.Integration.DataSources.ChunkedServiceRequestMessageDataSourceTester.Updates_Version_When_Existing_With_Local(SqlServer2008)" executed="True" result="Success" success="True" time="2.083" asserts="3" />
                                      <test-case name="ermeX.Tests.DAL.Integration.DataSources.ChunkedServiceRequestMessageDataSourceTester.Updates_Version_When_Existing_With_Local(Sqlite)" executed="True" result="Success" success="True" time="2.001" asserts="3" />
                                      <test-case name="ermeX.Tests.DAL.Integration.DataSources.ChunkedServiceRequestMessageDataSourceTester.Updates_Version_When_Existing_With_Local(SqliteInMemory)" executed="True" result="Success" success="True" time="2.016" asserts="3" />
                                    </results>
                                  </test-suite>
                                </results>
                              </test-suite>
                              <test-suite type="TestFixture" name="ConnectivityDetailsDataSourceTester" executed="True" result="Success" success="True" time="81.495" asserts="0">
                                <results>
                                  <test-suite type="ParameterizedTest" name="CanAddRecord" executed="True" result="Success" success="True" time="8.353" asserts="0">
                                    <results>
                                      <test-case name="ermeX.Tests.DAL.Integration.DataSources.ConnectivityDetailsDataSourceTester.CanAddRecord(SqlServer2008)" executed="True" result="Success" success="True" time="3.678" asserts="2" />
                                      <test-case name="ermeX.Tests.DAL.Integration.DataSources.ConnectivityDetailsDataSourceTester.CanAddRecord(Sqlite)" executed="True" result="Success" success="True" time="2.947" asserts="2" />
                                      <test-case name="ermeX.Tests.DAL.Integration.DataSources.ConnectivityDetailsDataSourceTester.CanAddRecord(SqliteInMemory)" executed="True" result="Success" success="True" time="1.726" asserts="2" />
                                    </results>
                                  </test-suite>
                                  <test-suite type="ParameterizedTest" name="CanDelete" executed="True" result="Success" success="True" time="8.540" asserts="0">
                                    <results>
                                      <test-case name="ermeX.Tests.DAL.Integration.DataSources.ConnectivityDetailsDataSourceTester.CanDelete(SqlServer2008)" executed="True" result="Success" success="True" time="1.771" asserts="2" />
                                      <test-case name="ermeX.Tests.DAL.Integration.DataSources.ConnectivityDetailsDataSourceTester.CanDelete(Sqlite)" executed="True" result="Success" success="True" time="3.924" asserts="2" />
                                      <test-case name="ermeX.Tests.DAL.Integration.DataSources.ConnectivityDetailsDataSourceTester.CanDelete(SqliteInMemory)" executed="True" result="Success" success="True" time="2.842" asserts="2" />
                                    </results>
                                  </test-suite>
                                  <test-suite type="ParameterizedTest" name="CanDeleteByProperty" executed="True" result="Success" success="True" time="7.577" asserts="0">
                                    <results>
                                      <test-case name="ermeX.Tests.DAL.Integration.DataSources.ConnectivityDetailsDataSourceTester.CanDeleteByProperty(SqlServer2008)" executed="True" result="Success" success="True" time="2.852" asserts="2" />
                                      <test-case name="ermeX.Tests.DAL.Integration.DataSources.ConnectivityDetailsDataSourceTester.CanDeleteByProperty(Sqlite)" executed="True" result="Success" success="True" time="2.167" asserts="2" />
                                      <test-case name="ermeX.Tests.DAL.Integration.DataSources.ConnectivityDetailsDataSourceTester.CanDeleteByProperty(SqliteInMemory)" executed="True" result="Success" success="True" time="2.555" asserts="2" />
                                    </results>
                                  </test-suite>
                                  <test-suite type="ParameterizedTest" name="CanGetById" executed="True" result="Success" success="True" time="8.832" asserts="0">
                                    <results>
                                      <test-case name="ermeX.Tests.DAL.Integration.DataSources.ConnectivityDetailsDataSourceTester.CanGetById(SqlServer2008)" executed="True" result="Success" success="True" time="3.848" asserts="4" />
                                      <test-case name="ermeX.Tests.DAL.Integration.DataSources.ConnectivityDetailsDataSourceTester.CanGetById(Sqlite)" executed="True" result="Success" success="True" time="2.957" asserts="4" />
                                      <test-case name="ermeX.Tests.DAL.Integration.DataSources.ConnectivityDetailsDataSourceTester.CanGetById(SqliteInMemory)" executed="True" result="Success" success="True" time="2.021" asserts="4" />
                                    </results>
                                  </test-suite>
                                  <test-suite type="ParameterizedTest" name="CanUpdateRecord" executed="True" result="Success" success="True" time="9.930" asserts="0">
                                    <results>
                                      <test-case name="ermeX.Tests.DAL.Integration.DataSources.ConnectivityDetailsDataSourceTester.CanUpdateRecord(SqlServer2008)" executed="True" result="Success" success="True" time="4.057" asserts="1" />
                                      <test-case name="ermeX.Tests.DAL.Integration.DataSources.ConnectivityDetailsDataSourceTester.CanUpdateRecord(Sqlite)" executed="True" result="Success" success="True" time="3.991" asserts="1" />
                                      <test-case name="ermeX.Tests.DAL.Integration.DataSources.ConnectivityDetailsDataSourceTester.CanUpdateRecord(SqliteInMemory)" executed="True" result="Success" success="True" time="1.878" asserts="1" />
                                    </results>
                                  </test-suite>
                                  <test-suite type="ParameterizedTest" name="Doesnt_Update_When_Version_Is_Older_Than_Current" executed="True" result="Success" success="True" time="10.004" asserts="0">
                                    <results>
                                      <test-case name="ermeX.Tests.DAL.Integration.DataSources.ConnectivityDetailsDataSourceTester.Doesnt_Update_When_Version_Is_Older_Than_Current(SqlServer2008)" executed="True" result="Success" success="True" time="4.376" asserts="2" />
                                      <test-case name="ermeX.Tests.DAL.Integration.DataSources.ConnectivityDetailsDataSourceTester.Doesnt_Update_When_Version_Is_Older_Than_Current(Sqlite)" executed="True" result="Success" success="True" time="3.237" asserts="2" />
                                      <test-case name="ermeX.Tests.DAL.Integration.DataSources.ConnectivityDetailsDataSourceTester.Doesnt_Update_When_Version_Is_Older_Than_Current(SqliteInMemory)" executed="True" result="Success" success="True" time="2.388" asserts="2" />
                                    </results>
                                  </test-suite>
                                  <test-suite type="ParameterizedTest" name="DontChange_Version_When_IsFromOtherComponent" executed="True" result="Success" success="True" time="7.040" asserts="0">
                                    <results>
                                      <test-case name="ermeX.Tests.DAL.Integration.DataSources.ConnectivityDetailsDataSourceTester.DontChange_Version_When_IsFromOtherComponent(SqlServer2008)" executed="True" result="Success" success="True" time="2.244" asserts="2" />
                                      <test-case name="ermeX.Tests.DAL.Integration.DataSources.ConnectivityDetailsDataSourceTester.DontChange_Version_When_IsFromOtherComponent(Sqlite)" executed="True" result="Success" success="True" time="2.813" asserts="2" />
                                      <test-case name="ermeX.Tests.DAL.Integration.DataSources.ConnectivityDetailsDataSourceTester.DontChange_Version_When_IsFromOtherComponent(SqliteInMemory)" executed="True" result="Success" success="True" time="1.977" asserts="2" />
                                    </results>
                                  </test-suite>
                                  <test-suite type="ParameterizedTest" name="SetsVersion_When_New" executed="True" result="Success" success="True" time="8.022" asserts="0">
                                    <results>
                                      <test-case name="ermeX.Tests.DAL.Integration.DataSources.ConnectivityDetailsDataSourceTester.SetsVersion_When_New(SqlServer2008)" executed="True" result="Success" success="True" time="1.931" asserts="4" />
                                      <test-case name="ermeX.Tests.DAL.Integration.DataSources.ConnectivityDetailsDataSourceTester.SetsVersion_When_New(Sqlite)" executed="True" result="Success" success="True" time="2.974" asserts="4" />
                                      <test-case name="ermeX.Tests.DAL.Integration.DataSources.ConnectivityDetailsDataSourceTester.SetsVersion_When_New(SqliteInMemory)" executed="True" result="Success" success="True" time="3.114" asserts="4" />
                                    </results>
                                  </test-suite>
                                  <test-suite type="ParameterizedTest" name="Updates_Version_When_Existing_With_Local" executed="True" result="Success" success="True" time="8.771" asserts="0">
                                    <results>
                                      <test-case name="ermeX.Tests.DAL.Integration.DataSources.ConnectivityDetailsDataSourceTester.Updates_Version_When_Existing_With_Local(SqlServer2008)" executed="True" result="Success" success="True" time="1.847" asserts="3" />
                                      <test-case name="ermeX.Tests.DAL.Integration.DataSources.ConnectivityDetailsDataSourceTester.Updates_Version_When_Existing_With_Local(Sqlite)" executed="True" result="Success" success="True" time="4.059" asserts="3" />
                                      <test-case name="ermeX.Tests.DAL.Integration.DataSources.ConnectivityDetailsDataSourceTester.Updates_Version_When_Existing_With_Local(SqliteInMemory)" executed="True" result="Success" success="True" time="2.860" asserts="3" />
                                    </results>
                                  </test-suite>
                                </results>
                              </test-suite>
                              <test-suite type="TestFixture" name="IncomingMessageDataSourceTester" executed="True" result="Success" success="True" time="60.808" asserts="0">
                                <results>
                                  <test-suite type="ParameterizedTest" name="CanAddRecord" executed="True" result="Success" success="True" time="9.586" asserts="0">
                                    <results>
                                      <test-case name="ermeX.Tests.DAL.Integration.DataSources.IncomingMessageDataSourceTester.CanAddRecord(SqlServer2008)" executed="True" result="Success" success="True" time="4.325" asserts="2" />
                                      <test-case name="ermeX.Tests.DAL.Integration.DataSources.IncomingMessageDataSourceTester.CanAddRecord(Sqlite)" executed="True" result="Success" success="True" time="3.125" asserts="2" />
                                      <test-case name="ermeX.Tests.DAL.Integration.DataSources.IncomingMessageDataSourceTester.CanAddRecord(SqliteInMemory)" executed="True" result="Success" success="True" time="2.132" asserts="2" />
                                    </results>
                                  </test-suite>
                                  <test-suite type="ParameterizedTest" name="CanDelete" executed="True" result="Success" success="True" time="6.499" asserts="0">
                                    <results>
                                      <test-case name="ermeX.Tests.DAL.Integration.DataSources.IncomingMessageDataSourceTester.CanDelete(SqlServer2008)" executed="True" result="Success" success="True" time="2.121" asserts="2" />
                                      <test-case name="ermeX.Tests.DAL.Integration.DataSources.IncomingMessageDataSourceTester.CanDelete(Sqlite)" executed="True" result="Success" success="True" time="2.446" asserts="2" />
                                      <test-case name="ermeX.Tests.DAL.Integration.DataSources.IncomingMessageDataSourceTester.CanDelete(SqliteInMemory)" executed="True" result="Success" success="True" time="1.929" asserts="2" />
                                    </results>
                                  </test-suite>
                                  <test-suite type="ParameterizedTest" name="CanDeleteByProperty" executed="True" result="Success" success="True" time="6.975" asserts="0">
                                    <results>
                                      <test-case name="ermeX.Tests.DAL.Integration.DataSources.IncomingMessageDataSourceTester.CanDeleteByProperty(SqlServer2008)" executed="True" result="Success" success="True" time="2.160" asserts="2" />
                                      <test-case name="ermeX.Tests.DAL.Integration.DataSources.IncomingMessageDataSourceTester.CanDeleteByProperty(Sqlite)" executed="True" result="Success" success="True" time="2.575" asserts="2" />
                                      <test-case name="ermeX.Tests.DAL.Integration.DataSources.IncomingMessageDataSourceTester.CanDeleteByProperty(SqliteInMemory)" executed="True" result="Success" success="True" time="2.237" asserts="2" />
                                    </results>
                                  </test-suite>
                                  <test-suite type="ParameterizedTest" name="CanGetById" executed="True" result="Success" success="True" time="6.435" asserts="0">
                                    <results>
                                      <test-case name="ermeX.Tests.DAL.Integration.DataSources.IncomingMessageDataSourceTester.CanGetById(SqlServer2008)" executed="True" result="Success" success="True" time="2.049" asserts="8" />
                                      <test-case name="ermeX.Tests.DAL.Integration.DataSources.IncomingMessageDataSourceTester.CanGetById(Sqlite)" executed="True" result="Success" success="True" time="2.466" asserts="8" />
                                      <test-case name="ermeX.Tests.DAL.Integration.DataSources.IncomingMessageDataSourceTester.CanGetById(SqliteInMemory)" executed="True" result="Success" success="True" time="1.917" asserts="8" />
                                    </results>
                                  </test-suite>
                                  <test-suite type="ParameterizedTest" name="CanUpdateRecord" executed="True" result="Success" success="True" time="7.268" asserts="0">
                                    <results>
                                      <test-case name="ermeX.Tests.DAL.Integration.DataSources.IncomingMessageDataSourceTester.CanUpdateRecord(SqlServer2008)" executed="True" result="Success" success="True" time="1.606" asserts="1" />
                                      <test-case name="ermeX.Tests.DAL.Integration.DataSources.IncomingMessageDataSourceTester.CanUpdateRecord(Sqlite)" executed="True" result="Success" success="True" time="2.761" asserts="1" />
                                      <test-case name="ermeX.Tests.DAL.Integration.DataSources.IncomingMessageDataSourceTester.CanUpdateRecord(SqliteInMemory)" executed="True" result="Success" success="True" time="2.898" asserts="1" />
                                    </results>
                                  </test-suite>
                                  <test-suite type="ParameterizedTest" name="DontChange_Version_When_IsFromOtherComponent" executed="True" result="Success" success="True" time="5.819" asserts="0">
                                    <results>
                                      <test-case name="ermeX.Tests.DAL.Integration.DataSources.IncomingMessageDataSourceTester.DontChange_Version_When_IsFromOtherComponent(SqlServer2008)" executed="True" result="Success" success="True" time="1.714" asserts="2" />
                                      <test-case name="ermeX.Tests.DAL.Integration.DataSources.IncomingMessageDataSourceTester.DontChange_Version_When_IsFromOtherComponent(Sqlite)" executed="True" result="Success" success="True" time="2.291" asserts="2" />
                                      <test-case name="ermeX.Tests.DAL.Integration.DataSources.IncomingMessageDataSourceTester.DontChange_Version_When_IsFromOtherComponent(SqliteInMemory)" executed="True" result="Success" success="True" time="1.811" asserts="2" />
                                    </results>
                                  </test-suite>
                                  <test-suite type="ParameterizedTest" name="SetsVersion_When_New" executed="True" result="Success" success="True" time="6.573" asserts="0">
                                    <results>
                                      <test-case name="ermeX.Tests.DAL.Integration.DataSources.IncomingMessageDataSourceTester.SetsVersion_When_New(SqlServer2008)" executed="True" result="Success" success="True" time="2.123" asserts="4" />
                                      <test-case name="ermeX.Tests.DAL.Integration.DataSources.IncomingMessageDataSourceTester.SetsVersion_When_New(Sqlite)" executed="True" result="Success" success="True" time="2.618" asserts="4" />
                                      <test-case name="ermeX.Tests.DAL.Integration.DataSources.IncomingMessageDataSourceTester.SetsVersion_When_New(SqliteInMemory)" executed="True" result="Success" success="True" time="1.829" asserts="4" />
                                    </results>
                                  </test-suite>
                                  <test-suite type="ParameterizedTest" name="Updates_Version_When_Existing_With_Local" executed="True" result="Success" success="True" time="5.999" asserts="0">
                                    <results>
                                      <test-case name="ermeX.Tests.DAL.Integration.DataSources.IncomingMessageDataSourceTester.Updates_Version_When_Existing_With_Local(SqlServer2008)" executed="True" result="Success" success="True" time="1.700" asserts="3" />
                                      <test-case name="ermeX.Tests.DAL.Integration.DataSources.IncomingMessageDataSourceTester.Updates_Version_When_Existing_With_Local(Sqlite)" executed="True" result="Success" success="True" time="2.292" asserts="3" />
                                      <test-case name="ermeX.Tests.DAL.Integration.DataSources.IncomingMessageDataSourceTester.Updates_Version_When_Existing_With_Local(SqliteInMemory)" executed="True" result="Success" success="True" time="2.004" asserts="3" />
                                    </results>
                                  </test-suite>
                                </results>
                              </test-suite>
                              <test-suite type="TestFixture" name="IncomingMessageSuscriptionsSourceTester" executed="True" result="Success" success="True" time="57.396" asserts="0">
                                <results>
                                  <test-suite type="ParameterizedTest" name="CanAddRecord" executed="True" result="Success" success="True" time="6.632" asserts="0">
                                    <results>
                                      <test-case name="ermeX.Tests.DAL.Integration.DataSources.IncomingMessageSuscriptionsSourceTester.CanAddRecord(SqlServer2008)" executed="True" result="Success" success="True" time="1.342" asserts="2" />
                                      <test-case name="ermeX.Tests.DAL.Integration.DataSources.IncomingMessageSuscriptionsSourceTester.CanAddRecord(Sqlite)" executed="True" result="Success" success="True" time="3.251" asserts="2" />
                                      <test-case name="ermeX.Tests.DAL.Integration.DataSources.IncomingMessageSuscriptionsSourceTester.CanAddRecord(SqliteInMemory)" executed="True" result="Success" success="True" time="2.036" asserts="2" />
                                    </results>
                                  </test-suite>
                                  <test-suite type="ParameterizedTest" name="CanDelete" executed="True" result="Success" success="True" time="5.907" asserts="0">
                                    <results>
                                      <test-case name="ermeX.Tests.DAL.Integration.DataSources.IncomingMessageSuscriptionsSourceTester.CanDelete(SqlServer2008)" executed="True" result="Success" success="True" time="2.109" asserts="2" />
                                      <test-case name="ermeX.Tests.DAL.Integration.DataSources.IncomingMessageSuscriptionsSourceTester.CanDelete(Sqlite)" executed="True" result="Success" success="True" time="2.050" asserts="2" />
                                      <test-case name="ermeX.Tests.DAL.Integration.DataSources.IncomingMessageSuscriptionsSourceTester.CanDelete(SqliteInMemory)" executed="True" result="Success" success="True" time="1.744" asserts="2" />
                                    </results>
                                  </test-suite>
                                  <test-suite type="ParameterizedTest" name="CanDeleteByProperty" executed="True" result="Success" success="True" time="6.802" asserts="0">
                                    <results>
                                      <test-case name="ermeX.Tests.DAL.Integration.DataSources.IncomingMessageSuscriptionsSourceTester.CanDeleteByProperty(SqlServer2008)" executed="True" result="Success" success="True" time="2.103" asserts="2" />
                                      <test-case name="ermeX.Tests.DAL.Integration.DataSources.IncomingMessageSuscriptionsSourceTester.CanDeleteByProperty(Sqlite)" executed="True" result="Success" success="True" time="3.060" asserts="2" />
                                      <test-case name="ermeX.Tests.DAL.Integration.DataSources.IncomingMessageSuscriptionsSourceTester.CanDeleteByProperty(SqliteInMemory)" executed="True" result="Success" success="True" time="1.636" asserts="2" />
                                    </results>
                                  </test-suite>
                                  <test-suite type="ParameterizedTest" name="CanGetById" executed="True" result="Success" success="True" time="6.290" asserts="0">
                                    <results>
                                      <test-case name="ermeX.Tests.DAL.Integration.DataSources.IncomingMessageSuscriptionsSourceTester.CanGetById(SqlServer2008)" executed="True" result="Success" success="True" time="2.379" asserts="6" />
                                      <test-case name="ermeX.Tests.DAL.Integration.DataSources.IncomingMessageSuscriptionsSourceTester.CanGetById(Sqlite)" executed="True" result="Success" success="True" time="2.382" asserts="6" />
                                      <test-case name="ermeX.Tests.DAL.Integration.DataSources.IncomingMessageSuscriptionsSourceTester.CanGetById(SqliteInMemory)" executed="True" result="Success" success="True" time="1.527" asserts="6" />
                                    </results>
                                  </test-suite>
                                  <test-suite type="ParameterizedTest" name="CanUpdateRecord" executed="True" result="Success" success="True" time="6.417" asserts="0">
                                    <results>
                                      <test-case name="ermeX.Tests.DAL.Integration.DataSources.IncomingMessageSuscriptionsSourceTester.CanUpdateRecord(SqlServer2008)" executed="True" result="Success" success="True" time="2.559" asserts="1" />
                                      <test-case name="ermeX.Tests.DAL.Integration.DataSources.IncomingMessageSuscriptionsSourceTester.CanUpdateRecord(Sqlite)" executed="True" result="Success" success="True" time="2.277" asserts="1" />
                                      <test-case name="ermeX.Tests.DAL.Integration.DataSources.IncomingMessageSuscriptionsSourceTester.CanUpdateRecord(SqliteInMemory)" executed="True" result="Success" success="True" time="1.578" asserts="1" />
                                    </results>
                                  </test-suite>
                                  <test-suite type="ParameterizedTest" name="DontChange_Version_When_IsFromOtherComponent" executed="True" result="Success" success="True" time="6.898" asserts="0">
                                    <results>
                                      <test-case name="ermeX.Tests.DAL.Integration.DataSources.IncomingMessageSuscriptionsSourceTester.DontChange_Version_When_IsFromOtherComponent(SqlServer2008)" executed="True" result="Success" success="True" time="2.355" asserts="2" />
                                      <test-case name="ermeX.Tests.DAL.Integration.DataSources.IncomingMessageSuscriptionsSourceTester.DontChange_Version_When_IsFromOtherComponent(Sqlite)" executed="True" result="Success" success="True" time="2.556" asserts="2" />
                                      <test-case name="ermeX.Tests.DAL.Integration.DataSources.IncomingMessageSuscriptionsSourceTester.DontChange_Version_When_IsFromOtherComponent(SqliteInMemory)" executed="True" result="Success" success="True" time="1.985" asserts="2" />
                                    </results>
                                  </test-suite>
                                  <test-suite type="ParameterizedTest" name="SetsVersion_When_New" executed="True" result="Success" success="True" time="6.140" asserts="0">
                                    <results>
                                      <test-case name="ermeX.Tests.DAL.Integration.DataSources.IncomingMessageSuscriptionsSourceTester.SetsVersion_When_New(SqlServer2008)" executed="True" result="Success" success="True" time="2.030" asserts="4" />
                                      <test-case name="ermeX.Tests.DAL.Integration.DataSources.IncomingMessageSuscriptionsSourceTester.SetsVersion_When_New(Sqlite)" executed="True" result="Success" success="True" time="2.428" asserts="4" />
                                      <test-case name="ermeX.Tests.DAL.Integration.DataSources.IncomingMessageSuscriptionsSourceTester.SetsVersion_When_New(SqliteInMemory)" executed="True" result="Success" success="True" time="1.678" asserts="4" />
                                    </results>
                                  </test-suite>
                                  <test-suite type="ParameterizedTest" name="Updates_Version_When_Existing_With_Local" executed="True" result="Success" success="True" time="7.167" asserts="0">
                                    <results>
                                      <test-case name="ermeX.Tests.DAL.Integration.DataSources.IncomingMessageSuscriptionsSourceTester.Updates_Version_When_Existing_With_Local(SqlServer2008)" executed="True" result="Success" success="True" time="2.487" asserts="3" />
                                      <test-case name="ermeX.Tests.DAL.Integration.DataSources.IncomingMessageSuscriptionsSourceTester.Updates_Version_When_Existing_With_Local(Sqlite)" executed="True" result="Success" success="True" time="2.813" asserts="3" />
                                      <test-case name="ermeX.Tests.DAL.Integration.DataSources.IncomingMessageSuscriptionsSourceTester.Updates_Version_When_Existing_With_Local(SqliteInMemory)" executed="True" result="Success" success="True" time="1.865" asserts="3" />
                                    </results>
                                  </test-suite>
                                </results>
                              </test-suite>
                              <test-suite type="TestFixture" name="OutgoingMessageDataSourceTester" executed="True" result="Success" success="True" time="59.582" asserts="0">
                                <results>
                                  <test-suite type="ParameterizedTest" name="CanAddRecord" executed="True" result="Success" success="True" time="6.012" asserts="0">
                                    <results>
                                      <test-case name="ermeX.Tests.DAL.Integration.DataSources.OutgoingMessageDataSourceTester.CanAddRecord(SqlServer2008)" executed="True" result="Success" success="True" time="1.082" asserts="2" />
                                      <test-case name="ermeX.Tests.DAL.Integration.DataSources.OutgoingMessageDataSourceTester.CanAddRecord(Sqlite)" executed="True" result="Success" success="True" time="2.999" asserts="2" />
                                      <test-case name="ermeX.Tests.DAL.Integration.DataSources.OutgoingMessageDataSourceTester.CanAddRecord(SqliteInMemory)" executed="True" result="Success" success="True" time="1.929" asserts="2" />
                                    </results>
                                  </test-suite>
                                  <test-suite type="ParameterizedTest" name="CanDelete" executed="True" result="Success" success="True" time="5.703" asserts="0">
                                    <results>
                                      <test-case name="ermeX.Tests.DAL.Integration.DataSources.OutgoingMessageDataSourceTester.CanDelete(SqlServer2008)" executed="True" result="Success" success="True" time="1.935" asserts="2" />
                                      <test-case name="ermeX.Tests.DAL.Integration.DataSources.OutgoingMessageDataSourceTester.CanDelete(Sqlite)" executed="True" result="Success" success="True" time="2.195" asserts="2" />
                                      <test-case name="ermeX.Tests.DAL.Integration.DataSources.OutgoingMessageDataSourceTester.CanDelete(SqliteInMemory)" executed="True" result="Success" success="True" time="1.571" asserts="2" />
                                    </results>
                                  </test-suite>
                                  <test-suite type="ParameterizedTest" name="CanDeleteByProperty" executed="True" result="Success" success="True" time="9.172" asserts="0">
                                    <results>
                                      <test-case name="ermeX.Tests.DAL.Integration.DataSources.OutgoingMessageDataSourceTester.CanDeleteByProperty(SqlServer2008)" executed="True" result="Success" success="True" time="3.132" asserts="2" />
                                      <test-case name="ermeX.Tests.DAL.Integration.DataSources.OutgoingMessageDataSourceTester.CanDeleteByProperty(Sqlite)" executed="True" result="Success" success="True" time="3.863" asserts="2" />
                                      <test-case name="ermeX.Tests.DAL.Integration.DataSources.OutgoingMessageDataSourceTester.CanDeleteByProperty(SqliteInMemory)" executed="True" result="Success" success="True" time="2.171" asserts="2" />
                                    </results>
                                  </test-suite>
                                  <test-suite type="ParameterizedTest" name="CanGetById" executed="True" result="Success" success="True" time="6.260" asserts="0">
                                    <results>
[...]
                          </test-suite>
                        </results>
                      </test-suite>
                      <test-suite type="TestFixture" name="SystemDialogInfrastructureTests" executed="True" result="Success" success="True" time="0.900" asserts="0">
                        <categories>
                          <category name="Core:FunctionalTest" />
                        </categories>
                        <results>
                          <test-suite type="ParameterizedTest" name="RegistersSystemSuscriptionsStartUp" executed="True" result="Success" success="True" time="0.888" asserts="0">
                            <results>
                              <test-case name="ermeX.Tests.WorldGateTests.SystemDialogInfrastructureTests.RegistersSystemSuscriptionsStartUp(SqliteInMemory)" executed="True" result="Success" success="True" time="0.888" asserts="9" />
                            </results>
                          </test-suite>
                        </results>
                      </test-suite>
                      <test-suite type="TestFixture" name="UsingMessagesClientTests" executed="True" result="Success" success="True" time="12.969" asserts="0">
                        <categories>
                          <category name="Core:FunctionalTest" />
                        </categories>
                        <results>
                          <test-suite type="ParameterizedTest" name="BaseTypeHandler_And_ConcreteHandlerType_Receives_Inherited_Message" executed="True" result="Success" success="True" time="4.303" asserts="0">
                            <results>
                              <test-case name="ermeX.Tests.WorldGateTests.UsingMessagesClientTests.BaseTypeHandler_And_ConcreteHandlerType_Receives_Inherited_Message(SqliteInMemory)" executed="True" result="Success" success="True" time="4.302" asserts="6" />
                            </results>
                          </test-suite>
                          <test-suite type="ParameterizedTest" name="BaseTypeHandler_Receives_Inherited_Message" executed="True" result="Success" success="True" time="2.266" asserts="0">
                            <results>
                              <test-case name="ermeX.Tests.WorldGateTests.UsingMessagesClientTests.BaseTypeHandler_Receives_Inherited_Message(SqliteInMemory)" executed="True" result="Success" success="True" time="2.266" asserts="3" />
                            </results>
                          </test-suite>
                          <test-suite type="ParameterizedTest" name="Can_Receive_PublishedMessage" executed="True" result="Success" success="True" time="1.839" asserts="0">
                            <results>
                              <test-case name="ermeX.Tests.WorldGateTests.UsingMessagesClientTests.Can_Receive_PublishedMessage(SqliteInMemory)" executed="True" result="Success" success="True" time="1.838" asserts="2" />
                            </results>
                          </test-suite>
                          <test-suite type="ParameterizedTest" name="Can_Receive_Several_Messages" executed="True" result="Success" success="True" time="2.133" asserts="0">
                            <results>
                              <test-case name="ermeX.Tests.WorldGateTests.UsingMessagesClientTests.Can_Receive_Several_Messages(SqliteInMemory)" executed="True" result="Success" success="True" time="2.132" asserts="4" />
                            </results>
                          </test-suite>
                          <test-suite type="ParameterizedTest" name="InterfaceTypeHandler_And_ConcreteHandlerType_Receives_Inherited_Message" executed="True" result="Success" success="True" time="2.341" asserts="0">
                            <results>
                              <test-case name="ermeX.Tests.WorldGateTests.UsingMessagesClientTests.InterfaceTypeHandler_And_ConcreteHandlerType_Receives_Inherited_Message(SqliteInMemory)" executed="True" result="Success" success="True" time="2.341" asserts="6" />
                            </results>
                          </test-suite>
                        </results>
                      </test-suite>
                      <test-suite type="TestFixture" name="UsingServicesClientTests" executed="True" result="Success" success="True" time="6.963" asserts="0">
                        <categories>
                          <category name="Core:FunctionalTest" />
                        </categories>
                        <results>
                          <test-suite type="ParameterizedTest" name="Can_GetServiceProxy" executed="True" result="Success" success="True" time="1.018" asserts="0">
                            <results>
                              <test-case name="ermeX.Tests.WorldGateTests.UsingServicesClientTests.Can_GetServiceProxy(SqliteInMemory)" executed="True" result="Success" success="True" time="1.018" asserts="1" />
                            </results>
                          </test-suite>
                          <test-suite type="ParameterizedTest" name="Can_InvokeProxy_CustomValueType_ParameterMethod" executed="True" result="Success" success="True" time="1.137" asserts="0">
                            <results>
                              <test-case name="ermeX.Tests.WorldGateTests.UsingServicesClientTests.Can_InvokeProxy_CustomValueType_ParameterMethod(SqliteInMemory)" executed="True" result="Success" success="True" time="1.136" asserts="4" />
                            </results>
                          </test-suite>
                          <test-suite type="ParameterizedTest" name="Can_InvokeProxy_EnumType_ParameterMethod" executed="True" result="Success" success="True" time="0.665" asserts="0">
                            <results>
                              <test-case name="ermeX.Tests.WorldGateTests.UsingServicesClientTests.Can_InvokeProxy_EnumType_ParameterMethod(SqliteInMemory)" executed="True" result="Success" success="True" time="0.665" asserts="5" />
                            </results>
                          </test-suite>
                          <test-suite type="ParameterizedTest" name="Can_InvokeProxy_OneParameterMethod" executed="True" result="Success" success="True" time="0.597" asserts="0">
                            <results>
                              <test-case name="ermeX.Tests.WorldGateTests.UsingServicesClientTests.Can_InvokeProxy_OneParameterMethod(SqliteInMemory)" executed="True" result="Success" success="True" time="0.597" asserts="3" />
                            </results>
                          </test-suite>
                          <test-suite type="ParameterizedTest" name="Can_InvokeProxy_ReturnMethodOneParam" executed="True" result="Success" success="True" time="0.583" asserts="0">
                            <results>
                              <test-case name="ermeX.Tests.WorldGateTests.UsingServicesClientTests.Can_InvokeProxy_ReturnMethodOneParam(SqliteInMemory)" executed="True" result="Success" success="True" time="0.582" asserts="4" />
                            </results>
                          </test-suite>
                          <test-suite type="ParameterizedTest" name="Can_InvokeProxy_Several_ValueTypes_ParametersMethod" executed="True" result="Success" success="True" time="0.536" asserts="0">
                            <results>
                              <test-case name="ermeX.Tests.WorldGateTests.UsingServicesClientTests.Can_InvokeProxy_Several_ValueTypes_ParametersMethod(SqliteInMemory)" executed="True" result="Success" success="True" time="0.536" asserts="5" />
                            </results>
                          </test-suite>
                          <test-suite type="ParameterizedTest" name="Can_InvokeProxy_SeveralParametersMethod" executed="True" result="Success" success="True" time="0.655" asserts="0">
                            <results>
                              <test-case name="ermeX.Tests.WorldGateTests.UsingServicesClientTests.Can_InvokeProxy_SeveralParametersMethod(SqliteInMemory)" executed="True" result="Success" success="True" time="0.654" asserts="4" />
                            </results>
                          </test-suite>
                          <test-suite type="ParameterizedTest" name="Can_InvokeProxyEmptyMethod" executed="True" result="Success" success="True" time="0.986" asserts="0">
                            <results>
                              <test-case name="ermeX.Tests.WorldGateTests.UsingServicesClientTests.Can_InvokeProxyEmptyMethod(SqliteInMemory)" executed="True" result="Success" success="True" time="0.986" asserts="2" />
                            </results>
                          </test-suite>
                          <test-suite type="ParameterizedTest" name="Can_InvokeProxyReturnMethod" executed="True" result="Success" success="True" time="0.690" asserts="0">
                            <results>
                              <test-case name="ermeX.Tests.WorldGateTests.UsingServicesClientTests.Can_InvokeProxyReturnMethod(SqliteInMemory)" executed="True" result="Success" success="True" time="0.689" asserts="3" />
                            </results>
                          </test-suite>
                        </results>
                      </test-suite>
                    </results>
                  </test-suite>
                </results>
              </test-suite>
            </results>
          </test-suite>
        </results>
      </test-suite>
      <test-suite type="Assembly" name="D:\JENKINS\jobs\ermeXv1.1\workspace\FrameworkVersion\4.0\Platform\x86\v1.1\Build\ScriptsBuild\..\BuildArtifacts\Binaries\4.0\x86\Release\ermeX.Tests.NonMerged.dll" executed="True" result="Success" success="True" time="0.334" asserts="0">
        <results>
          <test-suite type="Namespace" name="ermeX" executed="True" result="Success" success="True" time="0.328" asserts="0">
            <results>
              <test-suite type="Namespace" name="Tests" executed="True" result="Success" success="True" time="0.326" asserts="0">
                <results>
                  <test-suite type="Namespace" name="NonMerged" executed="True" result="Success" success="True" time="0.323" asserts="0">
                    <results>
                      <test-suite type="TestFixture" name="ResolveUnmergedTests" executed="True" result="Success" success="True" time="0.321" asserts="0">
                        <results>
                          <test-suite type="ParameterizedTest" name="CanResolveAssembly" executed="True" result="Success" success="True" time="0.184" asserts="0">
                            <results>
                              <test-case name="ermeX.Tests.NonMerged.ResolveUnmergedTests.CanResolveAssembly(&quot;Common.Logging&quot;)" executed="True" result="Success" success="True" time="0.103" asserts="1" />
                              <test-case name="ermeX.Tests.NonMerged.ResolveUnmergedTests.CanResolveAssembly(&quot;log4net&quot;)" executed="True" result="Success" success="True" time="0.000" asserts="1" />
                              <test-case name="ermeX.Tests.NonMerged.ResolveUnmergedTests.CanResolveAssembly(&quot;System.Data.SQLite&quot;)" executed="True" result="Success" success="True" time="0.073" asserts="0" />
                            </results>
                          </test-suite>
                        </results>
                      </test-suite>
                    </results>
                  </test-suite>
                </results>
              </test-suite>
            </results>
          </test-suite>
        </results>
      </test-suite>
      <test-suite type="Assembly" name="D:\JENKINS\jobs\ermeXv1.1\workspace\FrameworkVersion\4.0\Platform\x86\v1.1\Build\ScriptsBuild\..\BuildArtifacts\Binaries\4.0\x86\Release\ermeX.Tests.SupportTypes.dll" executed="False" result="NotRunnable">
        <reason>
          <message><![CDATA[Has no TestFixtures]]></message>
        </reason>
      </test-suite>
      <test-suite type="Assembly" name="D:\JENKINS\jobs\ermeXv1.1\workspace\FrameworkVersion\4.0\Platform\x86\v1.1\Build\ScriptsBuild\..\BuildArtifacts\Binaries\4.0\x86\Release\ermeX.Tests.Threading.dll" executed="True" result="Success" success="True" time="98.908" asserts="0">
        <results>
          <test-suite type="Namespace" name="ermeX" executed="True" result="Success" success="True" time="98.881" asserts="0">
            <results>
              <test-suite type="Namespace" name="Tests" executed="True" result="Success" success="True" time="98.873" asserts="0">
                <results>
                  <test-suite type="Namespace" name="Threading" executed="True" result="Success" success="True" time="98.868" asserts="0">
                    <results>
                      <test-suite type="Namespace" name="Queues" executed="True" result="Success" success="True" time="24.480" asserts="0">
                        <results>
                          <test-suite type="TestFixture" name="TestProducerParallelConsumerPriorityQueue" executed="True" result="Success" success="True" time="8.422" asserts="0">
                            <results>
                              <test-case name="ermeX.Tests.Threading.Queues.TestProducerParallelConsumerPriorityQueue.SortsByPriority" executed="True" result="Success" success="True" time="6.349" asserts="5" />
                              <test-case name="ermeX.Tests.Threading.Queues.TestProducerParallelConsumerPriorityQueue.TestProducerConsumerQueueBase.CanEnqueueDequeue" executed="True" result="Success" success="True" time="2.064" asserts="2" />
                            </results>
                          </test-suite>
                          <test-suite type="TestFixture" name="TestProducerParallelConsumerQueue" executed="True" result="Success" success="True" time="8.518" asserts="0">
                            <results>
                              <test-case name="ermeX.Tests.Threading.Queues.TestProducerParallelConsumerQueue.Create_Threads_on_Demand" executed="True" result="Success" success="True" time="6.515" asserts="4" />
                              <test-case name="ermeX.Tests.Threading.Queues.TestProducerParallelConsumerQueue.TestProducerConsumerQueueBase.CanEnqueueDequeue" executed="True" result="Success" success="True" time="2.001" asserts="2" />
                            </results>
                          </test-suite>
                          <test-suite type="TestFixture" name="TestProducerSequentialConsumerQueue" executed="True" result="Success" success="True" time="7.530" asserts="0">
                            <results>
                              <test-case name="ermeX.Tests.Threading.Queues.TestProducerSequentialConsumerQueue.Dont_Create_Threads_on_Demand" executed="True" result="Success" success="True" time="5.259" asserts="4" />
                              <test-case name="ermeX.Tests.Threading.Queues.TestProducerSequentialConsumerQueue.TestProducerConsumerQueueBase.CanEnqueueDequeue" executed="True" result="Success" success="True" time="2.000" asserts="2" />
                              <test-case name="ermeX.Tests.Threading.Queues.TestProducerSequentialConsumerQueue.When_Handling_Fails_Item_Is_Pushed_Back_To_Queue" executed="True" result="Success" success="True" time="0.254" asserts="1" />
                            </results>
                          </test-suite>
                        </results>
                      </test-suite>
                      <test-suite type="Namespace" name="Scheduler" executed="True" result="Success" success="True" time="74.377" asserts="0">
                        <results>
                          <test-suite type="TestFixture" name="JobSchedulerTests" executed="True" result="Success" success="True" time="74.377" asserts="0">
                            <results>
                              <test-case name="ermeX.Tests.Threading.Scheduler.JobSchedulerTests.Can_Dispose_When_ScheduledJobs_Pending" executed="True" result="Success" success="True" time="5.010" asserts="1" />
                              <test-suite type="ParameterizedTest" name="Can_ScheduleJob" executed="True" result="Success" success="True" time="35.062" asserts="0">
                                <results>
                                  <test-case name="ermeX.Tests.Threading.Scheduler.JobSchedulerTests.Can_ScheduleJob(1)" executed="True" result="Success" success="True" time="1.010" asserts="3" />
                                  <test-case name="ermeX.Tests.Threading.Scheduler.JobSchedulerTests.Can_ScheduleJob(2)" executed="True" result="Success" success="True" time="2.011" asserts="3" />
                                  <test-case name="ermeX.Tests.Threading.Scheduler.JobSchedulerTests.Can_ScheduleJob(3)" executed="True" result="Success" success="True" time="3.007" asserts="3" />
                                  <test-case name="ermeX.Tests.Threading.Scheduler.JobSchedulerTests.Can_ScheduleJob(4)" executed="True" result="Success" success="True" time="4.010" asserts="3" />
                                  <test-case name="ermeX.Tests.Threading.Scheduler.JobSchedulerTests.Can_ScheduleJob(5)" executed="True" result="Success" success="True" time="5.010" asserts="3" />
                                  <test-case name="ermeX.Tests.Threading.Scheduler.JobSchedulerTests.Can_ScheduleJob(20)" executed="True" result="Success" success="True" time="20.001" asserts="3" />
                                </results>
                              </test-suite>
                              <test-suite type="ParameterizedTest" name="Can_UnScheduleJob" executed="True" result="Success" success="True" time="24.011" asserts="0">
                                <results>
                                  <test-case name="ermeX.Tests.Threading.Scheduler.JobSchedulerTests.Can_UnScheduleJob(1)" executed="True" result="Success" success="True" time="6.005" asserts="2" />
                                  <test-case name="ermeX.Tests.Threading.Scheduler.JobSchedulerTests.Can_UnScheduleJob(3)" executed="True" result="Success" success="True" time="6.000" asserts="2" />
                                  <test-case name="ermeX.Tests.Threading.Scheduler.JobSchedulerTests.Can_UnScheduleJob(5)" executed="True" result="Success" success="True" time="6.000" asserts="2" />
                                  <test-case name="ermeX.Tests.Threading.Scheduler.JobSchedulerTests.Can_UnScheduleJob(15)" executed="True" result="Success" success="True" time="6.002" asserts="2" />
                                </results>
                              </test-suite>
                              <test-case name="ermeX.Tests.Threading.Scheduler.JobSchedulerTests.CanInvoke_Past_Actions" executed="True" result="Success" success="True" time="0.001" asserts="2" />
                              <test-case name="ermeX.Tests.Threading.Scheduler.JobSchedulerTests.When_Dispose_Invoked_Non_Running_Actions_Are_Never_Started" executed="True" result="Success" success="True" time="5.251" asserts="1" />
                              <test-case name="ermeX.Tests.Threading.Scheduler.JobSchedulerTests.When_Dispose_Invoked_Waits_Running_ActionsToFinish" executed="True" result="Success" success="True" time="5.002" asserts="2" />
                            </results>
                          </test-suite>
                        </results>
                      </test-suite>
                    </results>
                  </test-suite>
                </results>
              </test-suite>
            </results>
          </test-suite>
        </results>
      </test-suite>
    </results>
  </test-suite>
</test-results>