<?xml version="1.0" encoding="utf-8" standalone="no"?>
<!--This file represents the results of running a test suite-->
<test-results name="D:\JENKINS\jobs\ermeX_Blessed\workspace\FrameworkVersion\4.0\Platform\x64\blessed\Build\ScriptsBuild\..\BuildArtifacts\Binaries\4.0\x64\Release\ermeX.Tests.Bus.Listening.dll" total="381" errors="0" failures="0" not-run="36" inconclusive="7" ignored="36" skipped="0" invalid="0" date="2013-01-20" time="20:05:48">
  <environment nunit-version="2.5.6.10205" clr-version="2.0.50727.5466" os-version="Microsoft Windows NT 6.1.7601 Service Pack 1" platform="Win32NT" cwd="D:\JENKINS\jobs\ermeX_Blessed\workspace\FrameworkVersion\4.0\Platform\x64\blessed\Build\ScriptsBuild" machine-name="MIGUEL-PC" user="SYSTEM" user-domain="WORKGROUP" />
  <culture-info current-culture="es-ES" current-uiculture="es-ES" />
  <test-suite type="Test Project" name="" executed="True" result="Success" success="True" time="1628.297" asserts="0">
    <results>
      <test-suite type="Assembly" name="D:\JENKINS\jobs\ermeX_Blessed\workspace\FrameworkVersion\4.0\Platform\x64\blessed\Build\ScriptsBuild\..\BuildArtifacts\Binaries\4.0\x64\Release\ermeX.Tests.Bus.Listening.dll" executed="True" result="Success" success="True" time="12.702" asserts="0">
        <results>
          <test-suite type="Namespace" name="ermeX" executed="True" result="Success" success="True" time="12.660" asserts="0">
            <results>
              <test-suite type="Namespace" name="Tests" executed="True" result="Success" success="True" time="12.659" asserts="0">
                <results>
                  <test-suite type="Namespace" name="Bus" executed="True" result="Success" success="True" time="12.659" asserts="0">
                    <results>
                      <test-suite type="Namespace" name="Listening" executed="True" result="Success" success="True" time="12.658" asserts="0">
                        <results>
                          <test-suite type="Namespace" name="Handlers" executed="True" result="Success" success="True" time="12.648" asserts="0">
                            <results>
                              <test-suite type="Namespace" name="InternalMessageHandling" executed="True" result="Success" success="True" time="12.640" asserts="0">
                                <results>
                                  <test-suite type="TestFixture" name="ReceptionMessageHandlerTester" executed="True" result="Success" success="True" time="11.041" asserts="0">
                                    <results>
                                      <test-suite type="ParameterizedTest" name="Can_Handle_Message" executed="True" result="Success" success="True" time="10.724" asserts="0">
                                        <results>
                                          <test-case name="ermeX.Tests.Bus.Listening.Handlers.InternalMessageHandling.ReceptionMessageHandlerTester.Can_Handle_Message(SqliteInMemory)" executed="True" result="Success" success="True" time="10.713" asserts="4" />
                                        </results>
                                      </test-suite>
                                      <test-suite type="ParameterizedTest" name="Enqueues_NonDistributedMessages_OnStartUp" executed="True" result="Success" success="True" time="0.029" asserts="0">
                                        <results>
                                          <test-case name="ermeX.Tests.Bus.Listening.Handlers.InternalMessageHandling.ReceptionMessageHandlerTester.Enqueues_NonDistributedMessages_OnStartUp(SqliteInMemory)" executed="True" result="Success" success="True" time="0.028" asserts="2" />
                                        </results>
                                      </test-suite>
                                    </results>
                                  </test-suite>
                                  <test-suite type="Namespace" name="WorkflowHandlers" executed="True" result="Success" success="True" time="1.591" asserts="0">
                                    <results>
                                      <test-suite type="TestFixture" name="QueueDispatcherManagerTester" executed="True" result="Success" success="True" time="1.256" asserts="0">
                                        <results>
                                          <test-suite type="ParameterizedTest" name="Can_DeliverMany_Messages_OrderedByGeneration" executed="True" result="Success" success="True" time="1.139" asserts="0">
                                            <results>
                                              <test-case name="ermeX.Tests.Bus.Listening.Handlers.InternalMessageHandling.WorkflowHandlers.QueueDispatcherManagerTester.Can_DeliverMany_Messages_OrderedByGeneration(SqliteInMemory)" executed="True" result="Success" success="True" time="1.124" asserts="52" />
                                            </results>
                                          </test-suite>
                                          <test-suite type="ParameterizedTest" name="Can_DeliverRespecting_Latency" executed="False" result="Ignored">
                                            <reason>
                                              <message><![CDATA[This class will be upgraded ASAP. Its not worth to test more with the current resources]]></message>
                                            </reason>
                                            <results>
                                              <test-case name="ermeX.Tests.Bus.Listening.Handlers.InternalMessageHandling.WorkflowHandlers.QueueDispatcherManagerTester.Can_DeliverRespecting_Latency(SqliteInMemory)" executed="False" result="Ignored">
                                                <reason>
                                                  <message><![CDATA[This class will be upgraded ASAP. Its not worth to test more with the current resources]]></message>
                                                </reason>
                                              </test-case>
                                            </results>
                                          </test-suite>
                                          <test-suite type="ParameterizedTest" name="Can_Dispatch_Messages" executed="True" result="Success" success="True" time="0.034" asserts="0">
                                            <results>
                                              <test-case name="ermeX.Tests.Bus.Listening.Handlers.InternalMessageHandling.WorkflowHandlers.QueueDispatcherManagerTester.Can_Dispatch_Messages(SqliteInMemory)" executed="True" result="Success" success="True" time="0.034" asserts="4" />
                                            </results>
                                          </test-suite>
                                          <test-suite type="ParameterizedTest" name="Removes_Dispatched_Messages" executed="False" result="Ignored">
                                            <reason>
                                              <message><![CDATA[Its covered implicitly in other test cases]]></message>
                                            </reason>
                                            <results>
                                              <test-case name="ermeX.Tests.Bus.Listening.Handlers.InternalMessageHandling.WorkflowHandlers.QueueDispatcherManagerTester.Removes_Dispatched_Messages(SqliteInMemory)" executed="False" result="Ignored">
                                                <reason>
                                                  <message><![CDATA[Its covered implicitly in other test cases]]></message>
                                                </reason>
                                              </test-case>
                                            </results>
                                          </test-suite>
                                          <test-suite type="ParameterizedTest" name="Retries_Failed_Messages" executed="True" result="Success" success="True" time="0.050" asserts="0">
                                            <results>
                                              <test-case name="ermeX.Tests.Bus.Listening.Handlers.InternalMessageHandling.WorkflowHandlers.QueueDispatcherManagerTester.Retries_Failed_Messages(SqliteInMemory)" executed="True" result="Success" success="True" time="0.049" asserts="5" />
                                            </results>
                                          </test-suite>
                                          <test-suite type="ParameterizedTest" name="When_Disposed_Removes_ScheduledJobs" executed="False" result="Ignored">
                                            <reason>
                                              <message><![CDATA[This class will be upgraded ASAP. Its not worth to test more with the current resources]]></message>
                                            </reason>
                                            <results>
                                              <test-case name="ermeX.Tests.Bus.Listening.Handlers.InternalMessageHandling.WorkflowHandlers.QueueDispatcherManagerTester.When_Disposed_Removes_ScheduledJobs(SqliteInMemory)" executed="False" result="Ignored">
                                                <reason>
                                                  <message><![CDATA[This class will be upgraded ASAP. Its not worth to test more with the current resources]]></message>
                                                </reason>
                                              </test-case>
                                            </results>
                                          </test-suite>
                                        </results>
                                      </test-suite>
                                      <test-suite type="TestFixture" name="ReceptionMessageDistributorTester" executed="True" result="Success" success="True" time="0.327" asserts="0">
                                        <results>
                                          <test-suite type="ParameterizedTest" name="Can_Distribute_Messages" executed="True" result="Success" success="True" time="0.184" asserts="0">
                                            <results>
                                              <test-case name="ermeX.Tests.Bus.Listening.Handlers.InternalMessageHandling.WorkflowHandlers.ReceptionMessageDistributorTester.Can_Distribute_Messages(SqliteInMemory)" executed="True" result="Success" success="True" time="0.184" asserts="5" />
                                            </results>
                                          </test-suite>
                                          <test-suite type="ParameterizedTest" name="Enqueues_NonDeliveredMessages_OnStartUp" executed="True" result="Success" success="True" time="0.030" asserts="0">
                                            <results>
                                              <test-case name="ermeX.Tests.Bus.Listening.Handlers.InternalMessageHandling.WorkflowHandlers.ReceptionMessageDistributorTester.Enqueues_NonDeliveredMessages_OnStartUp(SqliteInMemory)" executed="True" result="Success" success="True" time="0.029" asserts="5" />
                                            </results>
                                          </test-suite>
                                          <test-suite type="ParameterizedTest" name="Removes_Source_Message_Once_Distributed" executed="False" result="Ignored">
                                            <reason>
                                              <message><![CDATA[Tehre are assertions in the other tests to probe this]]></message>
                                            </reason>
                                            <results>
                                              <test-case name="ermeX.Tests.Bus.Listening.Handlers.InternalMessageHandling.WorkflowHandlers.ReceptionMessageDistributorTester.Removes_Source_Message_Once_Distributed(SqliteInMemory)" executed="False" result="Ignored">
                                                <reason>
                                                  <message><![CDATA[Tehre are assertions in the other tests to probe this]]></message>
                                                </reason>
                                              </test-case>
                                            </results>
                                          </test-suite>
                                          <test-suite type="ParameterizedTest" name="When_Subscribed_ToBase_Type_Will_DistributeIt_Correctly" executed="True" result="Success" success="True" time="0.046" asserts="0">
                                            <results>
                                              <test-case name="ermeX.Tests.Bus.Listening.Handlers.InternalMessageHandling.WorkflowHandlers.ReceptionMessageDistributorTester.When_Subscribed_ToBase_Type_Will_DistributeIt_Correctly(SqliteInMemory)" executed="True" result="Success" success="True" time="0.045" asserts="5" />
                                            </results>
                                          </test-suite>
                                          <test-suite type="ParameterizedTest" name="When_Subscribed_ToConcrete_Type_Will_DistributeIt_Correctly" executed="True" result="Success" success="True" time="0.041" asserts="0">
                                            <results>
                                              <test-case name="ermeX.Tests.Bus.Listening.Handlers.InternalMessageHandling.WorkflowHandlers.ReceptionMessageDistributorTester.When_Subscribed_ToConcrete_Type_Will_DistributeIt_Correctly(SqliteInMemory)" executed="True" result="Success" success="True" time="0.040" asserts="5" />
                                            </results>
                                          </test-suite>
                                        </results>
                                      </test-suite>
                                    </results>
                                  </test-suite>
                                </results>
                              </test-suite>
                            </results>
                          </test-suite>
                        </results>
                      </test-suite>
                    </results>
                  </test-suite>
                </results>
              </test-suite>
            </results>
          </test-suite>
        </results>
      </test-suite>
      <test-suite type="Assembly" name="D:\JENKINS\jobs\ermeX_Blessed\workspace\FrameworkVersion\4.0\Platform\x64\blessed\Build\ScriptsBuild\..\BuildArtifacts\Binaries\4.0\x64\Release\ermeX.Tests.Bus.Publishing.dll" executed="True" result="Success" success="True" time="44.756" asserts="0">
        <results>
          <test-suite type="Namespace" name="ermeX" executed="True" result="Success" success="True" time="44.733" asserts="0">
            <results>
              <test-suite type="Namespace" name="Tests" executed="True" result="Success" success="True" time="44.724" asserts="0">
                <results>
                  <test-suite type="Namespace" name="Bus" executed="True" result="Success" success="True" time="44.717" asserts="0">
                    <results>
                      <test-suite type="Namespace" name="Publishing" executed="True" result="Success" success="True" time="44.708" asserts="0">
                        <results>
                          <test-suite type="Namespace" name="Dispatching" executed="True" result="Success" success="True" time="44.702" asserts="0">
                            <results>
                              <test-suite type="Namespace" name="Messages" executed="True" result="Success" success="True" time="44.697" asserts="0">
                                <results>
                                  <test-suite type="TestFixture" name="MessageCollectorTester" executed="True" result="Success" success="True" time="9.972" asserts="0">
                                    <results>
                                      <test-suite type="ParameterizedTest" name="CanDispatchMessage" executed="True" result="Success" success="True" time="9.117" asserts="0">
                                        <results>
                                          <test-case name="ermeX.Tests.Bus.Publishing.Dispatching.Messages.MessageCollectorTester.CanDispatchMessage(SqliteInMemory)" executed="True" result="Success" success="True" time="9.107" asserts="5" />
                                        </results>
                                      </test-suite>
                                      <test-suite type="ParameterizedTest" name="ComponentStopsOnDisposal" executed="True" result="Success" success="True" time="0.026" asserts="0">
                                        <results>
                                          <test-case name="ermeX.Tests.Bus.Publishing.Dispatching.Messages.MessageCollectorTester.ComponentStopsOnDisposal(SqliteInMemory)" executed="True" result="Success" success="True" time="0.026" asserts="1" />
                                        </results>
                                      </test-suite>
                                      <test-suite type="ParameterizedTest" name="RemovesExpiredItems" executed="True" result="Success" success="True" time="0.357" asserts="0">
                                        <results>
                                          <test-case name="ermeX.Tests.Bus.Publishing.Dispatching.Messages.MessageCollectorTester.RemovesExpiredItems(SqliteInMemory)" executed="True" result="Success" success="True" time="0.356" asserts="2" />
                                        </results>
                                      </test-suite>
                                      <test-suite type="ParameterizedTest" name="SendsExistingItemsOnStart" executed="True" result="Success" success="True" time="0.031" asserts="0">
                                        <results>
                                          <test-case name="ermeX.Tests.Bus.Publishing.Dispatching.Messages.MessageCollectorTester.SendsExistingItemsOnStart(SqliteInMemory)" executed="True" result="Success" success="True" time="0.030" asserts="3" />
                                        </results>
                                      </test-suite>
                                    </results>
                                  </test-suite>
                                  <test-suite type="TestFixture" name="MessageDistributorTester" executed="True" result="Success" success="True" time="12.273" asserts="0">
                                    <results>
                                      <test-suite type="ParameterizedTest" name="CanDispatch_NotSentMessage" executed="True" result="Success" success="True" time="0.630" asserts="0">
                                        <results>
                                          <test-case name="ermeX.Tests.Bus.Publishing.Dispatching.Messages.MessageDistributorTester.CanDispatch_NotSentMessage(SqliteInMemory)" executed="True" result="Success" success="True" time="0.629" asserts="12" />
                                        </results>
                                      </test-suite>
                                      <test-suite type="ParameterizedTest" name="DontDispatchSentMessage" executed="True" result="Success" success="True" time="11.623" asserts="0">
                                        <results>
                                          <test-case name="ermeX.Tests.Bus.Publishing.Dispatching.Messages.MessageDistributorTester.DontDispatchSentMessage(SqliteInMemory)" executed="True" result="Success" success="True" time="11.623" asserts="4" />
                                        </results>
                                      </test-suite>
                                    </results>
                                  </test-suite>
                                  <test-suite type="TestFixture" name="MessageSubscriberDispatcherTester" executed="True" result="Success" success="True" time="22.437" asserts="0">
                                    <results>
                                      <test-suite type="ParameterizedTest" name="AfterSend_Items_MarksThemAsSent" executed="True" result="Success" success="True" time="0.292" asserts="0">
                                        <results>
                                          <test-case name="ermeX.Tests.Bus.Publishing.Dispatching.Messages.MessageSubscriberDispatcherTester.AfterSend_Items_MarksThemAsSent(SqliteInMemory)" executed="True" result="Success" success="True" time="0.291" asserts="1" />
                                        </results>
                                      </test-suite>
                                      <test-suite type="ParameterizedTest" name="DontSend_Expired_Items" executed="True" result="Success" success="True" time="5.019" asserts="0">
                                        <results>
                                          <test-case name="ermeX.Tests.Bus.Publishing.Dispatching.Messages.MessageSubscriberDispatcherTester.DontSend_Expired_Items(SqliteInMemory)" executed="True" result="Success" success="True" time="5.018" asserts="2" />
                                        </results>
                                      </test-suite>
                                      <test-suite type="ParameterizedTest" name="RestoresPending_MessagesFrom_PreviousSessions_OnStartUp" executed="True" result="Success" success="True" time="0.049" asserts="0">
                                        <results>
                                          <test-case name="ermeX.Tests.Bus.Publishing.Dispatching.Messages.MessageSubscriberDispatcherTester.RestoresPending_MessagesFrom_PreviousSessions_OnStartUp(SqliteInMemory)" executed="True" result="Success" success="True" time="0.047" asserts="2" />
                                        </results>
                                      </test-suite>
                                      <test-suite type="ParameterizedTest" name="SendsEnqueued_Items" executed="True" result="Success" success="True" time="0.021" asserts="0">
                                        <results>
                                          <test-case name="ermeX.Tests.Bus.Publishing.Dispatching.Messages.MessageSubscriberDispatcherTester.SendsEnqueued_Items(SqliteInMemory)" executed="True" result="Success" success="True" time="0.020" asserts="2" />
                                        </results>
                                      </test-suite>
                                      <test-suite type="ParameterizedTest" name="WhenSend_Fails_Increases_Tries_And_ReEnqueuesItem" executed="True" result="Success" success="True" time="17.030" asserts="0">
                                        <results>
                                          <test-case name="ermeX.Tests.Bus.Publishing.Dispatching.Messages.MessageSubscriberDispatcherTester.WhenSend_Fails_Increases_Tries_And_ReEnqueuesItem(SqliteInMemory)" executed="True" result="Success" success="True" time="17.029" asserts="3" />
                                        </results>
                                      </test-suite>
                                    </results>
                                  </test-suite>
                                </results>
                              </test-suite>
                            </results>
                          </test-suite>
                        </results>
                      </test-suite>
                    </results>
                  </test-suite>
                </results>
              </test-suite>
            </results>
          </test-suite>
        </results>
      </test-suite>
      <test-suite type="Assembly" name="D:\JENKINS\jobs\ermeX_Blessed\workspace\FrameworkVersion\4.0\Platform\x64\blessed\Build\ScriptsBuild\..\BuildArtifacts\Binaries\4.0\x64\Release\ermeX.Tests.Common.dll" executed="False" result="NotRunnable">
        <reason>
          <message><![CDATA[Has no TestFixtures]]></message>
        </reason>
      </test-suite>
      <test-suite type="Assembly" name="D:\JENKINS\jobs\ermeX_Blessed\workspace\FrameworkVersion\4.0\Platform\x64\blessed\Build\ScriptsBuild\..\BuildArtifacts\Binaries\4.0\x64\Release\ermeX.Tests.DAL.Integration.dll" executed="True" result="Success" success="True" time="548.861" asserts="0">
        <results>
          <test-suite type="Namespace" name="ermeX" executed="True" result="Success" success="True" time="548.847" asserts="0">
            <results>
              <test-suite type="Namespace" name="Tests" executed="True" result="Success" success="True" time="548.846" asserts="0">
                <results>
                  <test-suite type="Namespace" name="DAL" executed="True" result="Success" success="True" time="548.846" asserts="0">
                    <results>
                      <test-suite type="Namespace" name="Integration" executed="True" result="Success" success="True" time="548.846" asserts="0">
                        <results>
                          <test-suite type="Namespace" name="DataSources" executed="True" result="Success" success="True" time="548.845" asserts="0">
                            <results>
                              <test-suite type="TestFixture" name="AppComponentDataSourceTester" executed="True" result="Success" success="True" time="96.878" asserts="0">
                                <results>
                                  <test-suite type="ParameterizedTest" name="CanAddRecord" executed="True" result="Success" success="True" time="19.845" asserts="0">
                                    <results>
                                      <test-case name="ermeX.Tests.DAL.Integration.DataSources.AppComponentDataSourceTester.CanAddRecord(SqlServer2008)" executed="True" result="Success" success="True" time="15.004" asserts="2" />
                                      <test-case name="ermeX.Tests.DAL.Integration.DataSources.AppComponentDataSourceTester.CanAddRecord(Sqlite)" executed="True" result="Success" success="True" time="2.702" asserts="2" />
                                      <test-case name="ermeX.Tests.DAL.Integration.DataSources.AppComponentDataSourceTester.CanAddRecord(SqliteInMemory)" executed="True" result="Success" success="True" time="2.128" asserts="2" />
                                    </results>
                                  </test-suite>
                                  <test-suite type="ParameterizedTest" name="CanDelete" executed="True" result="Success" success="True" time="6.126" asserts="0">
                                    <results>
                                      <test-case name="ermeX.Tests.DAL.Integration.DataSources.AppComponentDataSourceTester.CanDelete(SqlServer2008)" executed="True" result="Success" success="True" time="2.177" asserts="2" />
                                      <test-case name="ermeX.Tests.DAL.Integration.DataSources.AppComponentDataSourceTester.CanDelete(Sqlite)" executed="True" result="Success" success="True" time="2.256" asserts="2" />
                                      <test-case name="ermeX.Tests.DAL.Integration.DataSources.AppComponentDataSourceTester.CanDelete(SqliteInMemory)" executed="True" result="Success" success="True" time="1.690" asserts="2" />
                                    </results>
                                  </test-suite>
                                  <test-suite type="ParameterizedTest" name="CanDeleteByProperty" executed="True" result="Success" success="True" time="7.608" asserts="0">
                                    <results>
                                      <test-case name="ermeX.Tests.DAL.Integration.DataSources.AppComponentDataSourceTester.CanDeleteByProperty(SqlServer2008)" executed="True" result="Success" success="True" time="3.080" asserts="2" />
                                      <test-case name="ermeX.Tests.DAL.Integration.DataSources.AppComponentDataSourceTester.CanDeleteByProperty(Sqlite)" executed="True" result="Success" success="True" time="2.626" asserts="2" />
                                      <test-case name="ermeX.Tests.DAL.Integration.DataSources.AppComponentDataSourceTester.CanDeleteByProperty(SqliteInMemory)" executed="True" result="Success" success="True" time="1.899" asserts="2" />
                                    </results>
                                  </test-suite>
                                  <test-suite type="ParameterizedTest" name="CanGetByComponentId" executed="True" result="Success" success="True" time="6.595" asserts="0">
                                    <results>
                                      <test-case name="ermeX.Tests.DAL.Integration.DataSources.AppComponentDataSourceTester.CanGetByComponentId(SqlServer2008)" executed="True" result="Success" success="True" time="2.058" asserts="4" />
                                      <test-case name="ermeX.Tests.DAL.Integration.DataSources.AppComponentDataSourceTester.CanGetByComponentId(Sqlite)" executed="True" result="Success" success="True" time="2.066" asserts="4" />
                                      <test-case name="ermeX.Tests.DAL.Integration.DataSources.AppComponentDataSourceTester.CanGetByComponentId(SqliteInMemory)" executed="True" result="Success" success="True" time="2.469" asserts="4" />
                                    </results>
                                  </test-suite>
                                  <test-suite type="ParameterizedTest" name="CanGetById" executed="True" result="Success" success="True" time="5.650" asserts="0">
                                    <results>
                                      <test-case name="ermeX.Tests.DAL.Integration.DataSources.AppComponentDataSourceTester.CanGetById(SqlServer2008)" executed="True" result="Success" success="True" time="2.301" asserts="3" />
                                      <test-case name="ermeX.Tests.DAL.Integration.DataSources.AppComponentDataSourceTester.CanGetById(Sqlite)" executed="True" result="Success" success="True" time="1.870" asserts="3" />
                                      <test-case name="ermeX.Tests.DAL.Integration.DataSources.AppComponentDataSourceTester.CanGetById(SqliteInMemory)" executed="True" result="Success" success="True" time="1.475" asserts="3" />
                                    </results>
                                  </test-suite>
                                  <test-suite type="ParameterizedTest" name="CanUpdateExchanger" executed="True" result="Success" success="True" time="8.448" asserts="0">
                                    <results>
                                      <test-case name="ermeX.Tests.DAL.Integration.DataSources.AppComponentDataSourceTester.CanUpdateExchanger(SqlServer2008)" executed="True" result="Success" success="True" time="1.999" asserts="5" />
                                      <test-case name="ermeX.Tests.DAL.Integration.DataSources.AppComponentDataSourceTester.CanUpdateExchanger(Sqlite)" executed="True" result="Success" success="True" time="2.950" asserts="5" />
                                      <test-case name="ermeX.Tests.DAL.Integration.DataSources.AppComponentDataSourceTester.CanUpdateExchanger(SqliteInMemory)" executed="True" result="Success" success="True" time="3.495" asserts="5" />
                                    </results>
                                  </test-suite>
                                  <test-suite type="ParameterizedTest" name="CanUpdateRecord" executed="True" result="Success" success="True" time="6.364" asserts="0">
                                    <results>
                                      <test-case name="ermeX.Tests.DAL.Integration.DataSources.AppComponentDataSourceTester.CanUpdateRecord(SqlServer2008)" executed="True" result="Success" success="True" time="1.707" asserts="1" />
                                      <test-case name="ermeX.Tests.DAL.Integration.DataSources.AppComponentDataSourceTester.CanUpdateRecord(Sqlite)" executed="True" result="Success" success="True" time="2.567" asserts="1" />
                                      <test-case name="ermeX.Tests.DAL.Integration.DataSources.AppComponentDataSourceTester.CanUpdateRecord(SqliteInMemory)" executed="True" result="Success" success="True" time="2.088" asserts="1" />
                                    </results>
                                  </test-suite>
                                  <test-suite type="ParameterizedTest" name="Doesnt_Update_When_Version_Is_Older_Than_Current" executed="True" result="Success" success="True" time="7.594" asserts="0">
                                    <results>
                                      <test-case name="ermeX.Tests.DAL.Integration.DataSources.AppComponentDataSourceTester.Doesnt_Update_When_Version_Is_Older_Than_Current(SqlServer2008)" executed="True" result="Success" success="True" time="2.751" asserts="2" />
                                      <test-case name="ermeX.Tests.DAL.Integration.DataSources.AppComponentDataSourceTester.Doesnt_Update_When_Version_Is_Older_Than_Current(Sqlite)" executed="True" result="Success" success="True" time="2.950" asserts="2" />
                                      <test-case name="ermeX.Tests.DAL.Integration.DataSources.AppComponentDataSourceTester.Doesnt_Update_When_Version_Is_Older_Than_Current(SqliteInMemory)" executed="True" result="Success" success="True" time="1.890" asserts="2" />
                                    </results>
                                  </test-suite>
                                  <test-suite type="ParameterizedTest" name="DontChange_Version_When_IsFromOtherComponent" executed="True" result="Success" success="True" time="6.979" asserts="0">
                                    <results>
                                      <test-case name="ermeX.Tests.DAL.Integration.DataSources.AppComponentDataSourceTester.DontChange_Version_When_IsFromOtherComponent(SqlServer2008)" executed="True" result="Success" success="True" time="2.562" asserts="2" />
                                      <test-case name="ermeX.Tests.DAL.Integration.DataSources.AppComponentDataSourceTester.DontChange_Version_When_IsFromOtherComponent(Sqlite)" executed="True" result="Success" success="True" time="1.980" asserts="2" />
                                      <test-case name="ermeX.Tests.DAL.Integration.DataSources.AppComponentDataSourceTester.DontChange_Version_When_IsFromOtherComponent(SqliteInMemory)" executed="True" result="Success" success="True" time="2.435" asserts="2" />
                                    </results>
                                  </test-suite>
                                  <test-suite type="ParameterizedTest" name="SetsVersion_When_New" executed="True" result="Success" success="True" time="6.656" asserts="0">
                                    <results>
                                      <test-case name="ermeX.Tests.DAL.Integration.DataSources.AppComponentDataSourceTester.SetsVersion_When_New(SqlServer2008)" executed="True" result="Success" success="True" time="1.812" asserts="4" />
                                      <test-case name="ermeX.Tests.DAL.Integration.DataSources.AppComponentDataSourceTester.SetsVersion_When_New(Sqlite)" executed="True" result="Success" success="True" time="2.940" asserts="4" />
                                      <test-case name="ermeX.Tests.DAL.Integration.DataSources.AppComponentDataSourceTester.SetsVersion_When_New(SqliteInMemory)" executed="True" result="Success" success="True" time="1.899" asserts="4" />
                                    </results>
                                  </test-suite>
                                  <test-suite type="ParameterizedTest" name="Updates_Version_When_Existing_With_Local" executed="True" result="Success" success="True" time="8.962" asserts="0">
                                    <results>
                                      <test-case name="ermeX.Tests.DAL.Integration.DataSources.AppComponentDataSourceTester.Updates_Version_When_Existing_With_Local(SqlServer2008)" executed="True" result="Success" success="True" time="3.463" asserts="3" />
                                      <test-case name="ermeX.Tests.DAL.Integration.DataSources.AppComponentDataSourceTester.Updates_Version_When_Existing_With_Local(Sqlite)" executed="True" result="Success" success="True" time="2.759" asserts="3" />
                                      <test-case name="ermeX.Tests.DAL.Integration.DataSources.AppComponentDataSourceTester.Updates_Version_When_Existing_With_Local(SqliteInMemory)" executed="True" result="Success" success="True" time="2.734" asserts="3" />
                                    </results>
                                  </test-suite>
                                </results>
                              </test-suite>
                              <test-suite type="TestFixture" name="ChunkedServiceRequestMessageDataSourceTester" executed="True" result="Success" success="True" time="62.993" asserts="0">
                                <results>
                                  <test-suite type="ParameterizedTest" name="CanAddRecord" executed="True" result="Success" success="True" time="8.761" asserts="0">
                                    <results>
                                      <test-case name="ermeX.Tests.DAL.Integration.DataSources.ChunkedServiceRequestMessageDataSourceTester.CanAddRecord(SqlServer2008)" executed="True" result="Success" success="True" time="4.162" asserts="2" />
                                      <test-case name="ermeX.Tests.DAL.Integration.DataSources.ChunkedServiceRequestMessageDataSourceTester.CanAddRecord(Sqlite)" executed="True" result="Success" success="True" time="2.650" asserts="2" />
                                      <test-case name="ermeX.Tests.DAL.Integration.DataSources.ChunkedServiceRequestMessageDataSourceTester.CanAddRecord(SqliteInMemory)" executed="True" result="Success" success="True" time="1.943" asserts="2" />
                                    </results>
                                  </test-suite>
                                  <test-suite type="ParameterizedTest" name="CanDelete" executed="True" result="Success" success="True" time="6.546" asserts="0">
                                    <results>
                                      <test-case name="ermeX.Tests.DAL.Integration.DataSources.ChunkedServiceRequestMessageDataSourceTester.CanDelete(SqlServer2008)" executed="True" result="Success" success="True" time="2.404" asserts="2" />
                                      <test-case name="ermeX.Tests.DAL.Integration.DataSources.ChunkedServiceRequestMessageDataSourceTester.CanDelete(Sqlite)" executed="True" result="Success" success="True" time="2.507" asserts="2" />
                                      <test-case name="ermeX.Tests.DAL.Integration.DataSources.ChunkedServiceRequestMessageDataSourceTester.CanDelete(SqliteInMemory)" executed="True" result="Success" success="True" time="1.632" asserts="2" />
                                    </results>
                                  </test-suite>
                                  <test-suite type="ParameterizedTest" name="CanDeleteByProperty" executed="True" result="Success" success="True" time="8.178" asserts="0">
                                    <results>
                                      <test-case name="ermeX.Tests.DAL.Integration.DataSources.ChunkedServiceRequestMessageDataSourceTester.CanDeleteByProperty(SqlServer2008)" executed="True" result="Success" success="True" time="2.772" asserts="2" />
                                      <test-case name="ermeX.Tests.DAL.Integration.DataSources.ChunkedServiceRequestMessageDataSourceTester.CanDeleteByProperty(Sqlite)" executed="True" result="Success" success="True" time="2.975" asserts="2" />
                                      <test-case name="ermeX.Tests.DAL.Integration.DataSources.ChunkedServiceRequestMessageDataSourceTester.CanDeleteByProperty(SqliteInMemory)" executed="True" result="Success" success="True" time="2.427" asserts="2" />
                                    </results>
                                  </test-suite>
                                  <test-suite type="ParameterizedTest" name="CanGetById" executed="True" result="Success" success="True" time="5.548" asserts="0">
                                    <results>
                                      <test-case name="ermeX.Tests.DAL.Integration.DataSources.ChunkedServiceRequestMessageDataSourceTester.CanGetById(SqlServer2008)" executed="True" result="Success" success="True" time="1.587" asserts="7" />
                                      <test-case name="ermeX.Tests.DAL.Integration.DataSources.ChunkedServiceRequestMessageDataSourceTester.CanGetById(Sqlite)" executed="True" result="Success" success="True" time="2.172" asserts="7" />
                                      <test-case name="ermeX.Tests.DAL.Integration.DataSources.ChunkedServiceRequestMessageDataSourceTester.CanGetById(SqliteInMemory)" executed="True" result="Success" success="True" time="1.787" asserts="7" />
                                    </results>
                                  </test-suite>
                                  <test-suite type="ParameterizedTest" name="CanUpdateRecord" executed="True" result="Success" success="True" time="6.873" asserts="0">
                                    <results>
                                      <test-case name="ermeX.Tests.DAL.Integration.DataSources.ChunkedServiceRequestMessageDataSourceTester.CanUpdateRecord(SqlServer2008)" executed="True" result="Success" success="True" time="1.989" asserts="1" />
                                      <test-case name="ermeX.Tests.DAL.Integration.DataSources.ChunkedServiceRequestMessageDataSourceTester.CanUpdateRecord(Sqlite)" executed="True" result="Success" success="True" time="3.143" asserts="1" />
                                      <test-case name="ermeX.Tests.DAL.Integration.DataSources.ChunkedServiceRequestMessageDataSourceTester.CanUpdateRecord(SqliteInMemory)" executed="True" result="Success" success="True" time="1.739" asserts="1" />
                                    </results>
                                  </test-suite>
                                  <test-suite type="ParameterizedTest" name="DontChange_Version_When_IsFromOtherComponent" executed="True" result="Success" success="True" time="6.446" asserts="0">
                                    <results>
                                      <test-case name="ermeX.Tests.DAL.Integration.DataSources.ChunkedServiceRequestMessageDataSourceTester.DontChange_Version_When_IsFromOtherComponent(SqlServer2008)" executed="True" result="Success" success="True" time="1.718" asserts="2" />
                                      <test-case name="ermeX.Tests.DAL.Integration.DataSources.ChunkedServiceRequestMessageDataSourceTester.DontChange_Version_When_IsFromOtherComponent(Sqlite)" executed="True" result="Success" success="True" time="2.031" asserts="2" />
                                      <test-case name="ermeX.Tests.DAL.Integration.DataSources.ChunkedServiceRequestMessageDataSourceTester.DontChange_Version_When_IsFromOtherComponent(SqliteInMemory)" executed="True" result="Success" success="True" time="2.693" asserts="2" />
                                    </results>
                                  </test-suite>
                                  <test-suite type="ParameterizedTest" name="SetsVersion_When_New" executed="True" result="Success" success="True" time="7.153" asserts="0">
                                    <results>
                                      <test-case name="ermeX.Tests.DAL.Integration.DataSources.ChunkedServiceRequestMessageDataSourceTester.SetsVersion_When_New(SqlServer2008)" executed="True" result="Success" success="True" time="2.011" asserts="4" />
                                      <test-case name="ermeX.Tests.DAL.Integration.DataSources.ChunkedServiceRequestMessageDataSourceTester.SetsVersion_When_New(Sqlite)" executed="True" result="Success" success="True" time="2.518" asserts="4" />
                                      <test-case name="ermeX.Tests.DAL.Integration.DataSources.ChunkedServiceRequestMessageDataSourceTester.SetsVersion_When_New(SqliteInMemory)" executed="True" result="Success" success="True" time="2.619" asserts="4" />
                                    </results>
                                  </test-suite>
                                  <test-suite type="ParameterizedTest" name="Updates_Version_When_Existing_With_Local" executed="True" result="Success" success="True" time="8.337" asserts="0">
                                    <results>
                                      <test-case name="ermeX.Tests.DAL.Integration.DataSources.ChunkedServiceRequestMessageDataSourceTester.Updates_Version_When_Existing_With_Local(SqlServer2008)" executed="True" result="Success" success="True" time="2.595" asserts="3" />
                                      <test-case name="ermeX.Tests.DAL.Integration.DataSources.ChunkedServiceRequestMessageDataSourceTester.Updates_Version_When_Existing_With_Local(Sqlite)" executed="True" result="Success" success="True" time="2.463" asserts="3" />
                                      <test-case name="ermeX.Tests.DAL.Integration.DataSources.ChunkedServiceRequestMessageDataSourceTester.Updates_Version_When_Existing_With_Local(SqliteInMemory)" executed="True" result="Success" success="True" time="3.275" asserts="3" />
                                    </results>
                                  </test-suite>
                                </results>
                              </test-suite>
                              <test-suite type="TestFixture" name="ConnectivityDetailsDataSourceTester" executed="True" result="Success" success="True" time="69.228" asserts="0">
                                <results>
                                  <test-suite type="ParameterizedTest" name="CanAddRecord" executed="True" result="Success" success="True" time="10.389" asserts="0">
                                    <results>
                                      <test-case name="ermeX.Tests.DAL.Integration.DataSources.ConnectivityDetailsDataSourceTester.CanAddRecord(SqlServer2008)" executed="True" result="Success" success="True" time="4.336" asserts="2" />
                                      <test-case name="ermeX.Tests.DAL.Integration.DataSources.ConnectivityDetailsDataSourceTester.CanAddRecord(Sqlite)" executed="True" result="Success" success="True" time="3.819" asserts="2" />
                                      <test-case name="ermeX.Tests.DAL.Integration.DataSources.ConnectivityDetailsDataSourceTester.CanAddRecord(SqliteInMemory)" executed="True" result="Success" success="True" time="2.228" asserts="2" />
                                    </results>
                                  </test-suite>
                                  <test-suite type="ParameterizedTest" name="CanDelete" executed="True" result="Success" success="True" time="6.239" asserts="0">
                                    <results>
                                      <test-case name="ermeX.Tests.DAL.Integration.DataSources.ConnectivityDetailsDataSourceTester.CanDelete(SqlServer2008)" executed="True" result="Success" success="True" time="1.788" asserts="2" />
                                      <test-case name="ermeX.Tests.DAL.Integration.DataSources.ConnectivityDetailsDataSourceTester.CanDelete(Sqlite)" executed="True" result="Success" success="True" time="2.581" asserts="2" />
                                      <test-case name="ermeX.Tests.DAL.Integration.DataSources.ConnectivityDetailsDataSourceTester.CanDelete(SqliteInMemory)" executed="True" result="Success" success="True" time="1.865" asserts="2" />
                                    </results>
                                  </test-suite>
                                  <test-suite type="ParameterizedTest" name="CanDeleteByProperty" executed="True" result="Success" success="True" time="6.410" asserts="0">
                                    <results>
                                      <test-case name="ermeX.Tests.DAL.Integration.DataSources.ConnectivityDetailsDataSourceTester.CanDeleteByProperty(SqlServer2008)" executed="True" result="Success" success="True" time="2.131" asserts="2" />
                                      <test-case name="ermeX.Tests.DAL.Integration.DataSources.ConnectivityDetailsDataSourceTester.CanDeleteByProperty(Sqlite)" executed="True" result="Success" success="True" time="2.490" asserts="2" />
                                      <test-case name="ermeX.Tests.DAL.Integration.DataSources.ConnectivityDetailsDataSourceTester.CanDeleteByProperty(SqliteInMemory)" executed="True" result="Success" success="True" time="1.787" asserts="2" />
                                    </results>
                                  </test-suite>
                                  <test-suite type="ParameterizedTest" name="CanGetById" executed="True" result="Success" success="True" time="6.967" asserts="0">
                                    <results>
                                      <test-case name="ermeX.Tests.DAL.Integration.DataSources.ConnectivityDetailsDataSourceTester.CanGetById(SqlServer2008)" executed="True" result="Success" success="True" time="2.181" asserts="4" />
                                      <test-case name="ermeX.Tests.DAL.Integration.DataSources.ConnectivityDetailsDataSourceTester.CanGetById(Sqlite)" executed="True" result="Success" success="True" time="2.928" asserts="4" />
                                      <test-case name="ermeX.Tests.DAL.Integration.DataSources.ConnectivityDetailsDataSourceTester.CanGetById(SqliteInMemory)" executed="True" result="Success" success="True" time="1.855" asserts="4" />
                                    </results>
                                  </test-suite>
                                  <test-suite type="ParameterizedTest" name="CanUpdateRecord" executed="True" result="Success" success="True" time="6.695" asserts="0">
                                    <results>
                                      <test-case name="ermeX.Tests.DAL.Integration.DataSources.ConnectivityDetailsDataSourceTester.CanUpdateRecord(SqlServer2008)" executed="True" result="Success" success="True" time="1.921" asserts="1" />
                                      <test-case name="ermeX.Tests.DAL.Integration.DataSources.ConnectivityDetailsDataSourceTester.CanUpdateRecord(Sqlite)" executed="True" result="Success" success="True" time="2.882" asserts="1" />
                                      <test-case name="ermeX.Tests.DAL.Integration.DataSources.ConnectivityDetailsDataSourceTester.CanUpdateRecord(SqliteInMemory)" executed="True" result="Success" success="True" time="1.888" asserts="1" />
                                    </results>
                                  </test-suite>
                                  <test-suite type="ParameterizedTest" name="Doesnt_Update_When_Version_Is_Older_Than_Current" executed="True" result="Success" success="True" time="6.057" asserts="0">
                                    <results>
                                      <test-case name="ermeX.Tests.DAL.Integration.DataSources.ConnectivityDetailsDataSourceTester.Doesnt_Update_When_Version_Is_Older_Than_Current(SqlServer2008)" executed="True" result="Success" success="True" time="2.001" asserts="2" />
                                      <test-case name="ermeX.Tests.DAL.Integration.DataSources.ConnectivityDetailsDataSourceTester.Doesnt_Update_When_Version_Is_Older_Than_Current(Sqlite)" executed="True" result="Success" success="True" time="2.313" asserts="2" />
                                      <test-case name="ermeX.Tests.DAL.Integration.DataSources.ConnectivityDetailsDataSourceTester.Doesnt_Update_When_Version_Is_Older_Than_Current(SqliteInMemory)" executed="True" result="Success" success="True" time="1.738" asserts="2" />
                                    </results>
                                  </test-suite>
                                  <test-suite type="ParameterizedTest" name="DontChange_Version_When_IsFromOtherComponent" executed="True" result="Success" success="True" time="7.150" asserts="0">
                                    <results>
                                      <test-case name="ermeX.Tests.DAL.Integration.DataSources.ConnectivityDetailsDataSourceTester.DontChange_Version_When_IsFromOtherComponent(SqlServer2008)" executed="True" result="Success" success="True" time="2.375" asserts="2" />
                                      <test-case name="ermeX.Tests.DAL.Integration.DataSources.ConnectivityDetailsDataSourceTester.DontChange_Version_When_IsFromOtherComponent(Sqlite)" executed="True" result="Success" success="True" time="2.503" asserts="2" />
                                      <test-case name="ermeX.Tests.DAL.Integration.DataSources.ConnectivityDetailsDataSourceTester.DontChange_Version_When_IsFromOtherComponent(SqliteInMemory)" executed="True" result="Success" success="True" time="2.266" asserts="2" />
                                    </results>
                                  </test-suite>
                                  <test-suite type="ParameterizedTest" name="SetsVersion_When_New" executed="True" result="Success" success="True" time="6.267" asserts="0">
                                    <results>
                                      <test-case name="ermeX.Tests.DAL.Integration.DataSources.ConnectivityDetailsDataSourceTester.SetsVersion_When_New(SqlServer2008)" executed="True" result="Success" success="True" time="2.099" asserts="4" />
                                      <test-case name="ermeX.Tests.DAL.Integration.DataSources.ConnectivityDetailsDataSourceTester.SetsVersion_When_New(Sqlite)" executed="True" result="Success" success="True" time="2.503" asserts="4" />
                                      <test-case name="ermeX.Tests.DAL.Integration.DataSources.ConnectivityDetailsDataSourceTester.SetsVersion_When_New(SqliteInMemory)" executed="True" result="Success" success="True" time="1.663" asserts="4" />
                                    </results>
                                  </test-suite>
                                  <test-suite type="ParameterizedTest" name="Updates_Version_When_Existing_With_Local" executed="True" result="Success" success="True" time="7.492" asserts="0">
                                    <results>
                                      <test-case name="ermeX.Tests.DAL.Integration.DataSources.ConnectivityDetailsDataSourceTester.Updates_Version_When_Existing_With_Local(SqlServer2008)" executed="True" result="Success" success="True" time="2.413" asserts="3" />
                                      <test-case name="ermeX.Tests.DAL.Integration.DataSources.ConnectivityDetailsDataSourceTester.Updates_Version_When_Existing_With_Local(Sqlite)" executed="True" result="Success" success="True" time="2.605" asserts="3" />
                                      <test-case name="ermeX.Tests.DAL.Integration.DataSources.ConnectivityDetailsDataSourceTester.Updates_Version_When_Existing_With_Local(SqliteInMemory)" executed="True" result="Success" success="True" time="2.471" asserts="3" />
                                    </results>
                                  </test-suite>
                                </results>
                              </test-suite>
                              <test-suite type="TestFixture" name="IncomingMessageDataSourceTester" executed="True" result="Success" success="True" time="60.680" asserts="0">
                                <results>
                                  <test-suite type="ParameterizedTest" name="CanAddRecord" executed="True" result="Success" success="True" time="9.845" asserts="0">
                                    <results>
                                      <test-case name="ermeX.Tests.DAL.Integration.DataSources.IncomingMessageDataSourceTester.CanAddRecord(SqlServer2008)" executed="True" result="Success" success="True" time="4.694" asserts="2" />
                                      <test-case name="ermeX.Tests.DAL.Integration.DataSources.IncomingMessageDataSourceTester.CanAddRecord(Sqlite)" executed="True" result="Success" success="True" time="3.096" asserts="2" />
                                      <test-case name="ermeX.Tests.DAL.Integration.DataSources.IncomingMessageDataSourceTester.CanAddRecord(SqliteInMemory)" executed="True" result="Success" success="True" time="2.051" asserts="2" />
                                    </results>
                                  </test-suite>
                                  <test-suite type="ParameterizedTest" name="CanDelete" executed="True" result="Success" success="True" time="6.313" asserts="0">
                                    <results>
                                      <test-case name="ermeX.Tests.DAL.Integration.DataSources.IncomingMessageDataSourceTester.CanDelete(SqlServer2008)" executed="True" result="Success" success="True" time="1.932" asserts="2" />
                                      <test-case name="ermeX.Tests.DAL.Integration.DataSources.IncomingMessageDataSourceTester.CanDelete(Sqlite)" executed="True" result="Success" success="True" time="2.425" asserts="2" />
                                      <test-case name="ermeX.Tests.DAL.Integration.DataSources.IncomingMessageDataSourceTester.CanDelete(SqliteInMemory)" executed="True" result="Success" success="True" time="1.951" asserts="2" />
                                    </results>
                                  </test-suite>
                                  <test-suite type="ParameterizedTest" name="CanDeleteByProperty" executed="True" result="Success" success="True" time="7.901" asserts="0">
                                    <results>
                                      <test-case name="ermeX.Tests.DAL.Integration.DataSources.IncomingMessageDataSourceTester.CanDeleteByProperty(SqlServer2008)" executed="True" result="Success" success="True" time="2.862" asserts="2" />
                                      <test-case name="ermeX.Tests.DAL.Integration.DataSources.IncomingMessageDataSourceTester.CanDeleteByProperty(Sqlite)" executed="True" result="Success" success="True" time="2.873" asserts="2" />
                                      <test-case name="ermeX.Tests.DAL.Integration.DataSources.IncomingMessageDataSourceTester.CanDeleteByProperty(SqliteInMemory)" executed="True" result="Success" success="True" time="2.161" asserts="2" />
                                    </results>
                                  </test-suite>
                                  <test-suite type="ParameterizedTest" name="CanGetById" executed="True" result="Success" success="True" time="6.429" asserts="0">
                                    <results>
                                      <test-case name="ermeX.Tests.DAL.Integration.DataSources.IncomingMessageDataSourceTester.CanGetById(SqlServer2008)" executed="True" result="Success" success="True" time="1.808" asserts="8" />
                                      <test-case name="ermeX.Tests.DAL.Integration.DataSources.IncomingMessageDataSourceTester.CanGetById(Sqlite)" executed="True" result="Success" success="True" time="2.801" asserts="8" />
                                      <test-case name="ermeX.Tests.DAL.Integration.DataSources.IncomingMessageDataSourceTester.CanGetById(SqliteInMemory)" executed="True" result="Success" success="True" time="1.816" asserts="8" />
                                    </results>
                                  </test-suite>
                                  <test-suite type="ParameterizedTest" name="CanUpdateRecord" executed="True" result="Success" success="True" time="6.309" asserts="0">
                                    <results>
                                      <test-case name="ermeX.Tests.DAL.Integration.DataSources.IncomingMessageDataSourceTester.CanUpdateRecord(SqlServer2008)" executed="True" result="Success" success="True" time="1.956" asserts="1" />
                                      <test-case name="ermeX.Tests.DAL.Integration.DataSources.IncomingMessageDataSourceTester.CanUpdateRecord(Sqlite)" executed="True" result="Success" success="True" time="2.281" asserts="1" />
                                      <test-case name="ermeX.Tests.DAL.Integration.DataSources.IncomingMessageDataSourceTester.CanUpdateRecord(SqliteInMemory)" executed="True" result="Success" success="True" time="2.069" asserts="1" />
                                    </results>
                                  </test-suite>
                                  <test-suite type="ParameterizedTest" name="DontChange_Version_When_IsFromOtherComponent" executed="True" result="Success" success="True" time="6.193" asserts="0">
                                    <results>
                                      <test-case name="ermeX.Tests.DAL.Integration.DataSources.IncomingMessageDataSourceTester.DontChange_Version_When_IsFromOtherComponent(SqlServer2008)" executed="True" result="Success" success="True" time="1.941" asserts="2" />
                                      <test-case name="ermeX.Tests.DAL.Integration.DataSources.IncomingMessageDataSourceTester.DontChange_Version_When_IsFromOtherComponent(Sqlite)" executed="True" result="Success" success="True" time="2.570" asserts="2" />
                                      <test-case name="ermeX.Tests.DAL.Integration.DataSources.IncomingMessageDataSourceTester.DontChange_Version_When_IsFromOtherComponent(SqliteInMemory)" executed="True" result="Success" success="True" time="1.679" asserts="2" />
                                    </results>
                                  </test-suite>
                                  <test-suite type="ParameterizedTest" name="SetsVersion_When_New" executed="True" result="Success" success="True" time="5.361" asserts="0">
                                    <results>
                                      <test-case name="ermeX.Tests.DAL.Integration.DataSources.IncomingMessageDataSourceTester.SetsVersion_When_New(SqlServer2008)" executed="True" result="Success" success="True" time="1.780" asserts="4" />
                                      <test-case name="ermeX.Tests.DAL.Integration.DataSources.IncomingMessageDataSourceTester.SetsVersion_When_New(Sqlite)" executed="True" result="Success" success="True" time="1.997" asserts="4" />
                                      <test-case name="ermeX.Tests.DAL.Integration.DataSources.IncomingMessageDataSourceTester.SetsVersion_When_New(SqliteInMemory)" executed="True" result="Success" success="True" time="1.576" asserts="4" />
                                    </results>
                                  </test-suite>
                                  <test-suite type="ParameterizedTest" name="Updates_Version_When_Existing_With_Local" executed="True" result="Success" success="True" time="6.722" asserts="0">
                                    <results>
                                      <test-case name="ermeX.Tests.DAL.Integration.DataSources.IncomingMessageDataSourceTester.Updates_Version_When_Existing_With_Local(SqlServer2008)" executed="True" result="Success" success="True" time="2.000" asserts="3" />
                                      <test-case name="ermeX.Tests.DAL.Integration.DataSources.IncomingMessageDataSourceTester.Updates_Version_When_Existing_With_Local(Sqlite)" executed="True" result="Success" success="True" time="2.839" asserts="3" />
                                      <test-case name="ermeX.Tests.DAL.Integration.DataSources.IncomingMessageDataSourceTester.Updates_Version_When_Existing_With_Local(SqliteInMemory)" executed="True" result="Success" success="True" time="1.879" asserts="3" />
                                    </results>
                                  </test-suite>
                                </results>
                              </test-suite>
                              <test-suite type="TestFixture" name="IncomingMessageSuscriptionsSourceTester" executed="True" result="Success" success="True" time="65.416" asserts="0">
                                <results>
                                  <test-suite type="ParameterizedTest" name="CanAddRecord" executed="True" result="Success" success="True" time="10.885" asserts="0">
                                    <results>
                                      <test-case name="ermeX.Tests.DAL.Integration.DataSources.IncomingMessageSuscriptionsSourceTester.CanAddRecord(SqlServer2008)" executed="True" result="Success" success="True" time="5.048" asserts="2" />
                                      <test-case name="ermeX.Tests.DAL.Integration.DataSources.IncomingMessageSuscriptionsSourceTester.CanAddRecord(Sqlite)" executed="True" result="Success" success="True" time="3.728" asserts="2" />
                                      <test-case name="ermeX.Tests.DAL.Integration.DataSources.IncomingMessageSuscriptionsSourceTester.CanAddRecord(SqliteInMemory)" executed="True" result="Success" success="True" time="2.102" asserts="2" />
                                    </results>
                                  </test-suite>
                                  <test-suite type="ParameterizedTest" name="CanDelete" executed="True" result="Success" success="True" time="7.027" asserts="0">
                                    <results>
                                      <test-case name="ermeX.Tests.DAL.Integration.DataSources.IncomingMessageSuscriptionsSourceTester.CanDelete(SqlServer2008)" executed="True" result="Success" success="True" time="2.060" asserts="2" />
                                      <test-case name="ermeX.Tests.DAL.Integration.DataSources.IncomingMessageSuscriptionsSourceTester.CanDelete(Sqlite)" executed="True" result="Success" success="True" time="3.035" asserts="2" />
                                      <test-case name="ermeX.Tests.DAL.Integration.DataSources.IncomingMessageSuscriptionsSourceTester.CanDelete(SqliteInMemory)" executed="True" result="Success" success="True" time="1.930" asserts="2" />
                                    </results>
                                  </test-suite>
                                  <test-suite type="ParameterizedTest" name="CanDeleteByProperty" executed="True" result="Success" success="True" time="7.649" asserts="0">
                                    <results>
                                      <test-case name="ermeX.Tests.DAL.Integration.DataSources.IncomingMessageSuscriptionsSourceTester.CanDeleteByProperty(SqlServer2008)" executed="True" result="Success" success="True" time="2.385" asserts="2" />
                                      <test-case name="ermeX.Tests.DAL.Integration.DataSources.IncomingMessageSuscriptionsSourceTester.CanDeleteByProperty(Sqlite)" executed="True" result="Success" success="True" time="3.564" asserts="2" />
                                      <test-case name="ermeX.Tests.DAL.Integration.DataSources.IncomingMessageSuscriptionsSourceTester.CanDeleteByProperty(SqliteInMemory)" executed="True" result="Success" success="True" time="1.696" asserts="2" />
                                    </results>
                                  </test-suite>
                                  <test-suite type="ParameterizedTest" name="CanGetById" executed="True" result="Success" success="True" time="6.407" asserts="0">
                                    <results>
                                      <test-case name="ermeX.Tests.DAL.Integration.DataSources.IncomingMessageSuscriptionsSourceTester.CanGetById(SqlServer2008)" executed="True" result="Success" success="True" time="1.773" asserts="6" />
                                      <test-case name="ermeX.Tests.DAL.Integration.DataSources.IncomingMessageSuscriptionsSourceTester.CanGetById(Sqlite)" executed="True" result="Success" success="True" time="2.833" asserts="6" />
                                      <test-case name="ermeX.Tests.DAL.Integration.DataSources.IncomingMessageSuscriptionsSourceTester.CanGetById(SqliteInMemory)" executed="True" result="Success" success="True" time="1.797" asserts="6" />
                                    </results>
                                  </test-suite>
                                  <test-suite type="ParameterizedTest" name="CanUpdateRecord" executed="True" result="Success" success="True" time="6.202" asserts="0">
                                    <results>
                                      <test-case name="ermeX.Tests.DAL.Integration.DataSources.IncomingMessageSuscriptionsSourceTester.CanUpdateRecord(SqlServer2008)" executed="True" result="Success" success="True" time="1.858" asserts="1" />
                                      <test-case name="ermeX.Tests.DAL.Integration.DataSources.IncomingMessageSuscriptionsSourceTester.CanUpdateRecord(Sqlite)" executed="True" result="Success" success="True" time="2.302" asserts="1" />
                                      <test-case name="ermeX.Tests.DAL.Integration.DataSources.IncomingMessageSuscriptionsSourceTester.CanUpdateRecord(SqliteInMemory)" executed="True" result="Success" success="True" time="2.039" asserts="1" />
                                    </results>
                                  </test-suite>
                                  <test-suite type="ParameterizedTest" name="DontChange_Version_When_IsFromOtherComponent" executed="True" result="Success" success="True" time="6.211" asserts="0">
                                    <results>
                                      <test-case name="ermeX.Tests.DAL.Integration.DataSources.IncomingMessageSuscriptionsSourceTester.DontChange_Version_When_IsFromOtherComponent(SqlServer2008)" executed="True" result="Success" success="True" time="2.048" asserts="2" />
                                      <test-case name="ermeX.Tests.DAL.Integration.DataSources.IncomingMessageSuscriptionsSourceTester.DontChange_Version_When_IsFromOtherComponent(Sqlite)" executed="True" result="Success" success="True" time="2.670" asserts="2" />
                                      <test-case name="ermeX.Tests.DAL.Integration.DataSources.IncomingMessageSuscriptionsSourceTester.DontChange_Version_When_IsFromOtherComponent(SqliteInMemory)" executed="True" result="Success" success="True" time="1.491" asserts="2" />
                                    </results>
                                  </test-suite>
                                  <test-suite type="ParameterizedTest" name="SetsVersion_When_New" executed="True" result="Success" success="True" time="6.585" asserts="0">
                                    <results>
                                      <test-case name="ermeX.Tests.DAL.Integration.DataSources.IncomingMessageSuscriptionsSourceTester.SetsVersion_When_New(SqlServer2008)" executed="True" result="Success" success="True" time="1.763" asserts="4" />
                                      <test-case name="ermeX.Tests.DAL.Integration.DataSources.IncomingMessageSuscriptionsSourceTester.SetsVersion_When_New(Sqlite)" executed="True" result="Success" success="True" time="2.651" asserts="4" />
                                      <test-case name="ermeX.Tests.DAL.Integration.DataSources.IncomingMessageSuscriptionsSourceTester.SetsVersion_When_New(SqliteInMemory)" executed="True" result="Success" success="True" time="2.168" asserts="4" />
                                    </results>
                                  </test-suite>
                                  <test-suite type="ParameterizedTest" name="Updates_Version_When_Existing_With_Local" executed="True" result="Success" success="True" time="6.691" asserts="0">
                                    <results>
                                      <test-case name="ermeX.Tests.DAL.Integration.DataSources.IncomingMessageSuscriptionsSourceTester.Updates_Version_When_Existing_With_Local(SqlServer2008)" executed="True" result="Success" success="True" time="2.206" asserts="3" />
                                      <test-case name="ermeX.Tests.DAL.Integration.DataSources.IncomingMessageSuscriptionsSourceTester.Updates_Version_When_Existing_With_Local(Sqlite)" executed="True" result="Success" success="True" time="2.634" asserts="3" />
                                      <test-case name="ermeX.Tests.DAL.Integration.DataSources.IncomingMessageSuscriptionsSourceTester.Updates_Version_When_Existing_With_Local(SqliteInMemory)" executed="True" result="Success" success="True" time="1.850" asserts="3" />
                                    </results>
                                  </test-suite>
                                </results>
                              </test-suite>
                              <test-suite type="TestFixture" name="OutgoingMessageDataSourceTester" executed="True" result="Success" success="True" time="59.660" asserts="0">
                                <results>
                                  <test-suite type="ParameterizedTest" name="CanAddRecord" executed="True" result="Success" success="True" time="8.797" asserts="0">
                                    <results>
                                      <test-case name="ermeX.Tests.DAL.Integration.DataSources.OutgoingMessageDataSourceTester.CanAddRecord(SqlServer2008)" executed="True" result="Success" success="True" time="4.496" asserts="2" />
                                      <test-case name="ermeX.Tests.DAL.Integration.DataSources.OutgoingMessageDataSourceTester.CanAddRecord(Sqlite)" executed="True" result="Success" success="True" time="2.674" asserts="2" />
                                      <test-case name="ermeX.Tests.DAL.Integration.DataSources.OutgoingMessageDataSourceTester.CanAddRecord(SqliteInMemory)" executed="True" result="Success" success="True" time="1.623" asserts="2" />
                                    </results>
                                  </test-suite>
                                  <test-suite type="ParameterizedTest" name="CanDelete" executed="True" result="Success" success="True" time="6.801" asserts="0">
                                    <results>
                                      <test-case name="ermeX.Tests.DAL.Integration.DataSources.OutgoingMessageDataSourceTester.CanDelete(SqlServer2008)" executed="True" result="Success" success="True" time="2.169" asserts="2" />
                                      <test-case name="ermeX.Tests.DAL.Integration.DataSources.OutgoingMessageDataSourceTester.CanDelete(Sqlite)" executed="True" result="Success" success="True" time="2.736" asserts="2" />
                                      <test-case name="ermeX.Tests.DAL.Integration.DataSources.OutgoingMessageDataSourceTester.CanDelete(SqliteInMemory)" executed="True" result="Success" success="True" time="1.892" asserts="2" />
                                    </results>
                                  </test-suite>
                                  <test-suite type="ParameterizedTest" name="CanDeleteByProperty" executed="True" result="Success" success="True" time="7.156" asserts="0">
                                    <results>
                                      <test-case name="ermeX.Tests.DAL.Integration.DataSources.OutgoingMessageDataSourceTester.CanDeleteByProperty(SqlServer2008)" executed="True" result="Success" success="True" time="2.021" asserts="2" />
                                      <test-case name="ermeX.Tests.DAL.Integration.DataSources.OutgoingMessageDataSourceTester.CanDeleteByProperty(Sqlite)" executed="True" result="Success" success="True" time="3.178" asserts="2" />
                                      <test-case name="ermeX.Tests.DAL.Integration.DataSources.OutgoingMessageDataSourceTester.CanDeleteByProperty(SqliteInMemory)" executed="True" result="Success" success="True" time="1.954" asserts="2" />
                                    </results>
                                  </test-suite>
                                  <test-suite type="ParameterizedTest" name="CanGetById" executed="True" result="Success" success="True" time="7.030" asserts="0">
                                    <results>
                                      <test-case name="ermeX.Tests.DAL.Integration.DataSources.OutgoingMessageDataSourceTester.CanGetById(SqlServer2008)" executed="True" result="Success" success="True" time="2.037" asserts="7" />
                                      <test-case name="ermeX.Tests.DAL.Integration.DataSources.OutgoingMessageDataSourceTester.CanGetById(Sqlite)" executed="True" result="Success" success="True" time="2.905" asserts="7" />
                                      <test-case name="ermeX.Tests.DAL.Integration.DataSources.OutgoingMessageDataSourceTester.CanGetById(SqliteInMemory)" executed="True" result="Success" success="True" time="2.086" asserts="7" />
                                    </results>
                                  </test-suite>
                                  <test-suite type="ParameterizedTest" name="CanUpdateRecord" executed="True" result="Success" success="True" time="6.928" asserts="0">
                                    <results>
                                      <test-case name="ermeX.Tests.DAL.Integration.DataSources.OutgoingMessageDataSourceTester.CanUpdateRecord(SqlServer2008)" executed="True" result="Success" success="True" time="2.345" asserts="1" />
                                      <test-case name="ermeX.Tests.DAL.Integration.DataSources.OutgoingMessageDataSourceTester.CanUpdateRecord(Sqlite)" executed="True" result="Success" success="True" time="2.456" asserts="1" />
                                      <test-case name="ermeX.Tests.DAL.Integration.DataSources.OutgoingMessageDataSourceTester.CanUpdateRecord(SqliteInMemory)" executed="True" result="Success" success="True" time="2.062" asserts="1" />
                                    </results>
                                  </test-suite>
                                  <test-suite type="ParameterizedTest" name="DontChange_Version_When_IsFromOtherComponent" executed="True" result="Success" success="True" time="6.037" asserts="0">
                                    <results>
                                      <test-case name="ermeX.Tests.DAL.Integration.DataSources.OutgoingMessageDataSourceTester.DontChange_Version_When_IsFromOtherComponent(SqlServer2008)" executed="True" result="Success" success="True" time="1.832" asserts="2" />
                                      <test-case name="ermeX.Tests.DAL.Integration.DataSources.OutgoingMessageDataSourceTester.DontChange_Version_When_IsFromOtherComponent(Sqlite)" executed="True" result="Success" success="True" time="2.927" asserts="2" />
                                      <test-case name="ermeX.Tests.DAL.Integration.DataSources.OutgoingMessageDataSourceTester.DontChange_Version_When_IsFromOtherComponent(SqliteInMemory)" executed="True" result="Success" success="True" time="1.274" asserts="2" />
                                    </results>
                                  </test-suite>
[...]
                            </results>
                          </test-suite>
                        </results>
                      </test-suite>
                      <test-suite type="TestFixture" name="SystemDialogInfrastructureTests" executed="True" result="Success" success="True" time="1.479" asserts="0">
                        <categories>
                          <category name="Core:FunctionalTest" />
                        </categories>
                        <results>
                          <test-suite type="ParameterizedTest" name="RegistersSystemSuscriptionsStartUp" executed="True" result="Success" success="True" time="1.411" asserts="0">
                            <results>
                              <test-case name="ermeX.Tests.WorldGateTests.SystemDialogInfrastructureTests.RegistersSystemSuscriptionsStartUp(SqliteInMemory)" executed="True" result="Success" success="True" time="1.410" asserts="9" />
                            </results>
                          </test-suite>
                        </results>
                      </test-suite>
                      <test-suite type="TestFixture" name="UsingMessagesClientTests" executed="True" result="Success" success="True" time="14.525" asserts="0">
                        <categories>
                          <category name="Core:FunctionalTest" />
                        </categories>
                        <results>
                          <test-suite type="ParameterizedTest" name="BaseTypeHandler_And_ConcreteHandlerType_Receives_Inherited_Message" executed="True" result="Success" success="True" time="4.663" asserts="0">
                            <results>
                              <test-case name="ermeX.Tests.WorldGateTests.UsingMessagesClientTests.BaseTypeHandler_And_ConcreteHandlerType_Receives_Inherited_Message(SqliteInMemory)" executed="True" result="Success" success="True" time="4.663" asserts="6" />
                            </results>
                          </test-suite>
                          <test-suite type="ParameterizedTest" name="BaseTypeHandler_Receives_Inherited_Message" executed="True" result="Success" success="True" time="2.659" asserts="0">
                            <results>
                              <test-case name="ermeX.Tests.WorldGateTests.UsingMessagesClientTests.BaseTypeHandler_Receives_Inherited_Message(SqliteInMemory)" executed="True" result="Success" success="True" time="2.658" asserts="3" />
                            </results>
                          </test-suite>
                          <test-suite type="ParameterizedTest" name="Can_Receive_PublishedMessage" executed="True" result="Success" success="True" time="2.032" asserts="0">
                            <results>
                              <test-case name="ermeX.Tests.WorldGateTests.UsingMessagesClientTests.Can_Receive_PublishedMessage(SqliteInMemory)" executed="True" result="Success" success="True" time="2.032" asserts="2" />
                            </results>
                          </test-suite>
                          <test-suite type="ParameterizedTest" name="Can_Receive_Several_Messages" executed="True" result="Success" success="True" time="2.441" asserts="0">
                            <results>
                              <test-case name="ermeX.Tests.WorldGateTests.UsingMessagesClientTests.Can_Receive_Several_Messages(SqliteInMemory)" executed="True" result="Success" success="True" time="2.441" asserts="4" />
                            </results>
                          </test-suite>
                          <test-suite type="ParameterizedTest" name="InterfaceTypeHandler_And_ConcreteHandlerType_Receives_Inherited_Message" executed="True" result="Success" success="True" time="2.607" asserts="0">
                            <results>
                              <test-case name="ermeX.Tests.WorldGateTests.UsingMessagesClientTests.InterfaceTypeHandler_And_ConcreteHandlerType_Receives_Inherited_Message(SqliteInMemory)" executed="True" result="Success" success="True" time="2.606" asserts="6" />
                            </results>
                          </test-suite>
                        </results>
                      </test-suite>
                      <test-suite type="TestFixture" name="UsingServicesClientTests" executed="True" result="Success" success="True" time="12.673" asserts="0">
                        <categories>
                          <category name="Core:FunctionalTest" />
                        </categories>
                        <results>
                          <test-suite type="ParameterizedTest" name="Can_GetServiceProxy" executed="True" result="Success" success="True" time="1.432" asserts="0">
                            <results>
                              <test-case name="ermeX.Tests.WorldGateTests.UsingServicesClientTests.Can_GetServiceProxy(SqliteInMemory)" executed="True" result="Success" success="True" time="1.431" asserts="1" />
                            </results>
                          </test-suite>
                          <test-suite type="ParameterizedTest" name="Can_InvokeProxy_CustomValueType_ParameterMethod" executed="True" result="Success" success="True" time="1.663" asserts="0">
                            <results>
                              <test-case name="ermeX.Tests.WorldGateTests.UsingServicesClientTests.Can_InvokeProxy_CustomValueType_ParameterMethod(SqliteInMemory)" executed="True" result="Success" success="True" time="1.662" asserts="4" />
                            </results>
                          </test-suite>
                          <test-suite type="ParameterizedTest" name="Can_InvokeProxy_EnumType_ParameterMethod" executed="True" result="Success" success="True" time="1.492" asserts="0">
                            <results>
                              <test-case name="ermeX.Tests.WorldGateTests.UsingServicesClientTests.Can_InvokeProxy_EnumType_ParameterMethod(SqliteInMemory)" executed="True" result="Success" success="True" time="1.491" asserts="5" />
                            </results>
                          </test-suite>
                          <test-suite type="ParameterizedTest" name="Can_InvokeProxy_OneParameterMethod" executed="True" result="Success" success="True" time="1.376" asserts="0">
                            <results>
                              <test-case name="ermeX.Tests.WorldGateTests.UsingServicesClientTests.Can_InvokeProxy_OneParameterMethod(SqliteInMemory)" executed="True" result="Success" success="True" time="1.376" asserts="3" />
                            </results>
                          </test-suite>
                          <test-suite type="ParameterizedTest" name="Can_InvokeProxy_ReturnMethodOneParam" executed="True" result="Success" success="True" time="1.367" asserts="0">
                            <results>
                              <test-case name="ermeX.Tests.WorldGateTests.UsingServicesClientTests.Can_InvokeProxy_ReturnMethodOneParam(SqliteInMemory)" executed="True" result="Success" success="True" time="1.366" asserts="4" />
                            </results>
                          </test-suite>
                          <test-suite type="ParameterizedTest" name="Can_InvokeProxy_Several_ValueTypes_ParametersMethod" executed="True" result="Success" success="True" time="1.334" asserts="0">
                            <results>
                              <test-case name="ermeX.Tests.WorldGateTests.UsingServicesClientTests.Can_InvokeProxy_Several_ValueTypes_ParametersMethod(SqliteInMemory)" executed="True" result="Success" success="True" time="1.333" asserts="5" />
                            </results>
                          </test-suite>
                          <test-suite type="ParameterizedTest" name="Can_InvokeProxy_SeveralParametersMethod" executed="True" result="Success" success="True" time="1.351" asserts="0">
                            <results>
                              <test-case name="ermeX.Tests.WorldGateTests.UsingServicesClientTests.Can_InvokeProxy_SeveralParametersMethod(SqliteInMemory)" executed="True" result="Success" success="True" time="1.350" asserts="4" />
                            </results>
                          </test-suite>
                          <test-suite type="ParameterizedTest" name="Can_InvokeProxyEmptyMethod" executed="True" result="Success" success="True" time="1.333" asserts="0">
                            <results>
                              <test-case name="ermeX.Tests.WorldGateTests.UsingServicesClientTests.Can_InvokeProxyEmptyMethod(SqliteInMemory)" executed="True" result="Success" success="True" time="1.332" asserts="2" />
                            </results>
                          </test-suite>
                          <test-suite type="ParameterizedTest" name="Can_InvokeProxyReturnMethod" executed="True" result="Success" success="True" time="1.302" asserts="0">
                            <results>
                              <test-case name="ermeX.Tests.WorldGateTests.UsingServicesClientTests.Can_InvokeProxyReturnMethod(SqliteInMemory)" executed="True" result="Success" success="True" time="1.302" asserts="3" />
                            </results>
                          </test-suite>
                        </results>
                      </test-suite>
                    </results>
                  </test-suite>
                </results>
              </test-suite>
            </results>
          </test-suite>
        </results>
      </test-suite>
      <test-suite type="Assembly" name="D:\JENKINS\jobs\ermeX_Blessed\workspace\FrameworkVersion\4.0\Platform\x64\blessed\Build\ScriptsBuild\..\BuildArtifacts\Binaries\4.0\x64\Release\ermeX.Tests.NonMerged.dll" executed="True" result="Success" success="True" time="0.393" asserts="0">
        <results>
          <test-suite type="Namespace" name="ermeX" executed="True" result="Success" success="True" time="0.376" asserts="0">
            <results>
              <test-suite type="Namespace" name="Tests" executed="True" result="Success" success="True" time="0.327" asserts="0">
                <results>
                  <test-suite type="Namespace" name="NonMerged" executed="True" result="Success" success="True" time="0.325" asserts="0">
                    <results>
                      <test-suite type="TestFixture" name="ResolveUnmergedTests" executed="True" result="Success" success="True" time="0.322" asserts="0">
                        <results>
                          <test-suite type="ParameterizedTest" name="CanResolveAssembly" executed="True" result="Success" success="True" time="0.200" asserts="0">
                            <results>
                              <test-case name="ermeX.Tests.NonMerged.ResolveUnmergedTests.CanResolveAssembly(&quot;Ninject&quot;)" executed="True" result="Success" success="True" time="0.054" asserts="1" />
                              <test-case name="ermeX.Tests.NonMerged.ResolveUnmergedTests.CanResolveAssembly(&quot;System.Data.SQLite&quot;)" executed="True" result="Success" success="True" time="0.131" asserts="0" />
                            </results>
                          </test-suite>
                        </results>
                      </test-suite>
                    </results>
                  </test-suite>
                </results>
              </test-suite>
            </results>
          </test-suite>
        </results>
      </test-suite>
      <test-suite type="Assembly" name="D:\JENKINS\jobs\ermeX_Blessed\workspace\FrameworkVersion\4.0\Platform\x64\blessed\Build\ScriptsBuild\..\BuildArtifacts\Binaries\4.0\x64\Release\ermeX.Tests.SupportTypes.dll" executed="False" result="NotRunnable">
        <reason>
          <message><![CDATA[Has no TestFixtures]]></message>
        </reason>
      </test-suite>
      <test-suite type="Assembly" name="D:\JENKINS\jobs\ermeX_Blessed\workspace\FrameworkVersion\4.0\Platform\x64\blessed\Build\ScriptsBuild\..\BuildArtifacts\Binaries\4.0\x64\Release\ermeX.Tests.Threading.dll" executed="True" result="Success" success="True" time="98.186" asserts="0">
        <results>
          <test-suite type="Namespace" name="ermeX" executed="True" result="Success" success="True" time="98.165" asserts="0">
            <results>
              <test-suite type="Namespace" name="Tests" executed="True" result="Success" success="True" time="98.157" asserts="0">
                <results>
                  <test-suite type="Namespace" name="Threading" executed="True" result="Success" success="True" time="98.111" asserts="0">
                    <results>
                      <test-suite type="Namespace" name="Queues" executed="True" result="Success" success="True" time="23.618" asserts="0">
                        <results>
                          <test-suite type="TestFixture" name="TestProducerParallelConsumerPriorityQueue" executed="True" result="Success" success="True" time="8.163" asserts="0">
                            <results>
                              <test-case name="ermeX.Tests.Threading.Queues.TestProducerParallelConsumerPriorityQueue.SortsByPriority" executed="True" result="Success" success="True" time="6.074" asserts="5" />
                              <test-case name="ermeX.Tests.Threading.Queues.TestProducerParallelConsumerPriorityQueue.TestProducerConsumerQueueBase.CanEnqueueDequeue" executed="True" result="Success" success="True" time="2.028" asserts="2" />
                            </results>
                          </test-suite>
                          <test-suite type="TestFixture" name="TestProducerParallelConsumerQueue" executed="True" result="Success" success="True" time="7.865" asserts="0">
                            <results>
                              <test-case name="ermeX.Tests.Threading.Queues.TestProducerParallelConsumerQueue.Create_Threads_on_Demand" executed="True" result="Success" success="True" time="5.862" asserts="4" />
                              <test-case name="ermeX.Tests.Threading.Queues.TestProducerParallelConsumerQueue.TestProducerConsumerQueueBase.CanEnqueueDequeue" executed="True" result="Success" success="True" time="2.001" asserts="2" />
                            </results>
                          </test-suite>
                          <test-suite type="TestFixture" name="TestProducerSequentialConsumerQueue" executed="True" result="Success" success="True" time="7.538" asserts="0">
                            <results>
                              <test-case name="ermeX.Tests.Threading.Queues.TestProducerSequentialConsumerQueue.Dont_Create_Threads_on_Demand" executed="True" result="Success" success="True" time="5.272" asserts="4" />
                              <test-case name="ermeX.Tests.Threading.Queues.TestProducerSequentialConsumerQueue.TestProducerConsumerQueueBase.CanEnqueueDequeue" executed="True" result="Success" success="True" time="2.001" asserts="2" />
                              <test-case name="ermeX.Tests.Threading.Queues.TestProducerSequentialConsumerQueue.When_Handling_Fails_Item_Is_Pushed_Back_To_Queue" executed="True" result="Success" success="True" time="0.262" asserts="1" />
                            </results>
                          </test-suite>
                        </results>
                      </test-suite>
                      <test-suite type="Namespace" name="Scheduler" executed="True" result="Success" success="True" time="74.483" asserts="0">
                        <results>
                          <test-suite type="TestFixture" name="JobSchedulerTests" executed="True" result="Success" success="True" time="74.482" asserts="0">
                            <results>
                              <test-case name="ermeX.Tests.Threading.Scheduler.JobSchedulerTests.Can_Dispose_When_ScheduledJobs_Pending" executed="True" result="Success" success="True" time="5.017" asserts="1" />
                              <test-suite type="ParameterizedTest" name="Can_ScheduleJob" executed="True" result="Success" success="True" time="35.131" asserts="0">
                                <results>
                                  <test-case name="ermeX.Tests.Threading.Scheduler.JobSchedulerTests.Can_ScheduleJob(1)" executed="True" result="Success" success="True" time="1.018" asserts="3" />
                                  <test-case name="ermeX.Tests.Threading.Scheduler.JobSchedulerTests.Can_ScheduleJob(2)" executed="True" result="Success" success="True" time="2.012" asserts="3" />
                                  <test-case name="ermeX.Tests.Threading.Scheduler.JobSchedulerTests.Can_ScheduleJob(3)" executed="True" result="Success" success="True" time="3.009" asserts="3" />
                                  <test-case name="ermeX.Tests.Threading.Scheduler.JobSchedulerTests.Can_ScheduleJob(4)" executed="True" result="Success" success="True" time="4.009" asserts="3" />
                                  <test-case name="ermeX.Tests.Threading.Scheduler.JobSchedulerTests.Can_ScheduleJob(5)" executed="True" result="Success" success="True" time="5.008" asserts="3" />
                                  <test-case name="ermeX.Tests.Threading.Scheduler.JobSchedulerTests.Can_ScheduleJob(20)" executed="True" result="Success" success="True" time="20.019" asserts="3" />
                                </results>
                              </test-suite>
                              <test-suite type="ParameterizedTest" name="Can_UnScheduleJob" executed="True" result="Success" success="True" time="24.018" asserts="0">
                                <results>
                                  <test-case name="ermeX.Tests.Threading.Scheduler.JobSchedulerTests.Can_UnScheduleJob(1)" executed="True" result="Success" success="True" time="6.012" asserts="2" />
                                  <test-case name="ermeX.Tests.Threading.Scheduler.JobSchedulerTests.Can_UnScheduleJob(3)" executed="True" result="Success" success="True" time="6.000" asserts="2" />
                                  <test-case name="ermeX.Tests.Threading.Scheduler.JobSchedulerTests.Can_UnScheduleJob(5)" executed="True" result="Success" success="True" time="6.000" asserts="2" />
                                  <test-case name="ermeX.Tests.Threading.Scheduler.JobSchedulerTests.Can_UnScheduleJob(15)" executed="True" result="Success" success="True" time="6.000" asserts="2" />
                                </results>
                              </test-suite>
                              <test-case name="ermeX.Tests.Threading.Scheduler.JobSchedulerTests.CanInvoke_Past_Actions" executed="True" result="Success" success="True" time="0.048" asserts="2" />
                              <test-case name="ermeX.Tests.Threading.Scheduler.JobSchedulerTests.When_Dispose_Invoked_Non_Running_Actions_Are_Never_Started" executed="True" result="Success" success="True" time="5.252" asserts="1" />
                              <test-case name="ermeX.Tests.Threading.Scheduler.JobSchedulerTests.When_Dispose_Invoked_Waits_Running_ActionsToFinish" executed="True" result="Success" success="True" time="5.003" asserts="2" />
                            </results>
                          </test-suite>
                        </results>
                      </test-suite>
                    </results>
                  </test-suite>
                </results>
              </test-suite>
            </results>
          </test-suite>
        </results>
      </test-suite>
    </results>
  </test-suite>
</test-results>